Unity Editor version:    2022.3.10f1 (ff3792e53c62)
Branch:                  2022.3/staging
Build type:              Release
Batch mode:              YES
System name:             Linux
Distro version:          #38~22.04.1-Ubuntu SMP PREEMPT_DYNAMIC Thu Nov  2 18:01:13 UTC 2
Kernel version:          6.2.0-37-generic
Architecture:            x86_64
Available memory:        31811 MB
Using pre-set license
Pro License: YES
Desktop is 3840 x 2400 @ 60 Hz
Initialize udev device monitor.

COMMAND LINE ARGUMENTS:
Unity
-adb2
-batchMode
-noUpm
-name
AssetImportWorker6
-projectPath
/home/khajzner/Documents/GitHub/gaming-coursework/Gaming Coursework
-logFile
Logs/AssetImportWorker6.log
-srvPort
41791
Successfully changed project path to: /home/khajzner/Documents/GitHub/gaming-coursework/Gaming Coursework
/home/khajzner/Documents/GitHub/gaming-coursework/Gaming Coursework
[UnityMemory] Configuration Parameters - Can be set up in boot.config
    "memorysetup-bucket-allocator-granularity=16"
    "memorysetup-bucket-allocator-bucket-count=8"
    "memorysetup-bucket-allocator-block-size=33554432"
    "memorysetup-bucket-allocator-block-count=8"
    "memorysetup-main-allocator-block-size=16777216"
    "memorysetup-thread-allocator-block-size=16777216"
    "memorysetup-gfx-main-allocator-block-size=16777216"
    "memorysetup-gfx-thread-allocator-block-size=16777216"
    "memorysetup-cache-allocator-block-size=4194304"
    "memorysetup-typetree-allocator-block-size=2097152"
    "memorysetup-profiler-bucket-allocator-granularity=16"
    "memorysetup-profiler-bucket-allocator-bucket-count=8"
    "memorysetup-profiler-bucket-allocator-block-size=33554432"
    "memorysetup-profiler-bucket-allocator-block-count=8"
    "memorysetup-profiler-allocator-block-size=16777216"
    "memorysetup-profiler-editor-allocator-block-size=1048576"
    "memorysetup-temp-allocator-size-main=16777216"
    "memorysetup-job-temp-allocator-block-size=2097152"
    "memorysetup-job-temp-allocator-block-size-background=1048576"
    "memorysetup-job-temp-allocator-reduction-small-platforms=262144"
    "memorysetup-allocator-temp-initial-block-size-main=262144"
    "memorysetup-allocator-temp-initial-block-size-worker=262144"
    "memorysetup-temp-allocator-size-background-worker=32768"
    "memorysetup-temp-allocator-size-job-worker=262144"
    "memorysetup-temp-allocator-size-preload-manager=33554432"
    "memorysetup-temp-allocator-size-nav-mesh-worker=65536"
    "memorysetup-temp-allocator-size-audio-worker=65536"
    "memorysetup-temp-allocator-size-cloud-worker=32768"
    "memorysetup-temp-allocator-size-gi-baking-worker=262144"
    "memorysetup-temp-allocator-size-gfx=262144"
GetLocalIP: Error during connect: Network is unreachable
Player connection [139763923071936] Host "[IP] 172.19.0.1 [Port] 0 [Flags] 2 [Guid] 699386552 [EditorId] 699386552 [Version] 1048832 [Id] LinuxEditor(16,172.19.0.1) [Debug] 1 [PackageName] LinuxEditor [ProjectName] Editor" joined multi-casting on [225.0.0.222:54997]...

Player connection [139763923071936] Host "[IP] 172.19.0.1 [Port] 0 [Flags] 2 [Guid] 699386552 [EditorId] 699386552 [Version] 1048832 [Id] LinuxEditor(16,172.19.0.1) [Debug] 1 [PackageName] LinuxEditor [ProjectName] Editor" joined alternative multi-casting on [225.0.0.222:34997]...

[Physics::Module] Initialized MultithreadedJobDispatcher with 15 workers.
Refreshing native plugins compatible for Editor in 2,96 ms, found 1 plugins.
Preloading 0 native plugins for Editor in 0,00 ms.
Initialize engine version: 2022.3.10f1 (ff3792e53c62)
[Subsystems] Discovering subsystems at path /home/khajzner/Unity/Hub/Editor/2022.3.10f1/Editor/Data/Resources/UnitySubsystems
[Subsystems] Discovering subsystems at path /home/khajzner/Documents/GitHub/gaming-coursework/Gaming Coursework/Assets
GLX Extensions: GLX_ARB_context_flush_control GLX_ARB_create_context GLX_ARB_create_context_no_error GLX_ARB_create_context_profile GLX_ARB_create_context_robustness GLX_ARB_fbconfig_float GLX_ARB_framebuffer_sRGB GLX_ARB_get_proc_address GLX_ARB_multisample GLX_EXT_buffer_age GLX_EXT_create_context_es2_profile GLX_EXT_create_context_es_profile GLX_EXT_fbconfig_packed_float GLX_EXT_framebuffer_sRGB GLX_EXT_no_config_context GLX_EXT_swap_control GLX_EXT_swap_control_tear GLX_EXT_texture_from_pixmap GLX_EXT_visual_info GLX_EXT_visual_rating GLX_MESA_copy_sub_buffer GLX_MESA_query_renderer GLX_MESA_swap_control GLX_OML_swap_method GLX_OML_sync_control GLX_SGIS_multisample GLX_SGIX_fbconfig GLX_SGIX_pbuffer GLX_SGIX_visual_select_group GLX_SGI_make_current_read GLX_SGI_video_sync 
Renderer: Mesa Intel(R) UHD Graphics (TGL GT1)
Vendor:   Intel
Version:  4.6 (Core Profile) Mesa 23.0.4-0ubuntu1~22.04.1
GLES:     0
 GL_3DFX_texture_compression_FXT1 GL_AMD_conservative_depth GL_AMD_depth_clamp_separate GL_AMD_draw_buffers_blend GL_AMD_gpu_shader_int64 GL_AMD_multi_draw_indirect GL_AMD_performance_monitor GL_AMD_pinned_memory GL_AMD_query_buffer_object GL_AMD_seamless_cubemap_per_texture GL_AMD_shader_stencil_export GL_AMD_shader_trinary_minmax GL_AMD_texture_texture4 GL_AMD_vertex_shader_layer GL_AMD_vertex_shader_viewport_index GL_ANGLE_texture_compression_dxt3 GL_ANGLE_texture_compression_dxt5 GL_ARB_ES2_compatibility GL_ARB_ES3_1_compatibility GL_ARB_ES3_2_compatibility GL_ARB_ES3_compatibility GL_ARB_arrays_of_arrays GL_ARB_base_instance GL_ARB_blend_func_extended GL_ARB_buffer_storage GL_ARB_clear_buffer_object GL_ARB_clear_texture GL_ARB_clip_control GL_ARB_compressed_texture_pixel_storage GL_ARB_compute_shader GL_ARB_compute_variable_group_size GL_ARB_conditional_render_inverted GL_ARB_conservative_depth GL_ARB_copy_buffer GL_ARB_copy_image GL_ARB_cull_distance GL_ARB_debug_output GL_ARB_depth_buffer_float GL_ARB
_depth_clamp GL_ARB_derivative_control GL_ARB_direct_state_access GL_ARB_draw_buffers GL_ARB_draw_buffers_blend GL_ARB_draw_elements_base_vertex GL_ARB_draw_indirect GL_ARB_draw_instanced GL_ARB_enhanced_layouts GL_ARB_explicit_attrib_location GL_ARB_explicit_uniform_location GL_ARB_fragment_coord_conventions GL_ARB_fragment_layer_viewport GL_ARB_fragment_shader GL_ARB_fragment_shader_interlock GL_ARB_framebuffer_no_attachments GL_ARB_framebuffer_object GL_ARB_framebuffer_sRGB GL_ARB_get_program_binary GL_ARB_get_texture_sub_image GL_ARB_gl_spirv GL_ARB_gpu_shader5 GL_ARB_gpu_shader_fp64 GL_ARB_gpu_shader_int64 GL_ARB_half_float_pixel GL_ARB_half_float_vertex GL_ARB_indirect_parameters GL_ARB_instanced_arrays GL_ARB_internalformat_query GL_ARB_internalformat_query2 GL_ARB_invalidate_subdata GL_ARB_map_buffer_alignment GL_ARB_map_buffer_range GL_ARB_multi_bind GL_ARB_multi_draw_indirect GL_ARB_occlusion_query2 GL_ARB_parallel_shader_compile GL_ARB_pipeline_statistics_query GL_ARB_pixel_buffer_object GL_ARB_po
int_sprite GL_ARB_polygon_offset_clamp GL_ARB_post_depth_coverage GL_ARB_program_interface_query GL_ARB_provoking_vertex GL_ARB_query_buffer_object GL_ARB_robust_buffer_access_behavior GL_ARB_robustness GL_ARB_sample_shading GL_ARB_sampler_objects GL_ARB_seamless_cube_map GL_ARB_seamless_cubemap_per_texture GL_ARB_separate_shader_objects GL_ARB_shader_atomic_counter_ops GL_ARB_shader_atomic_counters GL_ARB_shader_ballot GL_ARB_shader_bit_encoding GL_ARB_shader_clock GL_ARB_shader_draw_parameters GL_ARB_shader_group_vote GL_ARB_shader_image_load_store GL_ARB_shader_image_size GL_ARB_shader_objects GL_ARB_shader_precision GL_ARB_shader_stencil_export GL_ARB_shader_storage_buffer_object GL_ARB_shader_subroutine GL_ARB_shader_texture_image_samples GL_ARB_shader_texture_lod GL_ARB_shader_viewport_layer_array GL_ARB_shading_language_420pack GL_ARB_shading_language_include GL_ARB_shading_language_packing GL_ARB_spirv_extensions GL_ARB_stencil_texturing GL_ARB_sync GL_ARB_tessellation_shader GL_ARB_texture_barrier G
L_ARB_texture_buffer_object GL_ARB_texture_buffer_object_rgb32 GL_ARB_texture_buffer_range GL_ARB_texture_compression_bptc GL_ARB_texture_compression_rgtc GL_ARB_texture_cube_map_array GL_ARB_texture_filter_anisotropic GL_ARB_texture_float GL_ARB_texture_gather GL_ARB_texture_mirror_clamp_to_edge GL_ARB_texture_multisample GL_ARB_texture_non_power_of_two GL_ARB_texture_query_levels GL_ARB_texture_query_lod GL_ARB_texture_rectangle GL_ARB_texture_rg GL_ARB_texture_rgb10_a2ui GL_ARB_texture_stencil8 GL_ARB_texture_storage GL_ARB_texture_storage_multisample GL_ARB_texture_swizzle GL_ARB_texture_view GL_ARB_timer_query GL_ARB_transform_feedback2 GL_ARB_transform_feedback3 GL_ARB_transform_feedback_instanced GL_ARB_transform_feedback_overflow_query GL_ARB_uniform_buffer_object GL_ARB_vertex_array_bgra GL_ARB_vertex_array_object GL_ARB_vertex_attrib_64bit GL_ARB_vertex_attrib_binding GL_ARB_vertex_buffer_object GL_ARB_vertex_shader GL_ARB_vertex_type_10f_11f_11f_rev GL_ARB_vertex_type_2_10_10_10_rev GL_ARB_viewpor
t_array GL_ATI_blend_equation_separate GL_ATI_texture_float GL_EXT_EGL_image_storage GL_EXT_EGL_sync GL_EXT_abgr GL_EXT_blend_equation_separate GL_EXT_debug_label GL_EXT_demote_to_helper_invocation GL_EXT_depth_bounds_test GL_EXT_draw_buffers2 GL_EXT_draw_instanced GL_EXT_framebuffer_blit GL_EXT_framebuffer_multisample GL_EXT_framebuffer_multisample_blit_scaled GL_EXT_framebuffer_object GL_EXT_framebuffer_sRGB GL_EXT_memory_object GL_EXT_memory_object_fd GL_EXT_packed_depth_stencil GL_EXT_packed_float GL_EXT_pixel_buffer_object GL_EXT_polygon_offset_clamp GL_EXT_provoking_vertex GL_EXT_semaphore GL_EXT_semaphore_fd GL_EXT_shader_framebuffer_fetch GL_EXT_shader_framebuffer_fetch_non_coherent GL_EXT_shader_integer_mix GL_EXT_shader_samples_identical GL_EXT_texture_array GL_EXT_texture_compression_dxt1 GL_EXT_texture_compression_rgtc GL_EXT_texture_compression_s3tc GL_EXT_texture_filter_anisotropic GL_EXT_texture_integer GL_EXT_texture_sRGB GL_EXT_texture_sRGB_R8 GL_EXT_texture_sRGB_decode GL_EXT_texture_shadow
_lod GL_EXT_texture_shared_exponent GL_EXT_texture_snorm GL_EXT_texture_swizzle GL_EXT_timer_query GL_EXT_transform_feedback GL_EXT_vertex_array_bgra GL_EXT_vertex_attrib_64bit GL_IBM_multimode_draw_arrays GL_INTEL_blackhole_render GL_INTEL_conservative_rasterization GL_INTEL_performance_query GL_INTEL_shader_atomic_float_minmax GL_INTEL_shader_integer_functions2 GL_KHR_blend_equation_advanced GL_KHR_blend_equation_advanced_coherent GL_KHR_context_flush_control GL_KHR_debug GL_KHR_no_error GL_KHR_parallel_shader_compile GL_KHR_robust_buffer_access_behavior GL_KHR_robustness GL_KHR_texture_compression_astc_ldr GL_KHR_texture_compression_astc_sliced_3d GL_MESA_framebuffer_flip_y GL_MESA_pack_invert GL_MESA_shader_integer_functions GL_MESA_texture_signed_rgba GL_NV_alpha_to_coverage_dither_control GL_NV_compute_shader_derivatives GL_NV_conditional_render GL_NV_copy_image GL_NV_depth_clamp GL_NV_fragment_shader_interlock GL_NV_packed_depth_stencil GL_NV_texture_barrier GL_OES_EGL_image GL_S3_s3tc
OPENGL LOG: Creating OpenGL 4.6 graphics device ; Context level  <OpenGL 4.5> ; Context handle -1660962048
Initialize mono
Mono path[0] = '/home/khajzner/Unity/Hub/Editor/2022.3.10f1/Editor/Data/Managed'
Mono path[1] = '/home/khajzner/Unity/Hub/Editor/2022.3.10f1/Editor/Data/MonoBleedingEdge/lib/mono/unityjit-linux'
Mono config path = '/home/khajzner/Unity/Hub/Editor/2022.3.10f1/Editor/Data/MonoBleedingEdge/etc'
Using monoOptions --debugger-agent=transport=dt_socket,embedding=1,server=y,suspend=n,address=127.0.0.1:56123
Begin MonoManager ReloadAssembly
Registering precompiled unity dll's ...
Register platform support module: /home/khajzner/Unity/Hub/Editor/2022.3.10f1/Editor/Data/PlaybackEngines/WebGLSupport/UnityEditor.WebGL.Extensions.dll
Register platform support module: /home/khajzner/Unity/Hub/Editor/2022.3.10f1/Editor/Data/PlaybackEngines/LinuxStandaloneSupport/UnityEditor.LinuxStandalone.Extensions.dll
Registered in 0,007597 seconds.
- Loaded All Assemblies, in  0,382 seconds
Native extension for LinuxStandalone target not found
Native extension for WebGL target not found
Mono: successfully reloaded assembly
- Finished resetting the current domain, in  0,315 seconds
Domain Reload Profiling: 696ms
	BeginReloadAssembly (82ms)
		ExecutionOrderSort (0ms)
		DisableScriptedObjects (0ms)
		BackupInstance (0ms)
		ReleaseScriptingObjects (0ms)
		CreateAndSetChildDomain (1ms)
	RebuildCommonClasses (40ms)
	RebuildNativeTypeToScriptingClass (14ms)
	initialDomainReloadingComplete (67ms)
	LoadAllAssembliesAndSetupDomain (179ms)
		LoadAssemblies (81ms)
		RebuildTransferFunctionScriptingTraits (0ms)
		AnalyzeDomain (177ms)
			TypeCache.Refresh (175ms)
				TypeCache.ScanAssembly (156ms)
			ScanForSourceGeneratedMonoScriptInfo (1ms)
			ResolveRequiredComponents (1ms)
	FinalizeReload (315ms)
		ReleaseScriptCaches (0ms)
		RebuildScriptCaches (0ms)
		SetupLoadedEditorAssemblies (227ms)
			LogAssemblyErrors (0ms)
			InitializePlatformSupportModulesInManaged (12ms)
			SetLoadedEditorAssemblies (7ms)
			RefreshPlugins (0ms)
			BeforeProcessingInitializeOnLoad (3ms)
			ProcessInitializeOnLoadAttributes (156ms)
			ProcessInitializeOnLoadMethodAttributes (50ms)
			AfterProcessingInitializeOnLoad (0ms)
			EditorAssembliesLoaded (0ms)
		ExecutionOrderSort2 (0ms)
		AwakeInstancesAfterBackupRestoration (0ms)
========================================================================
Worker process is ready to serve import requests
Begin MonoManager ReloadAssembly
- Loaded All Assemblies, in  0,540 seconds
Refreshing native plugins compatible for Editor in 1,72 ms, found 1 plugins.
Native extension for LinuxStandalone target not found
Native extension for WebGL target not found
Package Manager log level set to [2]
[Package Manager] Server::EnsureServerProcessIsRunning -- launch failed, reason: Unity was launched with the -noUpm command-line argument
[Package Manager] UpmClient::Send -- Unable to send message (not connected to UPM process).
[Package Manager] Cannot connect to Unity Package Manager local server
Mono: successfully reloaded assembly
- Finished resetting the current domain, in  0,666 seconds
Domain Reload Profiling: 1207ms
	BeginReloadAssembly (131ms)
		ExecutionOrderSort (0ms)
		DisableScriptedObjects (6ms)
		BackupInstance (0ms)
		ReleaseScriptingObjects (0ms)
		CreateAndSetChildDomain (27ms)
	RebuildCommonClasses (37ms)
	RebuildNativeTypeToScriptingClass (7ms)
	initialDomainReloadingComplete (45ms)
	LoadAllAssembliesAndSetupDomain (319ms)
		LoadAssemblies (222ms)
		RebuildTransferFunctionScriptingTraits (0ms)
		AnalyzeDomain (155ms)
			TypeCache.Refresh (130ms)
				TypeCache.ScanAssembly (116ms)
			ScanForSourceGeneratedMonoScriptInfo (19ms)
			ResolveRequiredComponents (4ms)
	FinalizeReload (667ms)
		ReleaseScriptCaches (0ms)
		RebuildScriptCaches (0ms)
		SetupLoadedEditorAssemblies (482ms)
			LogAssemblyErrors (0ms)
			InitializePlatformSupportModulesInManaged (7ms)
			SetLoadedEditorAssemblies (6ms)
			RefreshPlugins (0ms)
			BeforeProcessingInitializeOnLoad (71ms)
			ProcessInitializeOnLoadAttributes (341ms)
			ProcessInitializeOnLoadMethodAttributes (54ms)
			AfterProcessingInitializeOnLoad (4ms)
			EditorAssembliesLoaded (0ms)
		ExecutionOrderSort2 (0ms)
		AwakeInstancesAfterBackupRestoration (6ms)
Launched and connected shader compiler UnityShaderCompiler after 0.01 seconds
Refreshing native plugins compatible for Editor in 1,59 ms, found 1 plugins.
Preloading 0 native plugins for Editor in 0,00 ms.
Unloading 4075 Unused Serialized files (Serialized files now loaded: 0)
Unloading 70 unused Assets / (173,6 KB). Loaded Objects now: 4532.
Memory consumption went from 137,8 MB to 137,7 MB.
Total: 6,558838 ms (FindLiveObjects: 0,514064 ms CreateObjectMapping: 0,297451 ms MarkObjects: 5,162359 ms  DeleteObjects: 0,582698 ms)

AssetImportParameters requested are different than current active one (requested -> active):
  custom:container-demuxer-ogg: 62fdf1f143b41e24485cea50d1cbac27 -> 
  custom:video-decoder-ogg-theora: a1e56fd34408186e4bbccfd4996cb3dc -> 
  custom:CustomObjectIndexerAttribute: 306bfa6df2d96854e1ebb52f3ddacab7 -> 
  custom:container-demuxer-webm: 4f35f7cbe854078d1ac9338744f61a02 -> 
  custom:container-muxer-webm: aa71ff27fc2769a1b78a27578f13a17b -> 
  custom:video-decoder-webm-vp8: 9c59270c3fd7afecdb556c50c9e8de78 -> 
  custom:SearchIndexIgnoredProperties: e643bd26f0fe6173181afceb89e7c659 -> 
  custom:AudioImporter_EditorPlatform: 2f0ff77a95e0ac474e3e8eeba4e2f7cb -> 
  custom:scripting/monoscript/fileName/MoveBackground.cs: c70bc306579e6f313656e637714969d3 -> 
  custom:scripting/monoscript/fileName/Bandit.cs: ca1d73c4f52e2ca39eaf8f2ec521b8f3 -> 
  custom:video-encoder-webm-vp8: eb34c28f22e8b96e1ab97ce403110664 -> 
  custom:audio-decoder-ogg-vorbis: bf7c407c2cedff20999df2af8eb42d56 -> 
  custom:scripting/monoscript/fileName/Sensor_Bandit.cs: b82e7b91239162915bd4535dd2e23f94 -> 
  custom:audio-encoder-webm-vorbis: bf7c407c2cedff20999df2af8eb42d56 -> 
========================================================================
Received Import Request.
  Time since last request: 1171,659097 seconds.
  path: Assets/UnityAssets/Gothicvania-Town/Art/Sprites/woman-walk/woman-walk-2.png
  artifactKey: Guid(cbffcc849feea4090b7ad074cbb72a44) Importer(815301076,1909f56bfc062723c751e8b465ee728b)
Start importing Assets/UnityAssets/Gothicvania-Town/Art/Sprites/woman-walk/woman-walk-2.png using Guid(cbffcc849feea4090b7ad074cbb72a44) Importer(815301076,1909f56bfc062723c751e8b465ee728b)  -> (artifact id: 'b9f63dd6ec028a5dfb3a304f2f076434') in 0,188131 seconds
Number of updated asset objects reloaded before import = 0
Number of asset objects unloaded after import = 3
========================================================================
Received Import Request.
  Time since last request: 2,710506 seconds.
  path: Assets/UnityAssets/Gothicvania-Town/Art/Environment/Background/middleground.png
  artifactKey: Guid(18d15b4b582144993b910b1470865a1d) Importer(815301076,1909f56bfc062723c751e8b465ee728b)
Start importing Assets/UnityAssets/Gothicvania-Town/Art/Environment/Background/middleground.png using Guid(18d15b4b582144993b910b1470865a1d) Importer(815301076,1909f56bfc062723c751e8b465ee728b)  -> (artifact id: '4aac1110e12da2c16499adc24bb5fd46') in 0,037640 seconds
Number of updated asset objects reloaded before import = 0
Number of asset objects unloaded after import = 3
========================================================================
Received Import Request.
  Time since last request: 1,959702 seconds.
  path: Assets/UnityAssets/Gothicvania-Town/Art/Environment/props-sliced/crate-stack.png
  artifactKey: Guid(5511879193aae49419cd6daa384e4e0e) Importer(815301076,1909f56bfc062723c751e8b465ee728b)
Start importing Assets/UnityAssets/Gothicvania-Town/Art/Environment/props-sliced/crate-stack.png using Guid(5511879193aae49419cd6daa384e4e0e) Importer(815301076,1909f56bfc062723c751e8b465ee728b)  -> (artifact id: 'c092fef9f47dd568e97ea2bed03512df') in 0,042992 seconds
Number of updated asset objects reloaded before import = 0
Number of asset objects unloaded after import = 3
========================================================================
Received Import Request.
  Time since last request: 0,000015 seconds.
  path: Assets/UnityAssets/Gothicvania-Town/Art/Environment/props-sliced/sign.png
  artifactKey: Guid(799dd867b58aa4efd917360b1747174a) Importer(815301076,1909f56bfc062723c751e8b465ee728b)
Start importing Assets/UnityAssets/Gothicvania-Town/Art/Environment/props-sliced/sign.png using Guid(799dd867b58aa4efd917360b1747174a) Importer(815301076,1909f56bfc062723c751e8b465ee728b)  -> (artifact id: '13c0364ef0f3dc48ec979c063ffc96f3') in 0,048166 seconds
Number of updated asset objects reloaded before import = 0
Number of asset objects unloaded after import = 3
========================================================================
Received Import Request.
  Time since last request: 0,000056 seconds.
  path: Assets/UnityAssets/Gothicvania-Town/Art/Environment/props-sliced/street-lamp.png
  artifactKey: Guid(4f21d02d3ca1c4521bbeffb4c158b72e) Importer(815301076,1909f56bfc062723c751e8b465ee728b)
Start importing Assets/UnityAssets/Gothicvania-Town/Art/Environment/props-sliced/street-lamp.png using Guid(4f21d02d3ca1c4521bbeffb4c158b72e) Importer(815301076,1909f56bfc062723c751e8b465ee728b)  -> (artifact id: 'a666a674d64cad13ec90287620738592') in 0,036666 seconds
Number of updated asset objects reloaded before import = 0
Number of asset objects unloaded after import = 3
========================================================================
Received Import Request.
  Time since last request: 4,821066 seconds.
  path: Assets/UnityAssets/Gothicvania-Town/Art/Environment/sliced-tileset/ground-b.png
  artifactKey: Guid(c1a385a8c5e9341289e2da2aee5323e4) Importer(815301076,1909f56bfc062723c751e8b465ee728b)
Start importing Assets/UnityAssets/Gothicvania-Town/Art/Environment/sliced-tileset/ground-b.png using Guid(c1a385a8c5e9341289e2da2aee5323e4) Importer(815301076,1909f56bfc062723c751e8b465ee728b)  -> (artifact id: 'bcd17daeace7511601ea9556ca9482fe') in 0,030257 seconds
Number of updated asset objects reloaded before import = 0
Number of asset objects unloaded after import = 3
========================================================================
Received Import Request.
  Time since last request: 0,000018 seconds.
  path: Assets/UnityAssets/Gothicvania-Town/Art/Environment/sliced-tileset/top-left-wood.png
  artifactKey: Guid(2cc76c8c4b12247ccb7a15d03fef738b) Importer(815301076,1909f56bfc062723c751e8b465ee728b)
Start importing Assets/UnityAssets/Gothicvania-Town/Art/Environment/sliced-tileset/top-left-wood.png using Guid(2cc76c8c4b12247ccb7a15d03fef738b) Importer(815301076,1909f56bfc062723c751e8b465ee728b)  -> (artifact id: 'f933cd65a0ee13e99138616306c3ccf8') in 0,028215 seconds
Number of updated asset objects reloaded before import = 0
Number of asset objects unloaded after import = 3
========================================================================
Received Import Request.
  Time since last request: 0,000016 seconds.
  path: Assets/UnityAssets/Gothicvania-Town/Art/Environment/sliced-tileset/right-corner.png
  artifactKey: Guid(af4e3be53e9b641998a9eace67f71d7c) Importer(815301076,1909f56bfc062723c751e8b465ee728b)
Start importing Assets/UnityAssets/Gothicvania-Town/Art/Environment/sliced-tileset/right-corner.png using Guid(af4e3be53e9b641998a9eace67f71d7c) Importer(815301076,1909f56bfc062723c751e8b465ee728b)  -> (artifact id: '3d0fe5d3ccd96acabbfa742bf859b8e1') in 0,048666 seconds
Number of updated asset objects reloaded before import = 0
Number of asset objects unloaded after import = 3
========================================================================
Received Import Request.
  Time since last request: 0,000027 seconds.
  path: Assets/UnityAssets/Gothicvania-Town/Art/Environment/sliced-tileset/slope.png
  artifactKey: Guid(c043f24078d794ba4a8c62481c41f102) Importer(815301076,1909f56bfc062723c751e8b465ee728b)
Start importing Assets/UnityAssets/Gothicvania-Town/Art/Environment/sliced-tileset/slope.png using Guid(c043f24078d794ba4a8c62481c41f102) Importer(815301076,1909f56bfc062723c751e8b465ee728b)  -> (artifact id: 'c030cf88e3eb72e46ad5e87ce739ecd1') in 0,032397 seconds
Number of updated asset objects reloaded before import = 0
Number of asset objects unloaded after import = 3
========================================================================
Received Import Request.
  Time since last request: 0,000046 seconds.
  path: Assets/UnityAssets/Gothicvania-Town/Art/Environment/sliced-tileset/wood-legs.png
  artifactKey: Guid(d6f3eaee1d2e043658f43a5ae7600886) Importer(815301076,1909f56bfc062723c751e8b465ee728b)
Start importing Assets/UnityAssets/Gothicvania-Town/Art/Environment/sliced-tileset/wood-legs.png using Guid(d6f3eaee1d2e043658f43a5ae7600886) Importer(815301076,1909f56bfc062723c751e8b465ee728b)  -> (artifact id: 'fe901921aed1dd66fc39faa50252b623') in 0,034277 seconds
Number of updated asset objects reloaded before import = 0
Number of asset objects unloaded after import = 3
========================================================================
Received Import Request.
  Time since last request: 0,000051 seconds.
  path: Assets/UnityAssets/Gothicvania-Town/Art/Environment/sliced-tileset/stairs-right.png
  artifactKey: Guid(d9f50f119881d4482b730509af83ef67) Importer(815301076,1909f56bfc062723c751e8b465ee728b)
Start importing Assets/UnityAssets/Gothicvania-Town/Art/Environment/sliced-tileset/stairs-right.png using Guid(d9f50f119881d4482b730509af83ef67) Importer(815301076,1909f56bfc062723c751e8b465ee728b)  -> (artifact id: 'fece5baf16707f6cb8a204e6e818877e') in 0,029317 seconds
Number of updated asset objects reloaded before import = 0
Number of asset objects unloaded after import = 3
========================================================================
Received Import Request.
  Time since last request: 0,000098 seconds.
  path: Assets/UnityAssets/Gothicvania-Town/Art/Environment/sliced-tileset/stairs-mirror-right.png
  artifactKey: Guid(0da3760f971774ab2b579f57ea9d257e) Importer(815301076,1909f56bfc062723c751e8b465ee728b)
Start importing Assets/UnityAssets/Gothicvania-Town/Art/Environment/sliced-tileset/stairs-mirror-right.png using Guid(0da3760f971774ab2b579f57ea9d257e) Importer(815301076,1909f56bfc062723c751e8b465ee728b)  -> (artifact id: 'bc447bbdc35c3c6f91d7841101249a6c') in 0,032760 seconds
Number of updated asset objects reloaded before import = 0
Number of asset objects unloaded after import = 3
========================================================================
Received Import Request.
  Time since last request: 0,000087 seconds.
  path: Assets/UnityAssets/Gothicvania-Town/Art/Environment/sliced-tileset/stairs-left.png
  artifactKey: Guid(9b3f5e3b1c9ca42abbd9656c79a457c1) Importer(815301076,1909f56bfc062723c751e8b465ee728b)
Start importing Assets/UnityAssets/Gothicvania-Town/Art/Environment/sliced-tileset/stairs-left.png using Guid(9b3f5e3b1c9ca42abbd9656c79a457c1) Importer(815301076,1909f56bfc062723c751e8b465ee728b)  -> (artifact id: '33ef638a0f96136c802e7c15dcffa019') in 0,030778 seconds
Number of updated asset objects reloaded before import = 0
Number of asset objects unloaded after import = 3
========================================================================
Received Import Request.
  Time since last request: 0,000016 seconds.
  path: Assets/UnityAssets/Gothicvania-Town/Art/Environment/sliced-tileset/stairs-wall-mirror.png
  artifactKey: Guid(8d62eb9e1c1cf4f189a234c4d966ab8b) Importer(815301076,1909f56bfc062723c751e8b465ee728b)
Start importing Assets/UnityAssets/Gothicvania-Town/Art/Environment/sliced-tileset/stairs-wall-mirror.png using Guid(8d62eb9e1c1cf4f189a234c4d966ab8b) Importer(815301076,1909f56bfc062723c751e8b465ee728b)  -> (artifact id: 'b39bbf54d67746889c6ae4959be250e4') in 0,051331 seconds
Number of updated asset objects reloaded before import = 0
Number of asset objects unloaded after import = 3
========================================================================
Received Prepare
Begin MonoManager ReloadAssembly
- Loaded All Assemblies, in  0,406 seconds
Refreshing native plugins compatible for Editor in 1,79 ms, found 1 plugins.
Native extension for LinuxStandalone target not found
Native extension for WebGL target not found
[Package Manager] Server::EnsureServerProcessIsRunning -- launch failed, reason: Unity was launched with the -noUpm command-line argument
[Package Manager] UpmClient::Send -- Unable to send message (not connected to UPM process).
[Package Manager] Cannot connect to Unity Package Manager local server
Mono: successfully reloaded assembly
- Finished resetting the current domain, in  0,828 seconds
Domain Reload Profiling: 1234ms
	BeginReloadAssembly (131ms)
		ExecutionOrderSort (0ms)
		DisableScriptedObjects (12ms)
		BackupInstance (0ms)
		ReleaseScriptingObjects (0ms)
		CreateAndSetChildDomain (40ms)
	RebuildCommonClasses (35ms)
	RebuildNativeTypeToScriptingClass (8ms)
	initialDomainReloadingComplete (29ms)
	LoadAllAssembliesAndSetupDomain (201ms)
		LoadAssemblies (224ms)
		RebuildTransferFunctionScriptingTraits (0ms)
		AnalyzeDomain (28ms)
			TypeCache.Refresh (11ms)
				TypeCache.ScanAssembly (1ms)
			ScanForSourceGeneratedMonoScriptInfo (11ms)
			ResolveRequiredComponents (5ms)
	FinalizeReload (829ms)
		ReleaseScriptCaches (0ms)
		RebuildScriptCaches (0ms)
		SetupLoadedEditorAssemblies (450ms)
			LogAssemblyErrors (0ms)
			InitializePlatformSupportModulesInManaged (8ms)
			SetLoadedEditorAssemblies (8ms)
			RefreshPlugins (0ms)
			BeforeProcessingInitializeOnLoad (81ms)
			ProcessInitializeOnLoadAttributes (311ms)
			ProcessInitializeOnLoadMethodAttributes (37ms)
			AfterProcessingInitializeOnLoad (5ms)
			EditorAssembliesLoaded (0ms)
		ExecutionOrderSort2 (0ms)
		AwakeInstancesAfterBackupRestoration (12ms)
Refreshing native plugins compatible for Editor in 1,69 ms, found 1 plugins.
Preloading 0 native plugins for Editor in 0,00 ms.
Unloading 4056 Unused Serialized files (Serialized files now loaded: 0)
Unloading 42 unused Assets / (155,1 KB). Loaded Objects now: 4565.
Memory consumption went from 135,3 MB to 135,2 MB.
Total: 4,780873 ms (FindLiveObjects: 0,436997 ms CreateObjectMapping: 0,240744 ms MarkObjects: 3,936242 ms  DeleteObjects: 0,164716 ms)

Prepare: number of updated asset objects reloaded= 0
AssetImportParameters requested are different than current active one (requested -> active):
  custom:container-demuxer-ogg: 62fdf1f143b41e24485cea50d1cbac27 -> 
  custom:video-decoder-ogg-theora: a1e56fd34408186e4bbccfd4996cb3dc -> 
  custom:CustomObjectIndexerAttribute: 306bfa6df2d96854e1ebb52f3ddacab7 -> 
  custom:container-demuxer-webm: 4f35f7cbe854078d1ac9338744f61a02 -> 
  custom:container-muxer-webm: aa71ff27fc2769a1b78a27578f13a17b -> 
  custom:video-decoder-webm-vp8: 9c59270c3fd7afecdb556c50c9e8de78 -> 
  custom:SearchIndexIgnoredProperties: e643bd26f0fe6173181afceb89e7c659 -> 
  custom:AudioImporter_EditorPlatform: 2f0ff77a95e0ac474e3e8eeba4e2f7cb -> 
  custom:scripting/monoscript/fileName/MoveBackground.cs: c70bc306579e6f313656e637714969d3 -> 
  custom:scripting/monoscript/fileName/Bandit.cs: ca1d73c4f52e2ca39eaf8f2ec521b8f3 -> 
  custom:video-encoder-webm-vp8: eb34c28f22e8b96e1ab97ce403110664 -> 
  custom:audio-decoder-ogg-vorbis: bf7c407c2cedff20999df2af8eb42d56 -> 
  custom:scripting/monoscript/fileName/Sensor_Bandit.cs: b82e7b91239162915bd4535dd2e23f94 -> 
  custom:audio-encoder-webm-vorbis: bf7c407c2cedff20999df2af8eb42d56 -> 
========================================================================
Received Prepare
Begin MonoManager ReloadAssembly
- Loaded All Assemblies, in  0,396 seconds
Refreshing native plugins compatible for Editor in 1,61 ms, found 1 plugins.
Native extension for LinuxStandalone target not found
Native extension for WebGL target not found
[Package Manager] Server::EnsureServerProcessIsRunning -- launch failed, reason: Unity was launched with the -noUpm command-line argument
[Package Manager] UpmClient::Send -- Unable to send message (not connected to UPM process).
[Package Manager] Cannot connect to Unity Package Manager local server
Mono: successfully reloaded assembly
- Finished resetting the current domain, in  0,863 seconds
Domain Reload Profiling: 1259ms
	BeginReloadAssembly (121ms)
		ExecutionOrderSort (0ms)
		DisableScriptedObjects (12ms)
		BackupInstance (0ms)
		ReleaseScriptingObjects (0ms)
		CreateAndSetChildDomain (35ms)
	RebuildCommonClasses (35ms)
	RebuildNativeTypeToScriptingClass (8ms)
	initialDomainReloadingComplete (27ms)
	LoadAllAssembliesAndSetupDomain (204ms)
		LoadAssemblies (219ms)
		RebuildTransferFunctionScriptingTraits (0ms)
		AnalyzeDomain (30ms)
			TypeCache.Refresh (12ms)
				TypeCache.ScanAssembly (1ms)
			ScanForSourceGeneratedMonoScriptInfo (12ms)
			ResolveRequiredComponents (5ms)
	FinalizeReload (864ms)
		ReleaseScriptCaches (0ms)
		RebuildScriptCaches (0ms)
		SetupLoadedEditorAssemblies (494ms)
			LogAssemblyErrors (0ms)
			InitializePlatformSupportModulesInManaged (10ms)
			SetLoadedEditorAssemblies (7ms)
			RefreshPlugins (0ms)
			BeforeProcessingInitializeOnLoad (86ms)
			ProcessInitializeOnLoadAttributes (345ms)
			ProcessInitializeOnLoadMethodAttributes (42ms)
			AfterProcessingInitializeOnLoad (4ms)
			EditorAssembliesLoaded (0ms)
		ExecutionOrderSort2 (0ms)
		AwakeInstancesAfterBackupRestoration (14ms)
Refreshing native plugins compatible for Editor in 2,18 ms, found 1 plugins.
Preloading 0 native plugins for Editor in 0,00 ms.
Unloading 4057 Unused Serialized files (Serialized files now loaded: 0)
Unloading 42 unused Assets / (155,3 KB). Loaded Objects now: 4569.
Memory consumption went from 135,6 MB to 135,5 MB.
Total: 7,449040 ms (FindLiveObjects: 0,531320 ms CreateObjectMapping: 0,276757 ms MarkObjects: 6,414641 ms  DeleteObjects: 0,218988 ms)

Prepare: number of updated asset objects reloaded= 0
AssetImportParameters requested are different than current active one (requested -> active):
  custom:container-demuxer-ogg: 62fdf1f143b41e24485cea50d1cbac27 -> 
  custom:video-decoder-ogg-theora: a1e56fd34408186e4bbccfd4996cb3dc -> 
  custom:CustomObjectIndexerAttribute: 306bfa6df2d96854e1ebb52f3ddacab7 -> 
  custom:container-demuxer-webm: 4f35f7cbe854078d1ac9338744f61a02 -> 
  custom:container-muxer-webm: aa71ff27fc2769a1b78a27578f13a17b -> 
  custom:video-decoder-webm-vp8: 9c59270c3fd7afecdb556c50c9e8de78 -> 
  custom:SearchIndexIgnoredProperties: e643bd26f0fe6173181afceb89e7c659 -> 
  custom:AudioImporter_EditorPlatform: 2f0ff77a95e0ac474e3e8eeba4e2f7cb -> 
  custom:scripting/monoscript/fileName/MoveBackground.cs: c70bc306579e6f313656e637714969d3 -> 
  custom:scripting/monoscript/fileName/Bandit.cs: ca1d73c4f52e2ca39eaf8f2ec521b8f3 -> 
  custom:video-encoder-webm-vp8: eb34c28f22e8b96e1ab97ce403110664 -> 
  custom:audio-decoder-ogg-vorbis: bf7c407c2cedff20999df2af8eb42d56 -> 
  custom:scripting/monoscript/fileName/Sensor_Bandit.cs: b82e7b91239162915bd4535dd2e23f94 -> 
  custom:audio-encoder-webm-vorbis: bf7c407c2cedff20999df2af8eb42d56 -> 
========================================================================
Received Import Request.
  Time since last request: 132,551955 seconds.
  path: Assets/UnityAssets/Medieval_pixel_art_asset_FREE/Tiles_free/Medieval_tiles_free2_77.asset
  artifactKey: Guid(194f5115b933c3448b702305f004a2f0) Importer(815301076,1909f56bfc062723c751e8b465ee728b)
Start importing Assets/UnityAssets/Medieval_pixel_art_asset_FREE/Tiles_free/Medieval_tiles_free2_77.asset using Guid(194f5115b933c3448b702305f004a2f0) Importer(815301076,1909f56bfc062723c751e8b465ee728b)  -> (artifact id: '32bed7d178dc2b3846bd26fb27cd2a50') in 0,092431 seconds
Number of updated asset objects reloaded before import = 0
Number of asset objects unloaded after import = 3
========================================================================
Received Import Request.
  Time since last request: 0,066766 seconds.
  path: Assets/UnityAssets/Medieval_pixel_art_asset_FREE/Tiles_free/Medieval_tiles_free2_78.asset
  artifactKey: Guid(311007bdaf19e0244bd2217cbe0d9645) Importer(815301076,1909f56bfc062723c751e8b465ee728b)
Start importing Assets/UnityAssets/Medieval_pixel_art_asset_FREE/Tiles_free/Medieval_tiles_free2_78.asset using Guid(311007bdaf19e0244bd2217cbe0d9645) Importer(815301076,1909f56bfc062723c751e8b465ee728b)  -> (artifact id: '2ec3479d68e45272b66c00d12cba389c') in 0,025982 seconds
Number of updated asset objects reloaded before import = 0
Number of asset objects unloaded after import = 3
========================================================================
Received Import Request.
  Time since last request: 0,000018 seconds.
  path: Assets/UnityAssets/Medieval_pixel_art_asset_FREE/Tiles_free/Medieval_tiles_free2_83.asset
  artifactKey: Guid(c61609dcfd495194698028eadeaef068) Importer(815301076,1909f56bfc062723c751e8b465ee728b)
Start importing Assets/UnityAssets/Medieval_pixel_art_asset_FREE/Tiles_free/Medieval_tiles_free2_83.asset using Guid(c61609dcfd495194698028eadeaef068) Importer(815301076,1909f56bfc062723c751e8b465ee728b)  -> (artifact id: '0d84a6d1fac87eb8cb77a8641020e442') in 0,028479 seconds
Number of updated asset objects reloaded before import = 0
Number of asset objects unloaded after import = 3
========================================================================
Received Import Request.
  Time since last request: 0,000021 seconds.
  path: Assets/UnityAssets/Medieval_pixel_art_asset_FREE/Tiles_free/Medieval_tiles_free2_80.asset
  artifactKey: Guid(c20cd87475a4d694886b0e12e6045ce3) Importer(815301076,1909f56bfc062723c751e8b465ee728b)
Start importing Assets/UnityAssets/Medieval_pixel_art_asset_FREE/Tiles_free/Medieval_tiles_free2_80.asset using Guid(c20cd87475a4d694886b0e12e6045ce3) Importer(815301076,1909f56bfc062723c751e8b465ee728b)  -> (artifact id: 'f27729cbac30e7b2949521c2cd041162') in 0,035952 seconds
Number of updated asset objects reloaded before import = 0
Number of asset objects unloaded after import = 3
========================================================================
Received Import Request.
  Time since last request: 0,000024 seconds.
  path: Assets/UnityAssets/Medieval_pixel_art_asset_FREE/Tiles_free/Medieval_tiles_free2_81.asset
  artifactKey: Guid(5004cd090d4492a4dbbd99435955192a) Importer(815301076,1909f56bfc062723c751e8b465ee728b)
Start importing Assets/UnityAssets/Medieval_pixel_art_asset_FREE/Tiles_free/Medieval_tiles_free2_81.asset using Guid(5004cd090d4492a4dbbd99435955192a) Importer(815301076,1909f56bfc062723c751e8b465ee728b)  -> (artifact id: 'c2c566f9d0e3331dfeb80e66d66efd53') in 0,025106 seconds
Number of updated asset objects reloaded before import = 0
Number of asset objects unloaded after import = 3
========================================================================
Received Import Request.
  Time since last request: 0,992967 seconds.
  path: Assets/UnityAssets/Medieval_pixel_art_asset_FREE/Tiles_free/Medieval_tiles_free2_87.asset
  artifactKey: Guid(fa37831e8939b64439d7e1b25c3bc824) Importer(815301076,1909f56bfc062723c751e8b465ee728b)
Start importing Assets/UnityAssets/Medieval_pixel_art_asset_FREE/Tiles_free/Medieval_tiles_free2_87.asset using Guid(fa37831e8939b64439d7e1b25c3bc824) Importer(815301076,1909f56bfc062723c751e8b465ee728b)  -> (artifact id: '3e3653eddfee947beb7101792fdf3f5d') in 0,006483 seconds
Number of updated asset objects reloaded before import = 0
Number of asset objects unloaded after import = 3
========================================================================
Received Import Request.
  Time since last request: 0,000288 seconds.
  path: Assets/UnityAssets/Medieval_pixel_art_asset_FREE/Tiles_free/Medieval_tiles_free2_88.asset
  artifactKey: Guid(aa3bb409f5a3f6d4e8d9016162f47ea8) Importer(815301076,1909f56bfc062723c751e8b465ee728b)
Start importing Assets/UnityAssets/Medieval_pixel_art_asset_FREE/Tiles_free/Medieval_tiles_free2_88.asset using Guid(aa3bb409f5a3f6d4e8d9016162f47ea8) Importer(815301076,1909f56bfc062723c751e8b465ee728b)  -> (artifact id: 'df4922c3e6ea6c1678628533895e9508') in 0,006183 seconds
Number of updated asset objects reloaded before import = 0
Number of asset objects unloaded after import = 3
========================================================================
Received Import Request.
  Time since last request: 0,000018 seconds.
  path: Assets/UnityAssets/Medieval_pixel_art_asset_FREE/Tiles_free/Medieval_tiles_free2_96.asset
  artifactKey: Guid(32dd2376552e01e4b88327b9b4d0e2de) Importer(815301076,1909f56bfc062723c751e8b465ee728b)
Start importing Assets/UnityAssets/Medieval_pixel_art_asset_FREE/Tiles_free/Medieval_tiles_free2_96.asset using Guid(32dd2376552e01e4b88327b9b4d0e2de) Importer(815301076,1909f56bfc062723c751e8b465ee728b)  -> (artifact id: '4bfcb9b5f0a77bc254be138dc08cf3ab') in 0,007621 seconds
Number of updated asset objects reloaded before import = 0
Number of asset objects unloaded after import = 3
========================================================================
Received Import Request.
  Time since last request: 0,000024 seconds.
  path: Assets/UnityAssets/Medieval_pixel_art_asset_FREE/Tiles_free/Medieval_tiles_free2_89.asset
  artifactKey: Guid(a41c5be3fa5d77d47a53d8dae4eca2a7) Importer(815301076,1909f56bfc062723c751e8b465ee728b)
Start importing Assets/UnityAssets/Medieval_pixel_art_asset_FREE/Tiles_free/Medieval_tiles_free2_89.asset using Guid(a41c5be3fa5d77d47a53d8dae4eca2a7) Importer(815301076,1909f56bfc062723c751e8b465ee728b)  -> (artifact id: '6d791cb044cc58be6e38f59bac2e1584') in 0,008515 seconds
Number of updated asset objects reloaded before import = 0
Number of asset objects unloaded after import = 3
========================================================================
Received Import Request.
  Time since last request: 0,000039 seconds.
  path: Assets/UnityAssets/Medieval_pixel_art_asset_FREE/Tiles_free/Medieval_tiles_free2_91.asset
  artifactKey: Guid(5ad159fe974c77a4bad038a286c53d4e) Importer(815301076,1909f56bfc062723c751e8b465ee728b)
Start importing Assets/UnityAssets/Medieval_pixel_art_asset_FREE/Tiles_free/Medieval_tiles_free2_91.asset using Guid(5ad159fe974c77a4bad038a286c53d4e) Importer(815301076,1909f56bfc062723c751e8b465ee728b)  -> (artifact id: '0da0f32a5dd0eec17a49ceff4217a960') in 0,007028 seconds
Number of updated asset objects reloaded before import = 0
Number of asset objects unloaded after import = 3
========================================================================
Received Import Request.
  Time since last request: 0,000014 seconds.
  path: Assets/UnityAssets/Medieval_pixel_art_asset_FREE/Tiles_free/Medieval_tiles_free2_98.asset
  artifactKey: Guid(bb584ce50cd305949b9bc0c108467129) Importer(815301076,1909f56bfc062723c751e8b465ee728b)
Start importing Assets/UnityAssets/Medieval_pixel_art_asset_FREE/Tiles_free/Medieval_tiles_free2_98.asset using Guid(bb584ce50cd305949b9bc0c108467129) Importer(815301076,1909f56bfc062723c751e8b465ee728b)  -> (artifact id: '520e4b951cb091d7cf86ea13e889c9f2') in 0,015659 seconds
Number of updated asset objects reloaded before import = 0
Number of asset objects unloaded after import = 3
========================================================================
Received Import Request.
  Time since last request: 0,000019 seconds.
  path: Assets/UnityAssets/Medieval_pixel_art_asset_FREE/Tiles_free/Medieval_tiles_free2_100.asset
  artifactKey: Guid(5551bb9f09e2c484db806c77d898b831) Importer(815301076,1909f56bfc062723c751e8b465ee728b)
Start importing Assets/UnityAssets/Medieval_pixel_art_asset_FREE/Tiles_free/Medieval_tiles_free2_100.asset using Guid(5551bb9f09e2c484db806c77d898b831) Importer(815301076,1909f56bfc062723c751e8b465ee728b)  -> (artifact id: '760e824cee666842d903701b8b2445f2') in 0,024688 seconds
Number of updated asset objects reloaded before import = 0
Number of asset objects unloaded after import = 3
========================================================================
Received Import Request.
  Time since last request: 0,000018 seconds.
  path: Assets/UnityAssets/Medieval_pixel_art_asset_FREE/Tiles_free/Medieval_tiles_free2_97.asset
  artifactKey: Guid(78e61841b3a727140835283c3dbbec06) Importer(815301076,1909f56bfc062723c751e8b465ee728b)
Start importing Assets/UnityAssets/Medieval_pixel_art_asset_FREE/Tiles_free/Medieval_tiles_free2_97.asset using Guid(78e61841b3a727140835283c3dbbec06) Importer(815301076,1909f56bfc062723c751e8b465ee728b)  -> (artifact id: '1c6120b9efb6a95e37b0c795c3568d1f') in 0,030081 seconds
Number of updated asset objects reloaded before import = 0
Number of asset objects unloaded after import = 3
========================================================================
Received Import Request.
  Time since last request: 0,000028 seconds.
  path: Assets/UnityAssets/Medieval_pixel_art_asset_FREE/Tiles_free/Medieval_tiles_free2_94.asset
  artifactKey: Guid(afdf70666c9d9584aa92fb7d5195f52a) Importer(815301076,1909f56bfc062723c751e8b465ee728b)
Start importing Assets/UnityAssets/Medieval_pixel_art_asset_FREE/Tiles_free/Medieval_tiles_free2_94.asset using Guid(afdf70666c9d9584aa92fb7d5195f52a) Importer(815301076,1909f56bfc062723c751e8b465ee728b)  -> (artifact id: 'cbd8b8e824ab8a0c5071fbf05ce0c310') in 0,017720 seconds
Number of updated asset objects reloaded before import = 0
Number of asset objects unloaded after import = 3
========================================================================
Received Prepare
Begin MonoManager ReloadAssembly
- Loaded All Assemblies, in  0,445 seconds
Refreshing native plugins compatible for Editor in 2,11 ms, found 1 plugins.
Native extension for LinuxStandalone target not found
Native extension for WebGL target not found
[Package Manager] Server::EnsureServerProcessIsRunning -- launch failed, reason: Unity was launched with the -noUpm command-line argument
[Package Manager] UpmClient::Send -- Unable to send message (not connected to UPM process).
[Package Manager] Cannot connect to Unity Package Manager local server
Mono: successfully reloaded assembly
- Finished resetting the current domain, in  0,960 seconds
Domain Reload Profiling: 1403ms
	BeginReloadAssembly (146ms)
		ExecutionOrderSort (0ms)
		DisableScriptedObjects (12ms)
		BackupInstance (0ms)
		ReleaseScriptingObjects (0ms)
		CreateAndSetChildDomain (45ms)
	RebuildCommonClasses (41ms)
	RebuildNativeTypeToScriptingClass (9ms)
	initialDomainReloadingComplete (32ms)
	LoadAllAssembliesAndSetupDomain (214ms)
		LoadAssemblies (248ms)
		RebuildTransferFunctionScriptingTraits (0ms)
		AnalyzeDomain (21ms)
			TypeCache.Refresh (9ms)
				TypeCache.ScanAssembly (0ms)
			ScanForSourceGeneratedMonoScriptInfo (0ms)
			ResolveRequiredComponents (10ms)
	FinalizeReload (961ms)
		ReleaseScriptCaches (0ms)
		RebuildScriptCaches (0ms)
		SetupLoadedEditorAssemblies (535ms)
			LogAssemblyErrors (0ms)
			InitializePlatformSupportModulesInManaged (8ms)
			SetLoadedEditorAssemblies (7ms)
			RefreshPlugins (0ms)
			BeforeProcessingInitializeOnLoad (85ms)
			ProcessInitializeOnLoadAttributes (375ms)
			ProcessInitializeOnLoadMethodAttributes (53ms)
			AfterProcessingInitializeOnLoad (7ms)
			EditorAssembliesLoaded (0ms)
		ExecutionOrderSort2 (0ms)
		AwakeInstancesAfterBackupRestoration (17ms)
Refreshing native plugins compatible for Editor in 1,87 ms, found 1 plugins.
Preloading 0 native plugins for Editor in 0,00 ms.
Unloading 4056 Unused Serialized files (Serialized files now loaded: 0)
Unloading 42 unused Assets / (155,0 KB). Loaded Objects now: 4574.
Memory consumption went from 135,3 MB to 135,2 MB.
Total: 5,765504 ms (FindLiveObjects: 0,499961 ms CreateObjectMapping: 0,199020 ms MarkObjects: 4,719643 ms  DeleteObjects: 0,344424 ms)

Prepare: number of updated asset objects reloaded= 0
AssetImportParameters requested are different than current active one (requested -> active):
  custom:container-demuxer-ogg: 62fdf1f143b41e24485cea50d1cbac27 -> 
  custom:video-decoder-ogg-theora: a1e56fd34408186e4bbccfd4996cb3dc -> 
  custom:CustomObjectIndexerAttribute: 306bfa6df2d96854e1ebb52f3ddacab7 -> 
  custom:container-demuxer-webm: 4f35f7cbe854078d1ac9338744f61a02 -> 
  custom:container-muxer-webm: aa71ff27fc2769a1b78a27578f13a17b -> 
  custom:video-decoder-webm-vp8: 9c59270c3fd7afecdb556c50c9e8de78 -> 
  custom:SearchIndexIgnoredProperties: e643bd26f0fe6173181afceb89e7c659 -> 
  custom:AudioImporter_EditorPlatform: 2f0ff77a95e0ac474e3e8eeba4e2f7cb -> 
  custom:scripting/monoscript/fileName/MoveBackground.cs: c70bc306579e6f313656e637714969d3 -> 
  custom:scripting/monoscript/fileName/Bandit.cs: ca1d73c4f52e2ca39eaf8f2ec521b8f3 -> 
  custom:video-encoder-webm-vp8: eb34c28f22e8b96e1ab97ce403110664 -> 
  custom:audio-decoder-ogg-vorbis: bf7c407c2cedff20999df2af8eb42d56 -> 
  custom:scripting/monoscript/fileName/Sensor_Bandit.cs: b82e7b91239162915bd4535dd2e23f94 -> 
  custom:audio-encoder-webm-vorbis: bf7c407c2cedff20999df2af8eb42d56 -> 
========================================================================
Received Prepare
Begin MonoManager ReloadAssembly
- Loaded All Assemblies, in  0,437 seconds
Refreshing native plugins compatible for Editor in 1,90 ms, found 1 plugins.
Native extension for LinuxStandalone target not found
Native extension for WebGL target not found
[Package Manager] Server::EnsureServerProcessIsRunning -- launch failed, reason: Unity was launched with the -noUpm command-line argument
[Package Manager] UpmClient::Send -- Unable to send message (not connected to UPM process).
[Package Manager] Cannot connect to Unity Package Manager local server
Mono: successfully reloaded assembly
- Finished resetting the current domain, in  0,920 seconds
Domain Reload Profiling: 1356ms
	BeginReloadAssembly (147ms)
		ExecutionOrderSort (0ms)
		DisableScriptedObjects (13ms)
		BackupInstance (0ms)
		ReleaseScriptingObjects (0ms)
		CreateAndSetChildDomain (40ms)
	RebuildCommonClasses (44ms)
	RebuildNativeTypeToScriptingClass (10ms)
	initialDomainReloadingComplete (32ms)
	LoadAllAssembliesAndSetupDomain (204ms)
		LoadAssemblies (250ms)
		RebuildTransferFunctionScriptingTraits (0ms)
		AnalyzeDomain (16ms)
			TypeCache.Refresh (8ms)
				TypeCache.ScanAssembly (0ms)
			ScanForSourceGeneratedMonoScriptInfo (0ms)
			ResolveRequiredComponents (6ms)
	FinalizeReload (920ms)
		ReleaseScriptCaches (0ms)
		RebuildScriptCaches (0ms)
		SetupLoadedEditorAssemblies (500ms)
			LogAssemblyErrors (0ms)
			InitializePlatformSupportModulesInManaged (8ms)
			SetLoadedEditorAssemblies (7ms)
			RefreshPlugins (0ms)
			BeforeProcessingInitializeOnLoad (81ms)
			ProcessInitializeOnLoadAttributes (360ms)
			ProcessInitializeOnLoadMethodAttributes (38ms)
			AfterProcessingInitializeOnLoad (4ms)
			EditorAssembliesLoaded (0ms)
		ExecutionOrderSort2 (0ms)
		AwakeInstancesAfterBackupRestoration (13ms)
Refreshing native plugins compatible for Editor in 2,47 ms, found 1 plugins.
Preloading 0 native plugins for Editor in 0,00 ms.
Unloading 4057 Unused Serialized files (Serialized files now loaded: 0)
Unloading 42 unused Assets / (155,0 KB). Loaded Objects now: 4578.
Memory consumption went from 135,6 MB to 135,5 MB.
Total: 5,300274 ms (FindLiveObjects: 0,648935 ms CreateObjectMapping: 0,265282 ms MarkObjects: 4,120451 ms  DeleteObjects: 0,262369 ms)

Prepare: number of updated asset objects reloaded= 0
AssetImportParameters requested are different than current active one (requested -> active):
  custom:container-demuxer-ogg: 62fdf1f143b41e24485cea50d1cbac27 -> 
  custom:video-decoder-ogg-theora: a1e56fd34408186e4bbccfd4996cb3dc -> 
  custom:CustomObjectIndexerAttribute: 306bfa6df2d96854e1ebb52f3ddacab7 -> 
  custom:container-demuxer-webm: 4f35f7cbe854078d1ac9338744f61a02 -> 
  custom:container-muxer-webm: aa71ff27fc2769a1b78a27578f13a17b -> 
  custom:video-decoder-webm-vp8: 9c59270c3fd7afecdb556c50c9e8de78 -> 
  custom:SearchIndexIgnoredProperties: e643bd26f0fe6173181afceb89e7c659 -> 
  custom:AudioImporter_EditorPlatform: 2f0ff77a95e0ac474e3e8eeba4e2f7cb -> 
  custom:scripting/monoscript/fileName/MoveBackground.cs: c70bc306579e6f313656e637714969d3 -> 
  custom:scripting/monoscript/fileName/Bandit.cs: ca1d73c4f52e2ca39eaf8f2ec521b8f3 -> 
  custom:video-encoder-webm-vp8: eb34c28f22e8b96e1ab97ce403110664 -> 
  custom:audio-decoder-ogg-vorbis: bf7c407c2cedff20999df2af8eb42d56 -> 
  custom:scripting/monoscript/fileName/Sensor_Bandit.cs: b82e7b91239162915bd4535dd2e23f94 -> 
  custom:audio-encoder-webm-vorbis: bf7c407c2cedff20999df2af8eb42d56 -> 
Editor requested this worker to shutdown with reason: Scaling down because of idle timeout
TcpMessagingSession - receive error: operation aborted. errorcode: 125, details: Operation aborted.
AssetImportWorker is now disconnected from the server
Process exiting
Assertion failed on expression: 'm_PodArrays.empty()'
Checking for leaked weakptr:
  Found no leaked weakptrs.
All object instances wasn't destroyed before shutting down
Assertion failed on expression: 'm_MemoryFSRefCount == 0'
Memory Statistics:
[ALLOC_TEMP_TLS] TLS Allocator
  StackAllocators : 
    [ALLOC_TEMP_Loading.PreloadManager]
      Peak usage frame count: [0-1,0 KB]: 1 frames
      Initial Block Size 32,0 MB
      Current Block Size 32,0 MB
      Peak Allocated Bytes 0 B
      Overflow Count 0
    [ALLOC_TEMP_BakingJobs.worker 15]
      Initial Block Size 256,0 KB
      Current Block Size 256,0 KB
      Peak Allocated Bytes 0 B
      Overflow Count 0
    [ALLOC_TEMP_BakingJobs.worker 14]
      Initial Block Size 256,0 KB
      Current Block Size 256,0 KB
      Peak Allocated Bytes 0 B
      Overflow Count 0
    [ALLOC_TEMP_BakingJobs.worker 13]
      Initial Block Size 256,0 KB
      Current Block Size 256,0 KB
      Peak Allocated Bytes 0 B
      Overflow Count 0
    [ALLOC_TEMP_BakingJobs.worker 12]
      Initial Block Size 256,0 KB
      Current Block Size 256,0 KB
      Peak Allocated Bytes 0 B
      Overflow Count 0
    [ALLOC_TEMP_BakingJobs.worker 11]
      Initial Block Size 256,0 KB
      Current Block Size 256,0 KB
      Peak Allocated Bytes 0 B
      Overflow Count 0
    [ALLOC_TEMP_BakingJobs.worker 10]
      Initial Block Size 256,0 KB
      Current Block Size 256,0 KB
      Peak Allocated Bytes 0 B
      Overflow Count 0
    [ALLOC_TEMP_BakingJobs.worker 9]
      Initial Block Size 256,0 KB
      Current Block Size 256,0 KB
      Peak Allocated Bytes 0 B
      Overflow Count 0
    [ALLOC_TEMP_BakingJobs.worker 8]
      Initial Block Size 256,0 KB
      Current Block Size 256,0 KB
      Peak Allocated Bytes 0 B
      Overflow Count 0
    [ALLOC_TEMP_BakingJobs.worker 7]
      Initial Block Size 256,0 KB
      Current Block Size 256,0 KB
      Peak Allocated Bytes 0 B
      Overflow Count 0
    [ALLOC_TEMP_BakingJobs.worker 6]
      Initial Block Size 256,0 KB
      Current Block Size 256,0 KB
      Peak Allocated Bytes 0 B
      Overflow Count 0
    [ALLOC_TEMP_BakingJobs.worker 5]
      Initial Block Size 256,0 KB
      Current Block Size 256,0 KB
      Peak Allocated Bytes 0 B
      Overflow Count 0
    [ALLOC_TEMP_BakingJobs.worker 4]
      Initial Block Size 256,0 KB
      Current Block Size 256,0 KB
      Peak Allocated Bytes 0 B
      Overflow Count 0
    [ALLOC_TEMP_BakingJobs.worker 3]
      Initial Block Size 256,0 KB
      Current Block Size 256,0 KB
      Peak Allocated Bytes 0 B
      Overflow Count 0
    [ALLOC_TEMP_BakingJobs.worker 2]
      Initial Block Size 256,0 KB
      Current Block Size 256,0 KB
      Peak Allocated Bytes 0 B
      Overflow Count 0
    [ALLOC_TEMP_BakingJobs.worker 1]
      Initial Block Size 256,0 KB
      Current Block Size 256,0 KB
      Peak Allocated Bytes 0 B
      Overflow Count 0
    [ALLOC_TEMP_BakingJobs.worker 0]
      Initial Block Size 256,0 KB
      Current Block Size 256,0 KB
      Peak Allocated Bytes 0 B
      Overflow Count 0
    [ALLOC_TEMP_AssetDatabase.FileHasherHasher]
      Initial Block Size 64,0 KB
      Current Block Size 64,0 KB
      Peak Allocated Bytes 31 B
      Overflow Count 0
    [ALLOC_TEMP_AssetDatabase.FileHasherReader]
      Initial Block Size 64,0 KB
      Current Block Size 64,0 KB
      Peak Allocated Bytes 31 B
      Overflow Count 0
    [ALLOC_TEMP_AssetDatabase.FileHasherHasher]
      Initial Block Size 64,0 KB
      Current Block Size 64,0 KB
      Peak Allocated Bytes 31 B
      Overflow Count 0
    [ALLOC_TEMP_AssetDatabase.FileHasherReader]
      Initial Block Size 64,0 KB
      Current Block Size 64,0 KB
      Peak Allocated Bytes 31 B
      Overflow Count 0
    [ALLOC_TEMP_AssetDatabase.FileHasherHasher]
      Initial Block Size 64,0 KB
      Current Block Size 64,0 KB
      Peak Allocated Bytes 31 B
      Overflow Count 0
    [ALLOC_TEMP_AssetDatabase.FileHasherReader]
      Initial Block Size 64,0 KB
      Current Block Size 64,0 KB
      Peak Allocated Bytes 31 B
      Overflow Count 0
    [ALLOC_TEMP_AssetDatabase.FileHasherHasher]
      Initial Block Size 64,0 KB
      Current Block Size 64,0 KB
      Peak Allocated Bytes 31 B
      Overflow Count 0
    [ALLOC_TEMP_AssetDatabase.FileHasherReader]
      Initial Block Size 64,0 KB
      Current Block Size 64,0 KB
      Peak Allocated Bytes 31 B
      Overflow Count 0
    [ALLOC_TEMP_Loading.AsyncRead]
      Initial Block Size 64,0 KB
      Current Block Size 64,0 KB
      Peak Allocated Bytes 0 B
      Overflow Count 0
    [ALLOC_TEMP_BatchDeleteObjects]
      Initial Block Size 64,0 KB
      Current Block Size 64,0 KB
      Peak Allocated Bytes 0 B
      Overflow Count 0
    [ALLOC_TEMP_Background Job.worker 15]
      Initial Block Size 32,0 KB
      Current Block Size 32,0 KB
      Peak Allocated Bytes 0 B
      Overflow Count 0
    [ALLOC_TEMP_Background Job.worker 14]
      Initial Block Size 32,0 KB
      Current Block Size 32,0 KB
      Peak Allocated Bytes 0 B
      Overflow Count 0
    [ALLOC_TEMP_Background Job.worker 13]
      Initial Block Size 32,0 KB
      Current Block Size 32,0 KB
      Peak Allocated Bytes 0 B
      Overflow Count 0
    [ALLOC_TEMP_Background Job.worker 12]
      Initial Block Size 32,0 KB
      Current Block Size 32,0 KB
      Peak Allocated Bytes 0 B
      Overflow Count 0
    [ALLOC_TEMP_Background Job.worker 11]
      Initial Block Size 32,0 KB
      Current Block Size 32,0 KB
      Peak Allocated Bytes 0 B
      Overflow Count 0
    [ALLOC_TEMP_Background Job.worker 10]
      Initial Block Size 32,0 KB
      Current Block Size 32,0 KB
      Peak Allocated Bytes 0 B
      Overflow Count 0
    [ALLOC_TEMP_Background Job.worker 9]
      Initial Block Size 32,0 KB
      Current Block Size 32,0 KB
      Peak Allocated Bytes 0 B
      Overflow Count 0
    [ALLOC_TEMP_Background Job.worker 8]
      Initial Block Size 32,0 KB
      Current Block Size 32,0 KB
      Peak Allocated Bytes 0 B
      Overflow Count 0
    [ALLOC_TEMP_Background Job.worker 7]
      Initial Block Size 32,0 KB
      Current Block Size 32,0 KB
      Peak Allocated Bytes 0 B
      Overflow Count 0
    [ALLOC_TEMP_Background Job.worker 6]
      Initial Block Size 32,0 KB
      Current Block Size 32,0 KB
      Peak Allocated Bytes 0 B
      Overflow Count 0
    [ALLOC_TEMP_Background Job.worker 5]
      Initial Block Size 32,0 KB
      Current Block Size 32,0 KB
      Peak Allocated Bytes 0 B
      Overflow Count 0
    [ALLOC_TEMP_Background Job.worker 4]
      Initial Block Size 32,0 KB
      Current Block Size 32,0 KB
      Peak Allocated Bytes 0 B
      Overflow Count 0
    [ALLOC_TEMP_Background Job.worker 3]
      Initial Block Size 32,0 KB
      Current Block Size 32,0 KB
      Peak Allocated Bytes 0 B
      Overflow Count 0
    [ALLOC_TEMP_Background Job.worker 2]
      Initial Block Size 32,0 KB
      Current Block Size 32,0 KB
      Peak Allocated Bytes 0 B
      Overflow Count 0
    [ALLOC_TEMP_Background Job.worker 1]
      Initial Block Size 32,0 KB
      Current Block Size 32,0 KB
      Peak Allocated Bytes 9,5 KB
      Overflow Count 0
    [ALLOC_TEMP_Background Job.worker 0]
      Initial Block Size 32,0 KB
      Current Block Size 32,0 KB
      Peak Allocated Bytes 0 B
      Overflow Count 0
    [ALLOC_TEMP_Job.worker 14]
      Initial Block Size 256,0 KB
      Current Block Size 256,0 KB
      Peak Allocated Bytes 0 B
      Overflow Count 0
    [ALLOC_TEMP_Job.worker 13]
      Initial Block Size 256,0 KB
      Current Block Size 256,0 KB
      Peak Allocated Bytes 0 B
      Overflow Count 0
    [ALLOC_TEMP_Job.worker 12]
      Initial Block Size 256,0 KB
      Current Block Size 256,0 KB
      Peak Allocated Bytes 0 B
      Overflow Count 0
    [ALLOC_TEMP_Job.worker 11]
      Initial Block Size 256,0 KB
      Current Block Size 256,0 KB
      Peak Allocated Bytes 0 B
      Overflow Count 0
    [ALLOC_TEMP_Job.worker 10]
      Initial Block Size 256,0 KB
      Current Block Size 256,0 KB
      Peak Allocated Bytes 0 B
      Overflow Count 0
    [ALLOC_TEMP_Job.worker 9]
      Initial Block Size 256,0 KB
      Current Block Size 256,0 KB
      Peak Allocated Bytes 0 B
      Overflow Count 0
    [ALLOC_TEMP_Job.worker 8]
      Initial Block Size 256,0 KB
      Current Block Size 256,0 KB
      Peak Allocated Bytes 0 B
      Overflow Count 0
    [ALLOC_TEMP_Job.worker 7]
      Initial Block Size 256,0 KB
      Current Block Size 256,0 KB
      Peak Allocated Bytes 0 B
      Overflow Count 0
    [ALLOC_TEMP_Job.worker 6]
      Initial Block Size 256,0 KB
      Current Block Size 256,0 KB
      Peak Allocated Bytes 0 B
      Overflow Count 0
    [ALLOC_TEMP_Job.worker 5]
      Initial Block Size 256,0 KB
      Current Block Size 256,0 KB
      Peak Allocated Bytes 0 B
      Overflow Count 0
    [ALLOC_TEMP_Job.worker 4]
      Initial Block Size 256,0 KB
      Current Block Size 256,0 KB
      Peak Allocated Bytes 0 B
      Overflow Count 0
    [ALLOC_TEMP_Job.worker 3]
      Initial Block Size 256,0 KB
      Current Block Size 256,0 KB
      Peak Allocated Bytes 0 B
      Overflow Count 0
    [ALLOC_TEMP_Job.worker 2]
      Initial Block Size 256,0 KB
      Current Block Size 256,0 KB
      Peak Allocated Bytes 0 B
      Overflow Count 0
    [ALLOC_TEMP_Job.worker 1]
      Initial Block Size 256,0 KB
      Current Block Size 256,0 KB
      Peak Allocated Bytes 0,6 KB
      Overflow Count 0
    [ALLOC_TEMP_Job.worker 0]
      Initial Block Size 256,0 KB
      Current Block Size 256,0 KB
      Peak Allocated Bytes 0 B
      Overflow Count 0
    [ALLOC_TEMP_MAIN]
      Peak usage frame count: [1,0 MB-2,0 MB]: 26 frames, [8,0 MB-16,0 MB]: 2 frames
      Initial Block Size 16,0 MB
      Current Block Size 16,0 MB
      Peak Allocated Bytes 9,3 MB
      Overflow Count 0
    [ALLOC_TEMP_CoreBusinessMetricsCache]
      Initial Block Size 64,0 KB
      Current Block Size 64,0 KB
      Peak Allocated Bytes 0 B
      Overflow Count 0
    [ALLOC_TEMP_AssetDatabase.IOService]
      Initial Block Size 64,0 KB
      Current Block Size 64,0 KB
      Peak Allocated Bytes 32,6 KB
      Overflow Count 0
    [ALLOC_TEMP_Loading.PreloadManager] x 4
      Initial Block Size 32,0 MB
      Current Block Size 32,0 MB
      Peak Allocated Bytes 0 B
      Overflow Count 0
    [ALLOC_TEMP_Profiler.Dispatcher]
      Initial Block Size 64,0 KB
      Current Block Size 64,0 KB
      Peak Allocated Bytes 0 B
      Overflow Count 0
    [ALLOC_TEMP_AssetGarbageCollectorHelper] x 15
      Initial Block Size 64,0 KB
      Current Block Size 64,0 KB
      Peak Allocated Bytes 0 B
      Overflow Count 0
[ALLOC_MEMORYPROFILER]
  Peak usage frame count: [256,0 KB-0,5 MB]: 26 frames, [0,5 MB-1,0 MB]: 2 frames
  Requested Block Size 1,0 MB
  Peak Block count 1
  Peak Allocated memory 0,7 MB
  Peak Large allocation bytes 0 B
[ALLOC_DEFAULT] Dual Thread Allocator
  Peak main deferred allocation count 224
    [ALLOC_BUCKET]
      Large Block size 32,0 MB
      Used Block count 1
      Peak Allocated bytes 8,4 MB
    [ALLOC_DEFAULT_MAIN]
      Peak usage frame count: [32,0 MB-64,0 MB]: 28 frames
      Requested Block Size 16,0 MB
      Peak Block count 4
      Peak Allocated memory 52,0 MB
      Peak Large allocation bytes 0 B
    [ALLOC_DEFAULT_THREAD]
      Peak usage frame count: [1,0 MB-2,0 MB]: 26 frames, [2,0 MB-4,0 MB]: 2 frames
      Requested Block Size 16,0 MB
      Peak Block count 1
      Peak Allocated memory 3,6 MB
      Peak Large allocation bytes 0 B
[ALLOC_TEMP_JOB_1_FRAME]
  Initial Block Size 2,0 MB
  Used Block Count 0
  Overflow Count (too large) 0
  Overflow Count (full) 0
[ALLOC_TEMP_JOB_2_FRAMES]
  Initial Block Size 2,0 MB
  Used Block Count 0
  Overflow Count (too large) 0
  Overflow Count (full) 0
[ALLOC_TEMP_JOB_4_FRAMES (JobTemp)]
  Initial Block Size 2,0 MB
  Used Block Count 1
  Overflow Count (too large) 0
  Overflow Count (full) 0
[ALLOC_TEMP_JOB_ASYNC (Background)]
  Initial Block Size 1,0 MB
  Used Block Count 1
  Overflow Count (too large) 0
  Overflow Count (full) 0
[ALLOC_GFX] Dual Thread Allocator
  Peak main deferred allocation count 0
    [ALLOC_BUCKET]
      Large Block size 32,0 MB
      Used Block count 1
      Peak Allocated bytes 8,4 MB
    [ALLOC_GFX_MAIN]
      Peak usage frame count: [64,0 KB-128,0 KB]: 13 frames, [0,5 MB-1,0 MB]: 1 frames, [2,0 MB-4,0 MB]: 14 frames
      Requested Block Size 16,0 MB
      Peak Block count 1
      Peak Allocated memory 3,3 MB
      Peak Large allocation bytes 0 B
    [ALLOC_GFX_THREAD]
      Peak usage frame count: [0-1,0 KB]: 28 frames
      Requested Block Size 16,0 MB
      Peak Block count 0
      Peak Allocated memory 0 B
      Peak Large allocation bytes 0 B
[ALLOC_CACHEOBJECTS] Dual Thread Allocator
  Peak main deferred allocation count 20576
    [ALLOC_BUCKET]
      Large Block size 32,0 MB
      Used Block count 1
      Peak Allocated bytes 8,4 MB
    [ALLOC_CACHEOBJECTS_MAIN]
      Peak usage frame count: [4,0 MB-8,0 MB]: 26 frames, [32,0 MB-64,0 MB]: 1 frames, [64,0 MB-128,0 MB]: 1 frames
      Requested Block Size 4,0 MB
      Peak Block count 19
      Peak Allocated memory 89,1 MB
      Peak Large allocation bytes 16,9 MB
    [ALLOC_CACHEOBJECTS_THREAD]
      Peak usage frame count: [0-1,0 KB]: 28 frames
      Requested Block Size 4,0 MB
      Peak Block count 0
      Peak Allocated memory 0 B
      Peak Large allocation bytes 0 B
[ALLOC_TYPETREE] Dual Thread Allocator
  Peak main deferred allocation count 32584
    [ALLOC_BUCKET]
      Large Block size 32,0 MB
      Used Block count 1
      Peak Allocated bytes 8,4 MB
    [ALLOC_TYPETREE_MAIN]
      Peak usage frame count: [256,0 KB-0,5 MB]: 13 frames, [0,5 MB-1,0 MB]: 12 frames, [1,0 MB-2,0 MB]: 1 frames, [16,0 MB-32,0 MB]: 2 frames
      Requested Block Size 2,0 MB
      Peak Block count 12
      Peak Allocated memory 21,7 MB
      Peak Large allocation bytes 0 B
    [ALLOC_TYPETREE_THREAD]
      Peak usage frame count: [0-1,0 KB]: 28 frames
      Requested Block Size 2,0 MB
      Peak Block count 0
      Peak Allocated memory 0 B
      Peak Large allocation bytes 0 B
[ALLOC_PROFILER]
  Peak usage frame count: [64,0 KB-128,0 KB]: 28 frames
  Requested Block Size 16,0 MB
  Peak Block count 1
  Peak Allocated memory 109,9 KB
  Peak Large allocation bytes 0 B
    [ALLOC_PROFILER_BUCKET]
      Large Block size 32,0 MB
      Used Block count 1
      Peak Allocated bytes 2,9 KB
[ALLOC_PROFILER_EDITOR]
  Peak usage frame count: [0-1,0 KB]: 28 frames
  Requested Block Size 1,0 MB
  Peak Block count 0
  Peak Allocated memory 0 B
  Peak Large allocation bytes 0 B
    [ALLOC_PROFILER_BUCKET]
      Large Block size 32,0 MB
      Used Block count 1
      Peak Allocated bytes 2,9 KB
##utp:{"type":"MemoryLeaks","version":2,"phase":"Immediate","time":1701718404785,"processId":8123,"allocatedMemory":51239122,"memoryLabels":[{"Default":37627},{"Permanent":21197},{"Thread":1086512},{"Manager":4524961},{"VertexData":204},{"Geometry":408},{"Particles":17856},{"VFX":44},{"Texture":75033},{"Shader":210944},{"Material":4684},{"GfxDevice":231040},{"Animation":15046},{"Audio":4932},{"Font":1792},{"FontEngine":336},{"Physics":272117},{"Physics2D":153264},{"Serialization":5941301},{"Input":59520},{"JobScheduler":13087096},{"GarbageCollector":1049152},{"Mono":92},{"ScriptingNativeRuntime":167128},{"BaseObject":1847491},{"Resource":3436},{"Renderer":10268},{"Transform":48},{"File":12735},{"Network":3348},{"WebCam":40},{"Culling":48},{"Terrain":1073},{"TerrainPhysics":8},{"Wind":24},{"STL":170496},{"String":960173},{"DynamicArray":1218802},{"HashMap":1328966},{"Utility":4111022},{"PoolAlloc":1488},{"AI":59656},{"TypeTree":130835},{"ScriptManager":1546249},{"MonoScriptCache":643984},{"RuntimeInitializeOnLoadManager":72},{"AncestorCache":32},{"SpriteAtlas":112},{"GI":16312},{"Director":7928},{"WebRequest":720},{"VR":45961},{"SceneManager":600},{"Video":256},{"LazyScriptCache":32},{"ManagedAttributeManager":1},{"TextureStreaming":1416},{"NativeArray":18097},{"ScreenCapture":8},{"Camera":25},{"Secure":1},{"CrashReporter":1040},{"SerializationCache":1576},{"APIUpdating":11856},{"Subsystems":384},{"VirtualTexturing":59488},{"StaticSafetyDebugInfo":327680},{"EditorGui":4728292},{"EditorUtility":25972},{"VersionControl":4},{"Undo":736},{"AssetDatabase":6611431},{"AssetImporter":284099},{"RestService":2880},{"EditorGi":24528},{"ProgressiveLightmapper":11144},{"License":3144},{"UnityConnect":25432},{"Collab":25},{"Upm":1232},{"DrivenProperties":80},{"LocalIPC":119},{"ProfilerEditor":10991},{"CoreBusinessMetrics":2876},{"AssetReference":32},{"IPCStream":32}]}
