Unity Editor version:    2022.3.10f1 (ff3792e53c62)
Branch:                  2022.3/staging
Build type:              Release
Batch mode:              YES
System name:             Linux
Distro version:          #38~22.04.1-Ubuntu SMP PREEMPT_DYNAMIC Thu Nov  2 18:01:13 UTC 2
Kernel version:          6.2.0-37-generic
Architecture:            x86_64
Available memory:        31811 MB
Using pre-set license
Pro License: YES
Desktop is 3840 x 2400 @ 60 Hz
Initialize udev device monitor.

COMMAND LINE ARGUMENTS:
Unity
-adb2
-batchMode
-noUpm
-name
AssetImportWorker8
-projectPath
/home/khajzner/Documents/GitHub/gaming-coursework/Gaming Coursework
-logFile
Logs/AssetImportWorker8.log
-srvPort
41791
Successfully changed project path to: /home/khajzner/Documents/GitHub/gaming-coursework/Gaming Coursework
/home/khajzner/Documents/GitHub/gaming-coursework/Gaming Coursework
[UnityMemory] Configuration Parameters - Can be set up in boot.config
    "memorysetup-bucket-allocator-granularity=16"
    "memorysetup-bucket-allocator-bucket-count=8"
    "memorysetup-bucket-allocator-block-size=33554432"
    "memorysetup-bucket-allocator-block-count=8"
    "memorysetup-main-allocator-block-size=16777216"
    "memorysetup-thread-allocator-block-size=16777216"
    "memorysetup-gfx-main-allocator-block-size=16777216"
    "memorysetup-gfx-thread-allocator-block-size=16777216"
    "memorysetup-cache-allocator-block-size=4194304"
    "memorysetup-typetree-allocator-block-size=2097152"
    "memorysetup-profiler-bucket-allocator-granularity=16"
    "memorysetup-profiler-bucket-allocator-bucket-count=8"
    "memorysetup-profiler-bucket-allocator-block-size=33554432"
    "memorysetup-profiler-bucket-allocator-block-count=8"
    "memorysetup-profiler-allocator-block-size=16777216"
    "memorysetup-profiler-editor-allocator-block-size=1048576"
    "memorysetup-temp-allocator-size-main=16777216"
    "memorysetup-job-temp-allocator-block-size=2097152"
    "memorysetup-job-temp-allocator-block-size-background=1048576"
    "memorysetup-job-temp-allocator-reduction-small-platforms=262144"
    "memorysetup-allocator-temp-initial-block-size-main=262144"
    "memorysetup-allocator-temp-initial-block-size-worker=262144"
    "memorysetup-temp-allocator-size-background-worker=32768"
    "memorysetup-temp-allocator-size-job-worker=262144"
    "memorysetup-temp-allocator-size-preload-manager=33554432"
    "memorysetup-temp-allocator-size-nav-mesh-worker=65536"
    "memorysetup-temp-allocator-size-audio-worker=65536"
    "memorysetup-temp-allocator-size-cloud-worker=32768"
    "memorysetup-temp-allocator-size-gi-baking-worker=262144"
    "memorysetup-temp-allocator-size-gfx=262144"
GetLocalIP: Error during connect: Network is unreachable
Player connection [139734293418944] Host "[IP] 172.19.0.1 [Port] 0 [Flags] 2 [Guid] 3121650598 [EditorId] 3121650598 [Version] 1048832 [Id] LinuxEditor(16,172.19.0.1) [Debug] 1 [PackageName] LinuxEditor [ProjectName] Editor" joined multi-casting on [225.0.0.222:54997]...

Player connection [139734293418944] Host "[IP] 172.19.0.1 [Port] 0 [Flags] 2 [Guid] 3121650598 [EditorId] 3121650598 [Version] 1048832 [Id] LinuxEditor(16,172.19.0.1) [Debug] 1 [PackageName] LinuxEditor [ProjectName] Editor" joined alternative multi-casting on [225.0.0.222:34997]...

[Physics::Module] Initialized MultithreadedJobDispatcher with 15 workers.
Refreshing native plugins compatible for Editor in 3,41 ms, found 1 plugins.
Preloading 0 native plugins for Editor in 0,00 ms.
Initialize engine version: 2022.3.10f1 (ff3792e53c62)
[Subsystems] Discovering subsystems at path /home/khajzner/Unity/Hub/Editor/2022.3.10f1/Editor/Data/Resources/UnitySubsystems
[Subsystems] Discovering subsystems at path /home/khajzner/Documents/GitHub/gaming-coursework/Gaming Coursework/Assets
GLX Extensions: GLX_ARB_context_flush_control GLX_ARB_create_context GLX_ARB_create_context_no_error GLX_ARB_create_context_profile GLX_ARB_create_context_robustness GLX_ARB_fbconfig_float GLX_ARB_framebuffer_sRGB GLX_ARB_get_proc_address GLX_ARB_multisample GLX_EXT_buffer_age GLX_EXT_create_context_es2_profile GLX_EXT_create_context_es_profile GLX_EXT_fbconfig_packed_float GLX_EXT_framebuffer_sRGB GLX_EXT_no_config_context GLX_EXT_swap_control GLX_EXT_swap_control_tear GLX_EXT_texture_from_pixmap GLX_EXT_visual_info GLX_EXT_visual_rating GLX_MESA_copy_sub_buffer GLX_MESA_query_renderer GLX_MESA_swap_control GLX_OML_swap_method GLX_OML_sync_control GLX_SGIS_multisample GLX_SGIX_fbconfig GLX_SGIX_pbuffer GLX_SGIX_visual_select_group GLX_SGI_make_current_read GLX_SGI_video_sync 
Renderer: Mesa Intel(R) UHD Graphics (TGL GT1)
Vendor:   Intel
Version:  4.6 (Core Profile) Mesa 23.0.4-0ubuntu1~22.04.1
GLES:     0
 GL_3DFX_texture_compression_FXT1 GL_AMD_conservative_depth GL_AMD_depth_clamp_separate GL_AMD_draw_buffers_blend GL_AMD_gpu_shader_int64 GL_AMD_multi_draw_indirect GL_AMD_performance_monitor GL_AMD_pinned_memory GL_AMD_query_buffer_object GL_AMD_seamless_cubemap_per_texture GL_AMD_shader_stencil_export GL_AMD_shader_trinary_minmax GL_AMD_texture_texture4 GL_AMD_vertex_shader_layer GL_AMD_vertex_shader_viewport_index GL_ANGLE_texture_compression_dxt3 GL_ANGLE_texture_compression_dxt5 GL_ARB_ES2_compatibility GL_ARB_ES3_1_compatibility GL_ARB_ES3_2_compatibility GL_ARB_ES3_compatibility GL_ARB_arrays_of_arrays GL_ARB_base_instance GL_ARB_blend_func_extended GL_ARB_buffer_storage GL_ARB_clear_buffer_object GL_ARB_clear_texture GL_ARB_clip_control GL_ARB_compressed_texture_pixel_storage GL_ARB_compute_shader GL_ARB_compute_variable_group_size GL_ARB_conditional_render_inverted GL_ARB_conservative_depth GL_ARB_copy_buffer GL_ARB_copy_image GL_ARB_cull_distance GL_ARB_debug_output GL_ARB_depth_buffer_float GL_ARB
_depth_clamp GL_ARB_derivative_control GL_ARB_direct_state_access GL_ARB_draw_buffers GL_ARB_draw_buffers_blend GL_ARB_draw_elements_base_vertex GL_ARB_draw_indirect GL_ARB_draw_instanced GL_ARB_enhanced_layouts GL_ARB_explicit_attrib_location GL_ARB_explicit_uniform_location GL_ARB_fragment_coord_conventions GL_ARB_fragment_layer_viewport GL_ARB_fragment_shader GL_ARB_fragment_shader_interlock GL_ARB_framebuffer_no_attachments GL_ARB_framebuffer_object GL_ARB_framebuffer_sRGB GL_ARB_get_program_binary GL_ARB_get_texture_sub_image GL_ARB_gl_spirv GL_ARB_gpu_shader5 GL_ARB_gpu_shader_fp64 GL_ARB_gpu_shader_int64 GL_ARB_half_float_pixel GL_ARB_half_float_vertex GL_ARB_indirect_parameters GL_ARB_instanced_arrays GL_ARB_internalformat_query GL_ARB_internalformat_query2 GL_ARB_invalidate_subdata GL_ARB_map_buffer_alignment GL_ARB_map_buffer_range GL_ARB_multi_bind GL_ARB_multi_draw_indirect GL_ARB_occlusion_query2 GL_ARB_parallel_shader_compile GL_ARB_pipeline_statistics_query GL_ARB_pixel_buffer_object GL_ARB_po
int_sprite GL_ARB_polygon_offset_clamp GL_ARB_post_depth_coverage GL_ARB_program_interface_query GL_ARB_provoking_vertex GL_ARB_query_buffer_object GL_ARB_robust_buffer_access_behavior GL_ARB_robustness GL_ARB_sample_shading GL_ARB_sampler_objects GL_ARB_seamless_cube_map GL_ARB_seamless_cubemap_per_texture GL_ARB_separate_shader_objects GL_ARB_shader_atomic_counter_ops GL_ARB_shader_atomic_counters GL_ARB_shader_ballot GL_ARB_shader_bit_encoding GL_ARB_shader_clock GL_ARB_shader_draw_parameters GL_ARB_shader_group_vote GL_ARB_shader_image_load_store GL_ARB_shader_image_size GL_ARB_shader_objects GL_ARB_shader_precision GL_ARB_shader_stencil_export GL_ARB_shader_storage_buffer_object GL_ARB_shader_subroutine GL_ARB_shader_texture_image_samples GL_ARB_shader_texture_lod GL_ARB_shader_viewport_layer_array GL_ARB_shading_language_420pack GL_ARB_shading_language_include GL_ARB_shading_language_packing GL_ARB_spirv_extensions GL_ARB_stencil_texturing GL_ARB_sync GL_ARB_tessellation_shader GL_ARB_texture_barrier G
L_ARB_texture_buffer_object GL_ARB_texture_buffer_object_rgb32 GL_ARB_texture_buffer_range GL_ARB_texture_compression_bptc GL_ARB_texture_compression_rgtc GL_ARB_texture_cube_map_array GL_ARB_texture_filter_anisotropic GL_ARB_texture_float GL_ARB_texture_gather GL_ARB_texture_mirror_clamp_to_edge GL_ARB_texture_multisample GL_ARB_texture_non_power_of_two GL_ARB_texture_query_levels GL_ARB_texture_query_lod GL_ARB_texture_rectangle GL_ARB_texture_rg GL_ARB_texture_rgb10_a2ui GL_ARB_texture_stencil8 GL_ARB_texture_storage GL_ARB_texture_storage_multisample GL_ARB_texture_swizzle GL_ARB_texture_view GL_ARB_timer_query GL_ARB_transform_feedback2 GL_ARB_transform_feedback3 GL_ARB_transform_feedback_instanced GL_ARB_transform_feedback_overflow_query GL_ARB_uniform_buffer_object GL_ARB_vertex_array_bgra GL_ARB_vertex_array_object GL_ARB_vertex_attrib_64bit GL_ARB_vertex_attrib_binding GL_ARB_vertex_buffer_object GL_ARB_vertex_shader GL_ARB_vertex_type_10f_11f_11f_rev GL_ARB_vertex_type_2_10_10_10_rev GL_ARB_viewpor
t_array GL_ATI_blend_equation_separate GL_ATI_texture_float GL_EXT_EGL_image_storage GL_EXT_EGL_sync GL_EXT_abgr GL_EXT_blend_equation_separate GL_EXT_debug_label GL_EXT_demote_to_helper_invocation GL_EXT_depth_bounds_test GL_EXT_draw_buffers2 GL_EXT_draw_instanced GL_EXT_framebuffer_blit GL_EXT_framebuffer_multisample GL_EXT_framebuffer_multisample_blit_scaled GL_EXT_framebuffer_object GL_EXT_framebuffer_sRGB GL_EXT_memory_object GL_EXT_memory_object_fd GL_EXT_packed_depth_stencil GL_EXT_packed_float GL_EXT_pixel_buffer_object GL_EXT_polygon_offset_clamp GL_EXT_provoking_vertex GL_EXT_semaphore GL_EXT_semaphore_fd GL_EXT_shader_framebuffer_fetch GL_EXT_shader_framebuffer_fetch_non_coherent GL_EXT_shader_integer_mix GL_EXT_shader_samples_identical GL_EXT_texture_array GL_EXT_texture_compression_dxt1 GL_EXT_texture_compression_rgtc GL_EXT_texture_compression_s3tc GL_EXT_texture_filter_anisotropic GL_EXT_texture_integer GL_EXT_texture_sRGB GL_EXT_texture_sRGB_R8 GL_EXT_texture_sRGB_decode GL_EXT_texture_shadow
_lod GL_EXT_texture_shared_exponent GL_EXT_texture_snorm GL_EXT_texture_swizzle GL_EXT_timer_query GL_EXT_transform_feedback GL_EXT_vertex_array_bgra GL_EXT_vertex_attrib_64bit GL_IBM_multimode_draw_arrays GL_INTEL_blackhole_render GL_INTEL_conservative_rasterization GL_INTEL_performance_query GL_INTEL_shader_atomic_float_minmax GL_INTEL_shader_integer_functions2 GL_KHR_blend_equation_advanced GL_KHR_blend_equation_advanced_coherent GL_KHR_context_flush_control GL_KHR_debug GL_KHR_no_error GL_KHR_parallel_shader_compile GL_KHR_robust_buffer_access_behavior GL_KHR_robustness GL_KHR_texture_compression_astc_ldr GL_KHR_texture_compression_astc_sliced_3d GL_MESA_framebuffer_flip_y GL_MESA_pack_invert GL_MESA_shader_integer_functions GL_MESA_texture_signed_rgba GL_NV_alpha_to_coverage_dither_control GL_NV_compute_shader_derivatives GL_NV_conditional_render GL_NV_copy_image GL_NV_depth_clamp GL_NV_fragment_shader_interlock GL_NV_packed_depth_stencil GL_NV_texture_barrier GL_OES_EGL_image GL_S3_s3tc
OPENGL LOG: Creating OpenGL 4.6 graphics device ; Context level  <OpenGL 4.5> ; Context handle 645163056
Initialize mono
Mono path[0] = '/home/khajzner/Unity/Hub/Editor/2022.3.10f1/Editor/Data/Managed'
Mono path[1] = '/home/khajzner/Unity/Hub/Editor/2022.3.10f1/Editor/Data/MonoBleedingEdge/lib/mono/unityjit-linux'
Mono config path = '/home/khajzner/Unity/Hub/Editor/2022.3.10f1/Editor/Data/MonoBleedingEdge/etc'
Using monoOptions --debugger-agent=transport=dt_socket,embedding=1,server=y,suspend=n,address=127.0.0.1:56958
Begin MonoManager ReloadAssembly
Registering precompiled unity dll's ...
Register platform support module: /home/khajzner/Unity/Hub/Editor/2022.3.10f1/Editor/Data/PlaybackEngines/WebGLSupport/UnityEditor.WebGL.Extensions.dll
Register platform support module: /home/khajzner/Unity/Hub/Editor/2022.3.10f1/Editor/Data/PlaybackEngines/LinuxStandaloneSupport/UnityEditor.LinuxStandalone.Extensions.dll
Registered in 0,006603 seconds.
- Loaded All Assemblies, in  0,396 seconds
Native extension for LinuxStandalone target not found
Native extension for WebGL target not found
Mono: successfully reloaded assembly
- Finished resetting the current domain, in  0,309 seconds
Domain Reload Profiling: 705ms
	BeginReloadAssembly (71ms)
		ExecutionOrderSort (0ms)
		DisableScriptedObjects (0ms)
		BackupInstance (0ms)
		ReleaseScriptingObjects (0ms)
		CreateAndSetChildDomain (1ms)
	RebuildCommonClasses (38ms)
	RebuildNativeTypeToScriptingClass (8ms)
	initialDomainReloadingComplete (81ms)
	LoadAllAssembliesAndSetupDomain (199ms)
		LoadAssemblies (70ms)
		RebuildTransferFunctionScriptingTraits (0ms)
		AnalyzeDomain (196ms)
			TypeCache.Refresh (194ms)
				TypeCache.ScanAssembly (179ms)
			ScanForSourceGeneratedMonoScriptInfo (0ms)
			ResolveRequiredComponents (0ms)
	FinalizeReload (310ms)
		ReleaseScriptCaches (0ms)
		RebuildScriptCaches (0ms)
		SetupLoadedEditorAssemblies (239ms)
			LogAssemblyErrors (0ms)
			InitializePlatformSupportModulesInManaged (11ms)
			SetLoadedEditorAssemblies (7ms)
			RefreshPlugins (0ms)
			BeforeProcessingInitializeOnLoad (2ms)
			ProcessInitializeOnLoadAttributes (164ms)
			ProcessInitializeOnLoadMethodAttributes (55ms)
			AfterProcessingInitializeOnLoad (0ms)
			EditorAssembliesLoaded (0ms)
		ExecutionOrderSort2 (0ms)
		AwakeInstancesAfterBackupRestoration (0ms)
========================================================================
Worker process is ready to serve import requests
Begin MonoManager ReloadAssembly
- Loaded All Assemblies, in  0,535 seconds
Refreshing native plugins compatible for Editor in 2,03 ms, found 1 plugins.
Native extension for LinuxStandalone target not found
Native extension for WebGL target not found
Package Manager log level set to [2]
[Package Manager] Server::EnsureServerProcessIsRunning -- launch failed, reason: Unity was launched with the -noUpm command-line argument
[Package Manager] UpmClient::Send -- Unable to send message (not connected to UPM process).
[Package Manager] Cannot connect to Unity Package Manager local server
Mono: successfully reloaded assembly
- Finished resetting the current domain, in  0,703 seconds
Domain Reload Profiling: 1237ms
	BeginReloadAssembly (108ms)
		ExecutionOrderSort (0ms)
		DisableScriptedObjects (5ms)
		BackupInstance (0ms)
		ReleaseScriptingObjects (0ms)
		CreateAndSetChildDomain (21ms)
	RebuildCommonClasses (33ms)
	RebuildNativeTypeToScriptingClass (7ms)
	initialDomainReloadingComplete (40ms)
	LoadAllAssembliesAndSetupDomain (345ms)
		LoadAssemblies (220ms)
		RebuildTransferFunctionScriptingTraits (0ms)
		AnalyzeDomain (173ms)
			TypeCache.Refresh (143ms)
				TypeCache.ScanAssembly (125ms)
			ScanForSourceGeneratedMonoScriptInfo (24ms)
			ResolveRequiredComponents (5ms)
	FinalizeReload (703ms)
		ReleaseScriptCaches (0ms)
		RebuildScriptCaches (0ms)
		SetupLoadedEditorAssemblies (490ms)
			LogAssemblyErrors (0ms)
			InitializePlatformSupportModulesInManaged (8ms)
			SetLoadedEditorAssemblies (6ms)
			RefreshPlugins (0ms)
			BeforeProcessingInitializeOnLoad (77ms)
			ProcessInitializeOnLoadAttributes (351ms)
			ProcessInitializeOnLoadMethodAttributes (45ms)
			AfterProcessingInitializeOnLoad (4ms)
			EditorAssembliesLoaded (0ms)
		ExecutionOrderSort2 (0ms)
		AwakeInstancesAfterBackupRestoration (4ms)
Launched and connected shader compiler UnityShaderCompiler after 0.01 seconds
Refreshing native plugins compatible for Editor in 1,77 ms, found 1 plugins.
Preloading 0 native plugins for Editor in 0,00 ms.
Unloading 4075 Unused Serialized files (Serialized files now loaded: 0)
Unloading 70 unused Assets / (173,6 KB). Loaded Objects now: 4532.
Memory consumption went from 137,8 MB to 137,7 MB.
Total: 5,635349 ms (FindLiveObjects: 0,302449 ms CreateObjectMapping: 0,180994 ms MarkObjects: 4,591625 ms  DeleteObjects: 0,558433 ms)

AssetImportParameters requested are different than current active one (requested -> active):
  custom:container-demuxer-ogg: 62fdf1f143b41e24485cea50d1cbac27 -> 
  custom:scripting/monoscript/fileName/FP_Cattail.cs: 97360e18c820bfb06f4fe3c478452f0c -> 4b2a0580a095f59a783f8ddd0be59928
  custom:video-decoder-ogg-theora: a1e56fd34408186e4bbccfd4996cb3dc -> 
  custom:scripting/monoscript/fileName/DUN_AnimatedCharacterSelection.cs: cd5c17a22bc20d0a6e1b6b5f9e8410f2 -> 6a427b7a69563db4b99edde9e71b84b7
  custom:CustomObjectIndexerAttribute: 306bfa6df2d96854e1ebb52f3ddacab7 -> 
  custom:container-demuxer-webm: 4f35f7cbe854078d1ac9338744f61a02 -> 
  custom:scripting/monoscript/fileName/SetAnimatorParameter.cs: eb6c1a609c980c44d2e606228dcc5f37 -> 151bd9964feabf9b3a061a93e06aa2ed
  custom:scripting/monoscript/fileName/DUN_Table.cs: 6f3633e8f9db2f40909c2acee3ea3ec0 -> ece2b61881f1c250cc6b59983432fc46
  custom:scripting/monoscript/fileName/DUN_Chair.cs: 4a732660be9e2b8619ee2e36a93d6081 -> 6d6a4b9a1d4cb67320545cbb34e2843b
  custom:scripting/monoscript/fileName/FP_Creeper.cs: 8ad32d91748e1a607f3b187dff9c2f87 -> 922aa8b69527cb9205fe444254d63eac
  custom:container-muxer-webm: aa71ff27fc2769a1b78a27578f13a17b -> 
  custom:video-decoder-webm-vp8: 9c59270c3fd7afecdb556c50c9e8de78 -> 
  custom:scripting/monoscript/fileName/FP_Flower.cs: c936b8b07bb28d9f337ffeb560e69e17 -> 76236d4f64cf513ce6cdb84792020585
  custom:SearchIndexIgnoredProperties: e643bd26f0fe6173181afceb89e7c659 -> 
  custom:AudioImporter_EditorPlatform: 2f0ff77a95e0ac474e3e8eeba4e2f7cb -> 
  custom:scripting/monoscript/fileName/AnimatedObjectsGroup.cs: c3839585b5062f5f9d728570371d926d -> 5026529618cc9ebfc36528587823ab92
  custom:scripting/monoscript/fileName/FP_GrassLong.cs: 4d8fc98e1ca27432046919d0ebb2d13b -> 07ce75b5a76a477cc9a80378c84e917a
  custom:scripting/monoscript/fileName/DUN_LootSack.cs: ea6ffcec08b32ae1243627687209a9e2 -> 8c4f4ce8a070ec4b6bf87c593a742f54
  custom:scripting/monoscript/fileName/FP_Pillar.cs: 7114f98cd6edd4a6911fdda1c7d79aad -> 1b81ee966917718bbeed6da573c2b13f
  custom:scripting/monoscript/fileName/MoveBackground.cs: c70bc306579e6f313656e637714969d3 -> 
  custom:scripting/monoscript/fileName/DUN_Banner.cs: ff53472d0db2c1c5141c47caf1b1a3d6 -> 9f4c31927c0e62e6145f29deecdc43bb
  custom:scripting/monoscript/fileName/CameraController.cs: f6a55d659ef90a4f0db390fd9a9a41d7 -> a4ae3001ac3dbd407e40cab3bd17a35f
  custom:scripting/monoscript/fileName/Bandit.cs: ca1d73c4f52e2ca39eaf8f2ec521b8f3 -> 
  custom:video-encoder-webm-vp8: eb34c28f22e8b96e1ab97ce403110664 -> 
  custom:audio-decoder-ogg-vorbis: bf7c407c2cedff20999df2af8eb42d56 -> 
  custom:scripting/monoscript/fileName/FP_Tree.cs: 032430ed2d4bb4a9c4c56ac6584d00e8 -> 2f1795a2f98701089a38df6a807f84f0
  custom:scripting/monoscript/fileName/DUN_Statue.cs: 48ce2f8ca04d3cc610469c08178ca390 -> 1e423eec584aaeacca18e84eeb95c339
  custom:scripting/monoscript/fileName/Sensor_Bandit.cs: b82e7b91239162915bd4535dd2e23f94 -> 
  custom:audio-encoder-webm-vorbis: bf7c407c2cedff20999df2af8eb42d56 -> 
  custom:scripting/monoscript/fileName/DUN_StaggerAnimation.cs: 771c7d5fdcf84d6e6889f58b22151017 -> 56da8bf76e32f9ae792df33056abc1b4
========================================================================
Received Prepare
Begin MonoManager ReloadAssembly
- Loaded All Assemblies, in  0,464 seconds
Refreshing native plugins compatible for Editor in 1,94 ms, found 1 plugins.
Native extension for LinuxStandalone target not found
Native extension for WebGL target not found
[Package Manager] Server::EnsureServerProcessIsRunning -- launch failed, reason: Unity was launched with the -noUpm command-line argument
[Package Manager] UpmClient::Send -- Unable to send message (not connected to UPM process).
[Package Manager] Cannot connect to Unity Package Manager local server
Mono: successfully reloaded assembly
- Finished resetting the current domain, in  0,990 seconds
Domain Reload Profiling: 1453ms
	BeginReloadAssembly (167ms)
		ExecutionOrderSort (0ms)
		DisableScriptedObjects (15ms)
		BackupInstance (0ms)
		ReleaseScriptingObjects (0ms)
		CreateAndSetChildDomain (54ms)
	RebuildCommonClasses (41ms)
	RebuildNativeTypeToScriptingClass (9ms)
	initialDomainReloadingComplete (35ms)
	LoadAllAssembliesAndSetupDomain (210ms)
		LoadAssemblies (257ms)
		RebuildTransferFunctionScriptingTraits (0ms)
		AnalyzeDomain (17ms)
			TypeCache.Refresh (9ms)
				TypeCache.ScanAssembly (0ms)
			ScanForSourceGeneratedMonoScriptInfo (0ms)
			ResolveRequiredComponents (6ms)
	FinalizeReload (991ms)
		ReleaseScriptCaches (0ms)
		RebuildScriptCaches (0ms)
		SetupLoadedEditorAssemblies (558ms)
			LogAssemblyErrors (0ms)
			InitializePlatformSupportModulesInManaged (8ms)
			SetLoadedEditorAssemblies (7ms)
			RefreshPlugins (0ms)
			BeforeProcessingInitializeOnLoad (82ms)
			ProcessInitializeOnLoadAttributes (388ms)
			ProcessInitializeOnLoadMethodAttributes (65ms)
			AfterProcessingInitializeOnLoad (8ms)
			EditorAssembliesLoaded (0ms)
		ExecutionOrderSort2 (0ms)
		AwakeInstancesAfterBackupRestoration (20ms)
Refreshing native plugins compatible for Editor in 1,93 ms, found 1 plugins.
Preloading 0 native plugins for Editor in 0,00 ms.
Unloading 4057 Unused Serialized files (Serialized files now loaded: 0)
Unloading 42 unused Assets / (154,9 KB). Loaded Objects now: 4537.
Memory consumption went from 133,4 MB to 133,3 MB.
Total: 4,980436 ms (FindLiveObjects: 0,429271 ms CreateObjectMapping: 0,189831 ms MarkObjects: 4,113564 ms  DeleteObjects: 0,245807 ms)

Prepare: number of updated asset objects reloaded= 0
AssetImportParameters requested are different than current active one (requested -> active):
  custom:container-demuxer-ogg: 62fdf1f143b41e24485cea50d1cbac27 -> 
  custom:scripting/monoscript/fileName/FP_Cattail.cs: 97360e18c820bfb06f4fe3c478452f0c -> 4b2a0580a095f59a783f8ddd0be59928
  custom:video-decoder-ogg-theora: a1e56fd34408186e4bbccfd4996cb3dc -> 
  custom:scripting/monoscript/fileName/DUN_AnimatedCharacterSelection.cs: cd5c17a22bc20d0a6e1b6b5f9e8410f2 -> 6a427b7a69563db4b99edde9e71b84b7
  custom:CustomObjectIndexerAttribute: 306bfa6df2d96854e1ebb52f3ddacab7 -> 
  custom:container-demuxer-webm: 4f35f7cbe854078d1ac9338744f61a02 -> 
  custom:scripting/monoscript/fileName/SetAnimatorParameter.cs: eb6c1a609c980c44d2e606228dcc5f37 -> 151bd9964feabf9b3a061a93e06aa2ed
  custom:scripting/monoscript/fileName/DUN_Table.cs: 6f3633e8f9db2f40909c2acee3ea3ec0 -> ece2b61881f1c250cc6b59983432fc46
  custom:scripting/monoscript/fileName/DUN_Chair.cs: 4a732660be9e2b8619ee2e36a93d6081 -> 6d6a4b9a1d4cb67320545cbb34e2843b
  custom:scripting/monoscript/fileName/FP_Creeper.cs: 8ad32d91748e1a607f3b187dff9c2f87 -> 922aa8b69527cb9205fe444254d63eac
  custom:container-muxer-webm: aa71ff27fc2769a1b78a27578f13a17b -> 
  custom:video-decoder-webm-vp8: 9c59270c3fd7afecdb556c50c9e8de78 -> 
  custom:scripting/monoscript/fileName/FP_Flower.cs: c936b8b07bb28d9f337ffeb560e69e17 -> 76236d4f64cf513ce6cdb84792020585
  custom:SearchIndexIgnoredProperties: e643bd26f0fe6173181afceb89e7c659 -> 
  custom:AudioImporter_EditorPlatform: 2f0ff77a95e0ac474e3e8eeba4e2f7cb -> 
  custom:scripting/monoscript/fileName/AnimatedObjectsGroup.cs: c3839585b5062f5f9d728570371d926d -> 5026529618cc9ebfc36528587823ab92
  custom:scripting/monoscript/fileName/FP_GrassLong.cs: 4d8fc98e1ca27432046919d0ebb2d13b -> 07ce75b5a76a477cc9a80378c84e917a
  custom:scripting/monoscript/fileName/DUN_LootSack.cs: ea6ffcec08b32ae1243627687209a9e2 -> 8c4f4ce8a070ec4b6bf87c593a742f54
  custom:scripting/monoscript/fileName/FP_Pillar.cs: 7114f98cd6edd4a6911fdda1c7d79aad -> 1b81ee966917718bbeed6da573c2b13f
  custom:scripting/monoscript/fileName/MoveBackground.cs: c70bc306579e6f313656e637714969d3 -> 
  custom:scripting/monoscript/fileName/DUN_Banner.cs: ff53472d0db2c1c5141c47caf1b1a3d6 -> 9f4c31927c0e62e6145f29deecdc43bb
  custom:scripting/monoscript/fileName/CameraController.cs: f6a55d659ef90a4f0db390fd9a9a41d7 -> a4ae3001ac3dbd407e40cab3bd17a35f
  custom:scripting/monoscript/fileName/Bandit.cs: ca1d73c4f52e2ca39eaf8f2ec521b8f3 -> 
  custom:video-encoder-webm-vp8: eb34c28f22e8b96e1ab97ce403110664 -> 
  custom:audio-decoder-ogg-vorbis: bf7c407c2cedff20999df2af8eb42d56 -> 
  custom:scripting/monoscript/fileName/FP_Tree.cs: 032430ed2d4bb4a9c4c56ac6584d00e8 -> 2f1795a2f98701089a38df6a807f84f0
  custom:scripting/monoscript/fileName/DUN_Statue.cs: 48ce2f8ca04d3cc610469c08178ca390 -> 1e423eec584aaeacca18e84eeb95c339
  custom:scripting/monoscript/fileName/Sensor_Bandit.cs: b82e7b91239162915bd4535dd2e23f94 -> 
  custom:audio-encoder-webm-vorbis: bf7c407c2cedff20999df2af8eb42d56 -> 
  custom:scripting/monoscript/fileName/DUN_StaggerAnimation.cs: 771c7d5fdcf84d6e6889f58b22151017 -> 56da8bf76e32f9ae792df33056abc1b4
========================================================================
Received Prepare
Begin MonoManager ReloadAssembly
- Loaded All Assemblies, in  0,421 seconds
Refreshing native plugins compatible for Editor in 2,00 ms, found 1 plugins.
Native extension for LinuxStandalone target not found
Native extension for WebGL target not found
[Package Manager] Server::EnsureServerProcessIsRunning -- launch failed, reason: Unity was launched with the -noUpm command-line argument
[Package Manager] UpmClient::Send -- Unable to send message (not connected to UPM process).
[Package Manager] Cannot connect to Unity Package Manager local server
Mono: successfully reloaded assembly
- Finished resetting the current domain, in  0,892 seconds
Domain Reload Profiling: 1312ms
	BeginReloadAssembly (135ms)
		ExecutionOrderSort (0ms)
		DisableScriptedObjects (13ms)
		BackupInstance (0ms)
		ReleaseScriptingObjects (0ms)
		CreateAndSetChildDomain (39ms)
	RebuildCommonClasses (41ms)
	RebuildNativeTypeToScriptingClass (9ms)
	initialDomainReloadingComplete (30ms)
	LoadAllAssembliesAndSetupDomain (204ms)
		LoadAssemblies (241ms)
		RebuildTransferFunctionScriptingTraits (0ms)
		AnalyzeDomain (15ms)
			TypeCache.Refresh (8ms)
				TypeCache.ScanAssembly (0ms)
			ScanForSourceGeneratedMonoScriptInfo (0ms)
			ResolveRequiredComponents (6ms)
	FinalizeReload (893ms)
		ReleaseScriptCaches (0ms)
		RebuildScriptCaches (0ms)
		SetupLoadedEditorAssemblies (483ms)
			LogAssemblyErrors (0ms)
			InitializePlatformSupportModulesInManaged (8ms)
			SetLoadedEditorAssemblies (7ms)
			RefreshPlugins (0ms)
			BeforeProcessingInitializeOnLoad (77ms)
			ProcessInitializeOnLoadAttributes (348ms)
			ProcessInitializeOnLoadMethodAttributes (39ms)
			AfterProcessingInitializeOnLoad (4ms)
			EditorAssembliesLoaded (0ms)
		ExecutionOrderSort2 (0ms)
		AwakeInstancesAfterBackupRestoration (13ms)
Refreshing native plugins compatible for Editor in 2,04 ms, found 1 plugins.
Preloading 0 native plugins for Editor in 0,00 ms.
Unloading 4057 Unused Serialized files (Serialized files now loaded: 0)
Unloading 42 unused Assets / (154,9 KB). Loaded Objects now: 4541.
Memory consumption went from 133,4 MB to 133,3 MB.
Total: 5,760446 ms (FindLiveObjects: 0,399764 ms CreateObjectMapping: 0,237442 ms MarkObjects: 4,770175 ms  DeleteObjects: 0,349557 ms)

Prepare: number of updated asset objects reloaded= 0
AssetImportParameters requested are different than current active one (requested -> active):
  custom:container-demuxer-ogg: 62fdf1f143b41e24485cea50d1cbac27 -> 
  custom:scripting/monoscript/fileName/FP_Cattail.cs: 97360e18c820bfb06f4fe3c478452f0c -> 4b2a0580a095f59a783f8ddd0be59928
  custom:video-decoder-ogg-theora: a1e56fd34408186e4bbccfd4996cb3dc -> 
  custom:scripting/monoscript/fileName/DUN_AnimatedCharacterSelection.cs: cd5c17a22bc20d0a6e1b6b5f9e8410f2 -> 6a427b7a69563db4b99edde9e71b84b7
  custom:CustomObjectIndexerAttribute: 306bfa6df2d96854e1ebb52f3ddacab7 -> 
  custom:container-demuxer-webm: 4f35f7cbe854078d1ac9338744f61a02 -> 
  custom:scripting/monoscript/fileName/SetAnimatorParameter.cs: eb6c1a609c980c44d2e606228dcc5f37 -> 151bd9964feabf9b3a061a93e06aa2ed
  custom:scripting/monoscript/fileName/DUN_Table.cs: 6f3633e8f9db2f40909c2acee3ea3ec0 -> ece2b61881f1c250cc6b59983432fc46
  custom:scripting/monoscript/fileName/DUN_Chair.cs: 4a732660be9e2b8619ee2e36a93d6081 -> 6d6a4b9a1d4cb67320545cbb34e2843b
  custom:scripting/monoscript/fileName/FP_Creeper.cs: 8ad32d91748e1a607f3b187dff9c2f87 -> 922aa8b69527cb9205fe444254d63eac
  custom:container-muxer-webm: aa71ff27fc2769a1b78a27578f13a17b -> 
  custom:video-decoder-webm-vp8: 9c59270c3fd7afecdb556c50c9e8de78 -> 
  custom:scripting/monoscript/fileName/FP_Flower.cs: c936b8b07bb28d9f337ffeb560e69e17 -> 76236d4f64cf513ce6cdb84792020585
  custom:SearchIndexIgnoredProperties: e643bd26f0fe6173181afceb89e7c659 -> 
  custom:AudioImporter_EditorPlatform: 2f0ff77a95e0ac474e3e8eeba4e2f7cb -> 
  custom:scripting/monoscript/fileName/AnimatedObjectsGroup.cs: c3839585b5062f5f9d728570371d926d -> 5026529618cc9ebfc36528587823ab92
  custom:scripting/monoscript/fileName/FP_GrassLong.cs: 4d8fc98e1ca27432046919d0ebb2d13b -> 07ce75b5a76a477cc9a80378c84e917a
  custom:scripting/monoscript/fileName/DUN_LootSack.cs: ea6ffcec08b32ae1243627687209a9e2 -> 8c4f4ce8a070ec4b6bf87c593a742f54
  custom:scripting/monoscript/fileName/FP_Pillar.cs: 7114f98cd6edd4a6911fdda1c7d79aad -> 1b81ee966917718bbeed6da573c2b13f
  custom:scripting/monoscript/fileName/MoveBackground.cs: c70bc306579e6f313656e637714969d3 -> 
  custom:scripting/monoscript/fileName/DUN_Banner.cs: ff53472d0db2c1c5141c47caf1b1a3d6 -> 9f4c31927c0e62e6145f29deecdc43bb
  custom:scripting/monoscript/fileName/CameraController.cs: f6a55d659ef90a4f0db390fd9a9a41d7 -> a4ae3001ac3dbd407e40cab3bd17a35f
  custom:scripting/monoscript/fileName/Bandit.cs: ca1d73c4f52e2ca39eaf8f2ec521b8f3 -> 
  custom:video-encoder-webm-vp8: eb34c28f22e8b96e1ab97ce403110664 -> 
  custom:audio-decoder-ogg-vorbis: bf7c407c2cedff20999df2af8eb42d56 -> 
  custom:scripting/monoscript/fileName/FP_Tree.cs: 032430ed2d4bb4a9c4c56ac6584d00e8 -> 2f1795a2f98701089a38df6a807f84f0
  custom:scripting/monoscript/fileName/DUN_Statue.cs: 48ce2f8ca04d3cc610469c08178ca390 -> 1e423eec584aaeacca18e84eeb95c339
  custom:scripting/monoscript/fileName/Sensor_Bandit.cs: b82e7b91239162915bd4535dd2e23f94 -> 
  custom:audio-encoder-webm-vorbis: bf7c407c2cedff20999df2af8eb42d56 -> 
  custom:scripting/monoscript/fileName/DUN_StaggerAnimation.cs: 771c7d5fdcf84d6e6889f58b22151017 -> 56da8bf76e32f9ae792df33056abc1b4
========================================================================
Received Prepare
Begin MonoManager ReloadAssembly
- Loaded All Assemblies, in  0,373 seconds
Refreshing native plugins compatible for Editor in 1,54 ms, found 1 plugins.
Native extension for LinuxStandalone target not found
Native extension for WebGL target not found
[Package Manager] Server::EnsureServerProcessIsRunning -- launch failed, reason: Unity was launched with the -noUpm command-line argument
[Package Manager] UpmClient::Send -- Unable to send message (not connected to UPM process).
[Package Manager] Cannot connect to Unity Package Manager local server
Mono: successfully reloaded assembly
- Finished resetting the current domain, in  0,782 seconds
Domain Reload Profiling: 1154ms
	BeginReloadAssembly (120ms)
		ExecutionOrderSort (0ms)
		DisableScriptedObjects (12ms)
		BackupInstance (0ms)
		ReleaseScriptingObjects (0ms)
		CreateAndSetChildDomain (35ms)
	RebuildCommonClasses (35ms)
	RebuildNativeTypeToScriptingClass (8ms)
	initialDomainReloadingComplete (27ms)
	LoadAllAssembliesAndSetupDomain (182ms)
		LoadAssemblies (214ms)
		RebuildTransferFunctionScriptingTraits (0ms)
		AnalyzeDomain (13ms)
			TypeCache.Refresh (7ms)
				TypeCache.ScanAssembly (0ms)
			ScanForSourceGeneratedMonoScriptInfo (0ms)
			ResolveRequiredComponents (5ms)
	FinalizeReload (783ms)
		ReleaseScriptCaches (0ms)
		RebuildScriptCaches (0ms)
		SetupLoadedEditorAssemblies (421ms)
			LogAssemblyErrors (0ms)
			InitializePlatformSupportModulesInManaged (9ms)
			SetLoadedEditorAssemblies (7ms)
			RefreshPlugins (0ms)
			BeforeProcessingInitializeOnLoad (73ms)
			ProcessInitializeOnLoadAttributes (290ms)
			ProcessInitializeOnLoadMethodAttributes (39ms)
			AfterProcessingInitializeOnLoad (3ms)
			EditorAssembliesLoaded (0ms)
		ExecutionOrderSort2 (0ms)
		AwakeInstancesAfterBackupRestoration (13ms)
Refreshing native plugins compatible for Editor in 1,86 ms, found 1 plugins.
Preloading 0 native plugins for Editor in 0,00 ms.
Unloading 4057 Unused Serialized files (Serialized files now loaded: 0)
Unloading 42 unused Assets / (155,0 KB). Loaded Objects now: 4545.
Memory consumption went from 133,4 MB to 133,3 MB.
Total: 6,726605 ms (FindLiveObjects: 0,494437 ms CreateObjectMapping: 0,322781 ms MarkObjects: 5,680065 ms  DeleteObjects: 0,227122 ms)

Prepare: number of updated asset objects reloaded= 0
AssetImportParameters requested are different than current active one (requested -> active):
  custom:container-demuxer-ogg: 62fdf1f143b41e24485cea50d1cbac27 -> 
  custom:scripting/monoscript/fileName/FP_Cattail.cs: 97360e18c820bfb06f4fe3c478452f0c -> 4b2a0580a095f59a783f8ddd0be59928
  custom:video-decoder-ogg-theora: a1e56fd34408186e4bbccfd4996cb3dc -> 
  custom:scripting/monoscript/fileName/DUN_AnimatedCharacterSelection.cs: cd5c17a22bc20d0a6e1b6b5f9e8410f2 -> 6a427b7a69563db4b99edde9e71b84b7
  custom:CustomObjectIndexerAttribute: 306bfa6df2d96854e1ebb52f3ddacab7 -> 
  custom:container-demuxer-webm: 4f35f7cbe854078d1ac9338744f61a02 -> 
  custom:scripting/monoscript/fileName/SetAnimatorParameter.cs: eb6c1a609c980c44d2e606228dcc5f37 -> 151bd9964feabf9b3a061a93e06aa2ed
  custom:scripting/monoscript/fileName/DUN_Table.cs: 6f3633e8f9db2f40909c2acee3ea3ec0 -> ece2b61881f1c250cc6b59983432fc46
  custom:scripting/monoscript/fileName/DUN_Chair.cs: 4a732660be9e2b8619ee2e36a93d6081 -> 6d6a4b9a1d4cb67320545cbb34e2843b
  custom:scripting/monoscript/fileName/FP_Creeper.cs: 8ad32d91748e1a607f3b187dff9c2f87 -> 922aa8b69527cb9205fe444254d63eac
  custom:container-muxer-webm: aa71ff27fc2769a1b78a27578f13a17b -> 
  custom:video-decoder-webm-vp8: 9c59270c3fd7afecdb556c50c9e8de78 -> 
  custom:scripting/monoscript/fileName/FP_Flower.cs: c936b8b07bb28d9f337ffeb560e69e17 -> 76236d4f64cf513ce6cdb84792020585
  custom:SearchIndexIgnoredProperties: e643bd26f0fe6173181afceb89e7c659 -> 
  custom:AudioImporter_EditorPlatform: 2f0ff77a95e0ac474e3e8eeba4e2f7cb -> 
  custom:scripting/monoscript/fileName/AnimatedObjectsGroup.cs: c3839585b5062f5f9d728570371d926d -> 5026529618cc9ebfc36528587823ab92
  custom:scripting/monoscript/fileName/FP_GrassLong.cs: 4d8fc98e1ca27432046919d0ebb2d13b -> 07ce75b5a76a477cc9a80378c84e917a
  custom:scripting/monoscript/fileName/DUN_LootSack.cs: ea6ffcec08b32ae1243627687209a9e2 -> 8c4f4ce8a070ec4b6bf87c593a742f54
  custom:scripting/monoscript/fileName/FP_Pillar.cs: 7114f98cd6edd4a6911fdda1c7d79aad -> 1b81ee966917718bbeed6da573c2b13f
  custom:scripting/monoscript/fileName/MoveBackground.cs: c70bc306579e6f313656e637714969d3 -> 
  custom:scripting/monoscript/fileName/DUN_Banner.cs: ff53472d0db2c1c5141c47caf1b1a3d6 -> 9f4c31927c0e62e6145f29deecdc43bb
  custom:scripting/monoscript/fileName/CameraController.cs: f6a55d659ef90a4f0db390fd9a9a41d7 -> a4ae3001ac3dbd407e40cab3bd17a35f
  custom:scripting/monoscript/fileName/Bandit.cs: ca1d73c4f52e2ca39eaf8f2ec521b8f3 -> 
  custom:video-encoder-webm-vp8: eb34c28f22e8b96e1ab97ce403110664 -> 
  custom:audio-decoder-ogg-vorbis: bf7c407c2cedff20999df2af8eb42d56 -> 
  custom:scripting/monoscript/fileName/FP_Tree.cs: 032430ed2d4bb4a9c4c56ac6584d00e8 -> 2f1795a2f98701089a38df6a807f84f0
  custom:scripting/monoscript/fileName/DUN_Statue.cs: 48ce2f8ca04d3cc610469c08178ca390 -> 1e423eec584aaeacca18e84eeb95c339
  custom:scripting/monoscript/fileName/Sensor_Bandit.cs: b82e7b91239162915bd4535dd2e23f94 -> 
  custom:audio-encoder-webm-vorbis: bf7c407c2cedff20999df2af8eb42d56 -> 
  custom:scripting/monoscript/fileName/DUN_StaggerAnimation.cs: 771c7d5fdcf84d6e6889f58b22151017 -> 56da8bf76e32f9ae792df33056abc1b4
========================================================================
Received Prepare
Begin MonoManager ReloadAssembly
- Loaded All Assemblies, in  0,371 seconds
Refreshing native plugins compatible for Editor in 1,74 ms, found 1 plugins.
Native extension for LinuxStandalone target not found
Native extension for WebGL target not found
[Package Manager] Server::EnsureServerProcessIsRunning -- launch failed, reason: Unity was launched with the -noUpm command-line argument
[Package Manager] UpmClient::Send -- Unable to send message (not connected to UPM process).
[Package Manager] Cannot connect to Unity Package Manager local server
Mono: successfully reloaded assembly
- Finished resetting the current domain, in  0,832 seconds
Domain Reload Profiling: 1203ms
	BeginReloadAssembly (116ms)
		ExecutionOrderSort (0ms)
		DisableScriptedObjects (11ms)
		BackupInstance (0ms)
		ReleaseScriptingObjects (0ms)
		CreateAndSetChildDomain (34ms)
	RebuildCommonClasses (34ms)
	RebuildNativeTypeToScriptingClass (8ms)
	initialDomainReloadingComplete (26ms)
	LoadAllAssembliesAndSetupDomain (186ms)
		LoadAssemblies (216ms)
		RebuildTransferFunctionScriptingTraits (0ms)
		AnalyzeDomain (13ms)
			TypeCache.Refresh (7ms)
				TypeCache.ScanAssembly (0ms)
			ScanForSourceGeneratedMonoScriptInfo (0ms)
			ResolveRequiredComponents (5ms)
	FinalizeReload (833ms)
		ReleaseScriptCaches (0ms)
		RebuildScriptCaches (0ms)
		SetupLoadedEditorAssemblies (433ms)
			LogAssemblyErrors (0ms)
			InitializePlatformSupportModulesInManaged (7ms)
			SetLoadedEditorAssemblies (6ms)
			RefreshPlugins (0ms)
			BeforeProcessingInitializeOnLoad (70ms)
			ProcessInitializeOnLoadAttributes (305ms)
			ProcessInitializeOnLoadMethodAttributes (42ms)
			AfterProcessingInitializeOnLoad (4ms)
			EditorAssembliesLoaded (0ms)
		ExecutionOrderSort2 (0ms)
		AwakeInstancesAfterBackupRestoration (13ms)
Refreshing native plugins compatible for Editor in 1,57 ms, found 1 plugins.
Preloading 0 native plugins for Editor in 0,00 ms.
Unloading 4057 Unused Serialized files (Serialized files now loaded: 0)
Unloading 42 unused Assets / (156,0 KB). Loaded Objects now: 4549.
Memory consumption went from 133,4 MB to 133,3 MB.
Total: 4,595504 ms (FindLiveObjects: 0,351504 ms CreateObjectMapping: 0,176733 ms MarkObjects: 3,856091 ms  DeleteObjects: 0,208918 ms)

Prepare: number of updated asset objects reloaded= 0
AssetImportParameters requested are different than current active one (requested -> active):
  custom:container-demuxer-ogg: 62fdf1f143b41e24485cea50d1cbac27 -> 
  custom:scripting/monoscript/fileName/FP_Cattail.cs: 97360e18c820bfb06f4fe3c478452f0c -> 4b2a0580a095f59a783f8ddd0be59928
  custom:video-decoder-ogg-theora: a1e56fd34408186e4bbccfd4996cb3dc -> 
  custom:scripting/monoscript/fileName/DUN_AnimatedCharacterSelection.cs: cd5c17a22bc20d0a6e1b6b5f9e8410f2 -> 6a427b7a69563db4b99edde9e71b84b7
  custom:CustomObjectIndexerAttribute: 306bfa6df2d96854e1ebb52f3ddacab7 -> 
  custom:container-demuxer-webm: 4f35f7cbe854078d1ac9338744f61a02 -> 
  custom:scripting/monoscript/fileName/SetAnimatorParameter.cs: eb6c1a609c980c44d2e606228dcc5f37 -> 151bd9964feabf9b3a061a93e06aa2ed
  custom:scripting/monoscript/fileName/DUN_Table.cs: 6f3633e8f9db2f40909c2acee3ea3ec0 -> ece2b61881f1c250cc6b59983432fc46
  custom:scripting/monoscript/fileName/DUN_Chair.cs: 4a732660be9e2b8619ee2e36a93d6081 -> 6d6a4b9a1d4cb67320545cbb34e2843b
  custom:scripting/monoscript/fileName/FP_Creeper.cs: 8ad32d91748e1a607f3b187dff9c2f87 -> 922aa8b69527cb9205fe444254d63eac
  custom:container-muxer-webm: aa71ff27fc2769a1b78a27578f13a17b -> 
  custom:video-decoder-webm-vp8: 9c59270c3fd7afecdb556c50c9e8de78 -> 
  custom:scripting/monoscript/fileName/FP_Flower.cs: c936b8b07bb28d9f337ffeb560e69e17 -> 76236d4f64cf513ce6cdb84792020585
  custom:SearchIndexIgnoredProperties: e643bd26f0fe6173181afceb89e7c659 -> 
  custom:AudioImporter_EditorPlatform: 2f0ff77a95e0ac474e3e8eeba4e2f7cb -> 
  custom:scripting/monoscript/fileName/AnimatedObjectsGroup.cs: c3839585b5062f5f9d728570371d926d -> 5026529618cc9ebfc36528587823ab92
  custom:scripting/monoscript/fileName/FP_GrassLong.cs: 4d8fc98e1ca27432046919d0ebb2d13b -> 07ce75b5a76a477cc9a80378c84e917a
  custom:scripting/monoscript/fileName/DUN_LootSack.cs: ea6ffcec08b32ae1243627687209a9e2 -> 8c4f4ce8a070ec4b6bf87c593a742f54
  custom:scripting/monoscript/fileName/FP_Pillar.cs: 7114f98cd6edd4a6911fdda1c7d79aad -> 1b81ee966917718bbeed6da573c2b13f
  custom:scripting/monoscript/fileName/MoveBackground.cs: c70bc306579e6f313656e637714969d3 -> 
  custom:scripting/monoscript/fileName/DUN_Banner.cs: ff53472d0db2c1c5141c47caf1b1a3d6 -> 9f4c31927c0e62e6145f29deecdc43bb
  custom:scripting/monoscript/fileName/CameraController.cs: f6a55d659ef90a4f0db390fd9a9a41d7 -> a4ae3001ac3dbd407e40cab3bd17a35f
  custom:scripting/monoscript/fileName/Bandit.cs: ca1d73c4f52e2ca39eaf8f2ec521b8f3 -> 
  custom:video-encoder-webm-vp8: eb34c28f22e8b96e1ab97ce403110664 -> 
  custom:audio-decoder-ogg-vorbis: bf7c407c2cedff20999df2af8eb42d56 -> 
  custom:scripting/monoscript/fileName/FP_Tree.cs: 032430ed2d4bb4a9c4c56ac6584d00e8 -> 2f1795a2f98701089a38df6a807f84f0
  custom:scripting/monoscript/fileName/DUN_Statue.cs: 48ce2f8ca04d3cc610469c08178ca390 -> 1e423eec584aaeacca18e84eeb95c339
  custom:scripting/monoscript/fileName/Sensor_Bandit.cs: b82e7b91239162915bd4535dd2e23f94 -> 
  custom:audio-encoder-webm-vorbis: bf7c407c2cedff20999df2af8eb42d56 -> 
  custom:scripting/monoscript/fileName/DUN_StaggerAnimation.cs: 771c7d5fdcf84d6e6889f58b22151017 -> 56da8bf76e32f9ae792df33056abc1b4
========================================================================
Received Prepare
Begin MonoManager ReloadAssembly
- Loaded All Assemblies, in  0,384 seconds
Refreshing native plugins compatible for Editor in 1,62 ms, found 1 plugins.
Native extension for LinuxStandalone target not found
Native extension for WebGL target not found
[Package Manager] Server::EnsureServerProcessIsRunning -- launch failed, reason: Unity was launched with the -noUpm command-line argument
[Package Manager] UpmClient::Send -- Unable to send message (not connected to UPM process).
[Package Manager] Cannot connect to Unity Package Manager local server
Mono: successfully reloaded assembly
- Finished resetting the current domain, in  0,809 seconds
Domain Reload Profiling: 1192ms
	BeginReloadAssembly (127ms)
		ExecutionOrderSort (0ms)
		DisableScriptedObjects (12ms)
		BackupInstance (0ms)
		ReleaseScriptingObjects (0ms)
		CreateAndSetChildDomain (36ms)
	RebuildCommonClasses (34ms)
	RebuildNativeTypeToScriptingClass (8ms)
	initialDomainReloadingComplete (26ms)
	LoadAllAssembliesAndSetupDomain (187ms)
		LoadAssemblies (221ms)
		RebuildTransferFunctionScriptingTraits (0ms)
		AnalyzeDomain (13ms)
			TypeCache.Refresh (7ms)
				TypeCache.ScanAssembly (0ms)
			ScanForSourceGeneratedMonoScriptInfo (0ms)
			ResolveRequiredComponents (5ms)
	FinalizeReload (809ms)
		ReleaseScriptCaches (0ms)
		RebuildScriptCaches (0ms)
		SetupLoadedEditorAssemblies (431ms)
			LogAssemblyErrors (0ms)
			InitializePlatformSupportModulesInManaged (11ms)
			SetLoadedEditorAssemblies (9ms)
			RefreshPlugins (0ms)
			BeforeProcessingInitializeOnLoad (72ms)
			ProcessInitializeOnLoadAttributes (297ms)
			ProcessInitializeOnLoadMethodAttributes (38ms)
			AfterProcessingInitializeOnLoad (4ms)
			EditorAssembliesLoaded (0ms)
		ExecutionOrderSort2 (0ms)
		AwakeInstancesAfterBackupRestoration (12ms)
Refreshing native plugins compatible for Editor in 1,67 ms, found 1 plugins.
Preloading 0 native plugins for Editor in 0,00 ms.
Unloading 4057 Unused Serialized files (Serialized files now loaded: 0)
Unloading 42 unused Assets / (155,1 KB). Loaded Objects now: 4553.
Memory consumption went from 133,4 MB to 133,3 MB.
Total: 5,422292 ms (FindLiveObjects: 0,435112 ms CreateObjectMapping: 0,208986 ms MarkObjects: 4,521271 ms  DeleteObjects: 0,255105 ms)

Prepare: number of updated asset objects reloaded= 0
AssetImportParameters requested are different than current active one (requested -> active):
  custom:container-demuxer-ogg: 62fdf1f143b41e24485cea50d1cbac27 -> 
  custom:scripting/monoscript/fileName/FP_Cattail.cs: 97360e18c820bfb06f4fe3c478452f0c -> 4b2a0580a095f59a783f8ddd0be59928
  custom:video-decoder-ogg-theora: a1e56fd34408186e4bbccfd4996cb3dc -> 
  custom:scripting/monoscript/fileName/DUN_AnimatedCharacterSelection.cs: cd5c17a22bc20d0a6e1b6b5f9e8410f2 -> 6a427b7a69563db4b99edde9e71b84b7
  custom:CustomObjectIndexerAttribute: 306bfa6df2d96854e1ebb52f3ddacab7 -> 
  custom:container-demuxer-webm: 4f35f7cbe854078d1ac9338744f61a02 -> 
  custom:scripting/monoscript/fileName/SetAnimatorParameter.cs: eb6c1a609c980c44d2e606228dcc5f37 -> 151bd9964feabf9b3a061a93e06aa2ed
  custom:scripting/monoscript/fileName/DUN_Table.cs: 6f3633e8f9db2f40909c2acee3ea3ec0 -> ece2b61881f1c250cc6b59983432fc46
  custom:scripting/monoscript/fileName/DUN_Chair.cs: 4a732660be9e2b8619ee2e36a93d6081 -> 6d6a4b9a1d4cb67320545cbb34e2843b
  custom:scripting/monoscript/fileName/FP_Creeper.cs: 8ad32d91748e1a607f3b187dff9c2f87 -> 922aa8b69527cb9205fe444254d63eac
  custom:container-muxer-webm: aa71ff27fc2769a1b78a27578f13a17b -> 
  custom:video-decoder-webm-vp8: 9c59270c3fd7afecdb556c50c9e8de78 -> 
  custom:scripting/monoscript/fileName/FP_Flower.cs: c936b8b07bb28d9f337ffeb560e69e17 -> 76236d4f64cf513ce6cdb84792020585
  custom:SearchIndexIgnoredProperties: e643bd26f0fe6173181afceb89e7c659 -> 
  custom:AudioImporter_EditorPlatform: 2f0ff77a95e0ac474e3e8eeba4e2f7cb -> 
  custom:scripting/monoscript/fileName/AnimatedObjectsGroup.cs: c3839585b5062f5f9d728570371d926d -> 5026529618cc9ebfc36528587823ab92
  custom:scripting/monoscript/fileName/FP_GrassLong.cs: 4d8fc98e1ca27432046919d0ebb2d13b -> 07ce75b5a76a477cc9a80378c84e917a
  custom:scripting/monoscript/fileName/DUN_LootSack.cs: ea6ffcec08b32ae1243627687209a9e2 -> 8c4f4ce8a070ec4b6bf87c593a742f54
  custom:scripting/monoscript/fileName/FP_Pillar.cs: 7114f98cd6edd4a6911fdda1c7d79aad -> 1b81ee966917718bbeed6da573c2b13f
  custom:scripting/monoscript/fileName/MoveBackground.cs: c70bc306579e6f313656e637714969d3 -> 
  custom:scripting/monoscript/fileName/DUN_Banner.cs: ff53472d0db2c1c5141c47caf1b1a3d6 -> 9f4c31927c0e62e6145f29deecdc43bb
  custom:scripting/monoscript/fileName/CameraController.cs: f6a55d659ef90a4f0db390fd9a9a41d7 -> a4ae3001ac3dbd407e40cab3bd17a35f
  custom:scripting/monoscript/fileName/Bandit.cs: ca1d73c4f52e2ca39eaf8f2ec521b8f3 -> 
  custom:video-encoder-webm-vp8: eb34c28f22e8b96e1ab97ce403110664 -> 
  custom:audio-decoder-ogg-vorbis: bf7c407c2cedff20999df2af8eb42d56 -> 
  custom:scripting/monoscript/fileName/FP_Tree.cs: 032430ed2d4bb4a9c4c56ac6584d00e8 -> 2f1795a2f98701089a38df6a807f84f0
  custom:scripting/monoscript/fileName/DUN_Statue.cs: 48ce2f8ca04d3cc610469c08178ca390 -> 1e423eec584aaeacca18e84eeb95c339
  custom:scripting/monoscript/fileName/Sensor_Bandit.cs: b82e7b91239162915bd4535dd2e23f94 -> 
  custom:audio-encoder-webm-vorbis: bf7c407c2cedff20999df2af8eb42d56 -> 
  custom:scripting/monoscript/fileName/DUN_StaggerAnimation.cs: 771c7d5fdcf84d6e6889f58b22151017 -> 56da8bf76e32f9ae792df33056abc1b4
========================================================================
Received Import Request.
  Time since last request: 1467,972050 seconds.
  path: Assets/Scenes/MazeEasy.unity
  artifactKey: Guid(4bd709f4e582b9c4c92d69bb6bc6cb70) Importer(815301076,1909f56bfc062723c751e8b465ee728b)
Start importing Assets/Scenes/MazeEasy.unity using Guid(4bd709f4e582b9c4c92d69bb6bc6cb70) Importer(815301076,1909f56bfc062723c751e8b465ee728b)  -> (artifact id: '317e9bc91e3860f99a3858fe0368b350') in 0,001712 seconds
Number of updated asset objects reloaded before import = 0
Number of asset objects unloaded after import = 0
========================================================================
Received Import Request.
  Time since last request: 2,722019 seconds.
  path: Assets/Scenes/MazeHard.unity
  artifactKey: Guid(6f292682fe8f02a4abcf472590ee57b7) Importer(815301076,1909f56bfc062723c751e8b465ee728b)
Start importing Assets/Scenes/MazeHard.unity using Guid(6f292682fe8f02a4abcf472590ee57b7) Importer(815301076,1909f56bfc062723c751e8b465ee728b)  -> (artifact id: '046dddb777096cb315a21c3cdc1faa48') in 0,000531 seconds
Number of updated asset objects reloaded before import = 0
Number of asset objects unloaded after import = 0
========================================================================
Received Prepare
Begin MonoManager ReloadAssembly
- Loaded All Assemblies, in  0,378 seconds
Refreshing native plugins compatible for Editor in 1,61 ms, found 1 plugins.
Native extension for LinuxStandalone target not found
Native extension for WebGL target not found
[Package Manager] Server::EnsureServerProcessIsRunning -- launch failed, reason: Unity was launched with the -noUpm command-line argument
[Package Manager] UpmClient::Send -- Unable to send message (not connected to UPM process).
[Package Manager] Cannot connect to Unity Package Manager local server
Mono: successfully reloaded assembly
- Finished resetting the current domain, in  0,836 seconds
Domain Reload Profiling: 1213ms
	BeginReloadAssembly (123ms)
		ExecutionOrderSort (0ms)
		DisableScriptedObjects (11ms)
		BackupInstance (0ms)
		ReleaseScriptingObjects (0ms)
		CreateAndSetChildDomain (36ms)
	RebuildCommonClasses (35ms)
	RebuildNativeTypeToScriptingClass (8ms)
	initialDomainReloadingComplete (27ms)
	LoadAllAssembliesAndSetupDomain (184ms)
		LoadAssemblies (217ms)
		RebuildTransferFunctionScriptingTraits (0ms)
		AnalyzeDomain (13ms)
			TypeCache.Refresh (7ms)
				TypeCache.ScanAssembly (0ms)
			ScanForSourceGeneratedMonoScriptInfo (0ms)
			ResolveRequiredComponents (5ms)
	FinalizeReload (837ms)
		ReleaseScriptCaches (0ms)
		RebuildScriptCaches (0ms)
		SetupLoadedEditorAssemblies (449ms)
			LogAssemblyErrors (0ms)
			InitializePlatformSupportModulesInManaged (11ms)
			SetLoadedEditorAssemblies (9ms)
			RefreshPlugins (0ms)
			BeforeProcessingInitializeOnLoad (70ms)
			ProcessInitializeOnLoadAttributes (311ms)
			ProcessInitializeOnLoadMethodAttributes (42ms)
			AfterProcessingInitializeOnLoad (5ms)
			EditorAssembliesLoaded (0ms)
		ExecutionOrderSort2 (0ms)
		AwakeInstancesAfterBackupRestoration (13ms)
Refreshing native plugins compatible for Editor in 1,93 ms, found 1 plugins.
Preloading 0 native plugins for Editor in 0,00 ms.
Unloading 4056 Unused Serialized files (Serialized files now loaded: 0)
Unloading 42 unused Assets / (155,2 KB). Loaded Objects now: 4557.
Memory consumption went from 133,2 MB to 133,0 MB.
Total: 5,159327 ms (FindLiveObjects: 0,388600 ms CreateObjectMapping: 0,233545 ms MarkObjects: 4,299990 ms  DeleteObjects: 0,235029 ms)

Prepare: number of updated asset objects reloaded= 0
AssetImportParameters requested are different than current active one (requested -> active):
  custom:container-demuxer-ogg: 62fdf1f143b41e24485cea50d1cbac27 -> 
  custom:scripting/monoscript/fileName/FP_Cattail.cs: 97360e18c820bfb06f4fe3c478452f0c -> 4b2a0580a095f59a783f8ddd0be59928
  custom:video-decoder-ogg-theora: a1e56fd34408186e4bbccfd4996cb3dc -> 
  custom:scripting/monoscript/fileName/DUN_AnimatedCharacterSelection.cs: cd5c17a22bc20d0a6e1b6b5f9e8410f2 -> 6a427b7a69563db4b99edde9e71b84b7
  custom:CustomObjectIndexerAttribute: 306bfa6df2d96854e1ebb52f3ddacab7 -> 
  custom:container-demuxer-webm: 4f35f7cbe854078d1ac9338744f61a02 -> 
  custom:scripting/monoscript/fileName/SetAnimatorParameter.cs: eb6c1a609c980c44d2e606228dcc5f37 -> 151bd9964feabf9b3a061a93e06aa2ed
  custom:scripting/monoscript/fileName/DUN_Table.cs: 6f3633e8f9db2f40909c2acee3ea3ec0 -> ece2b61881f1c250cc6b59983432fc46
  custom:scripting/monoscript/fileName/DUN_Chair.cs: 4a732660be9e2b8619ee2e36a93d6081 -> 6d6a4b9a1d4cb67320545cbb34e2843b
  custom:scripting/monoscript/fileName/FP_Creeper.cs: 8ad32d91748e1a607f3b187dff9c2f87 -> 922aa8b69527cb9205fe444254d63eac
  custom:container-muxer-webm: aa71ff27fc2769a1b78a27578f13a17b -> 
  custom:video-decoder-webm-vp8: 9c59270c3fd7afecdb556c50c9e8de78 -> 
  custom:scripting/monoscript/fileName/FP_Flower.cs: c936b8b07bb28d9f337ffeb560e69e17 -> 76236d4f64cf513ce6cdb84792020585
  custom:SearchIndexIgnoredProperties: e643bd26f0fe6173181afceb89e7c659 -> 
  custom:AudioImporter_EditorPlatform: 2f0ff77a95e0ac474e3e8eeba4e2f7cb -> 
  custom:scripting/monoscript/fileName/AnimatedObjectsGroup.cs: c3839585b5062f5f9d728570371d926d -> 5026529618cc9ebfc36528587823ab92
  custom:scripting/monoscript/fileName/FP_GrassLong.cs: 4d8fc98e1ca27432046919d0ebb2d13b -> 07ce75b5a76a477cc9a80378c84e917a
  custom:scripting/monoscript/fileName/DUN_LootSack.cs: ea6ffcec08b32ae1243627687209a9e2 -> 8c4f4ce8a070ec4b6bf87c593a742f54
  custom:scripting/monoscript/fileName/FP_Pillar.cs: 7114f98cd6edd4a6911fdda1c7d79aad -> 1b81ee966917718bbeed6da573c2b13f
  custom:scripting/monoscript/fileName/MoveBackground.cs: c70bc306579e6f313656e637714969d3 -> 
  custom:scripting/monoscript/fileName/DUN_Banner.cs: ff53472d0db2c1c5141c47caf1b1a3d6 -> 9f4c31927c0e62e6145f29deecdc43bb
  custom:scripting/monoscript/fileName/CameraController.cs: f6a55d659ef90a4f0db390fd9a9a41d7 -> a4ae3001ac3dbd407e40cab3bd17a35f
  custom:scripting/monoscript/fileName/Bandit.cs: ca1d73c4f52e2ca39eaf8f2ec521b8f3 -> 
  custom:video-encoder-webm-vp8: eb34c28f22e8b96e1ab97ce403110664 -> 
  custom:audio-decoder-ogg-vorbis: bf7c407c2cedff20999df2af8eb42d56 -> 
  custom:scripting/monoscript/fileName/FP_Tree.cs: 032430ed2d4bb4a9c4c56ac6584d00e8 -> 2f1795a2f98701089a38df6a807f84f0
  custom:scripting/monoscript/fileName/DUN_Statue.cs: 48ce2f8ca04d3cc610469c08178ca390 -> 1e423eec584aaeacca18e84eeb95c339
  custom:scripting/monoscript/fileName/Sensor_Bandit.cs: b82e7b91239162915bd4535dd2e23f94 -> 
  custom:audio-encoder-webm-vorbis: bf7c407c2cedff20999df2af8eb42d56 -> 
  custom:scripting/monoscript/fileName/DUN_StaggerAnimation.cs: 771c7d5fdcf84d6e6889f58b22151017 -> 56da8bf76e32f9ae792df33056abc1b4
========================================================================
Received Prepare
Begin MonoManager ReloadAssembly
- Loaded All Assemblies, in  0,389 seconds
Refreshing native plugins compatible for Editor in 1,65 ms, found 1 plugins.
Native extension for LinuxStandalone target not found
Native extension for WebGL target not found
[Package Manager] Server::EnsureServerProcessIsRunning -- launch failed, reason: Unity was launched with the -noUpm command-line argument
[Package Manager] UpmClient::Send -- Unable to send message (not connected to UPM process).
[Package Manager] Cannot connect to Unity Package Manager local server
Mono: successfully reloaded assembly
- Finished resetting the current domain, in  0,793 seconds
Domain Reload Profiling: 1182ms
	BeginReloadAssembly (139ms)
		ExecutionOrderSort (0ms)
		DisableScriptedObjects (12ms)
		BackupInstance (0ms)
		ReleaseScriptingObjects (0ms)
		CreateAndSetChildDomain (43ms)
	RebuildCommonClasses (33ms)
	RebuildNativeTypeToScriptingClass (8ms)
	initialDomainReloadingComplete (26ms)
	LoadAllAssembliesAndSetupDomain (182ms)
		LoadAssemblies (217ms)
		RebuildTransferFunctionScriptingTraits (0ms)
		AnalyzeDomain (13ms)
			TypeCache.Refresh (7ms)
				TypeCache.ScanAssembly (0ms)
			ScanForSourceGeneratedMonoScriptInfo (0ms)
			ResolveRequiredComponents (5ms)
	FinalizeReload (794ms)
		ReleaseScriptCaches (0ms)
		RebuildScriptCaches (0ms)
		SetupLoadedEditorAssemblies (420ms)
			LogAssemblyErrors (0ms)
			InitializePlatformSupportModulesInManaged (7ms)
			SetLoadedEditorAssemblies (6ms)
			RefreshPlugins (0ms)
			BeforeProcessingInitializeOnLoad (74ms)
			ProcessInitializeOnLoadAttributes (286ms)
			ProcessInitializeOnLoadMethodAttributes (42ms)
			AfterProcessingInitializeOnLoad (4ms)
			EditorAssembliesLoaded (0ms)
		ExecutionOrderSort2 (0ms)
		AwakeInstancesAfterBackupRestoration (13ms)
Refreshing native plugins compatible for Editor in 1,38 ms, found 1 plugins.
Preloading 0 native plugins for Editor in 0,00 ms.
Unloading 4057 Unused Serialized files (Serialized files now loaded: 0)
Unloading 42 unused Assets / (155,2 KB). Loaded Objects now: 4561.
Memory consumption went from 133,4 MB to 133,3 MB.
Total: 5,556686 ms (FindLiveObjects: 0,328147 ms CreateObjectMapping: 0,146418 ms MarkObjects: 4,849657 ms  DeleteObjects: 0,230291 ms)

Prepare: number of updated asset objects reloaded= 0
AssetImportParameters requested are different than current active one (requested -> active):
  custom:container-demuxer-ogg: 62fdf1f143b41e24485cea50d1cbac27 -> 
  custom:scripting/monoscript/fileName/FP_Cattail.cs: 97360e18c820bfb06f4fe3c478452f0c -> 4b2a0580a095f59a783f8ddd0be59928
  custom:video-decoder-ogg-theora: a1e56fd34408186e4bbccfd4996cb3dc -> 
  custom:scripting/monoscript/fileName/DUN_AnimatedCharacterSelection.cs: cd5c17a22bc20d0a6e1b6b5f9e8410f2 -> 6a427b7a69563db4b99edde9e71b84b7
  custom:CustomObjectIndexerAttribute: 306bfa6df2d96854e1ebb52f3ddacab7 -> 
  custom:container-demuxer-webm: 4f35f7cbe854078d1ac9338744f61a02 -> 
  custom:scripting/monoscript/fileName/SetAnimatorParameter.cs: eb6c1a609c980c44d2e606228dcc5f37 -> 151bd9964feabf9b3a061a93e06aa2ed
  custom:scripting/monoscript/fileName/DUN_Table.cs: 6f3633e8f9db2f40909c2acee3ea3ec0 -> ece2b61881f1c250cc6b59983432fc46
  custom:scripting/monoscript/fileName/DUN_Chair.cs: 4a732660be9e2b8619ee2e36a93d6081 -> 6d6a4b9a1d4cb67320545cbb34e2843b
  custom:scripting/monoscript/fileName/FP_Creeper.cs: 8ad32d91748e1a607f3b187dff9c2f87 -> 922aa8b69527cb9205fe444254d63eac
  custom:container-muxer-webm: aa71ff27fc2769a1b78a27578f13a17b -> 
  custom:video-decoder-webm-vp8: 9c59270c3fd7afecdb556c50c9e8de78 -> 
  custom:scripting/monoscript/fileName/FP_Flower.cs: c936b8b07bb28d9f337ffeb560e69e17 -> 76236d4f64cf513ce6cdb84792020585
  custom:SearchIndexIgnoredProperties: e643bd26f0fe6173181afceb89e7c659 -> 
  custom:AudioImporter_EditorPlatform: 2f0ff77a95e0ac474e3e8eeba4e2f7cb -> 
  custom:scripting/monoscript/fileName/AnimatedObjectsGroup.cs: c3839585b5062f5f9d728570371d926d -> 5026529618cc9ebfc36528587823ab92
  custom:scripting/monoscript/fileName/FP_GrassLong.cs: 4d8fc98e1ca27432046919d0ebb2d13b -> 07ce75b5a76a477cc9a80378c84e917a
  custom:scripting/monoscript/fileName/DUN_LootSack.cs: ea6ffcec08b32ae1243627687209a9e2 -> 8c4f4ce8a070ec4b6bf87c593a742f54
  custom:scripting/monoscript/fileName/FP_Pillar.cs: 7114f98cd6edd4a6911fdda1c7d79aad -> 1b81ee966917718bbeed6da573c2b13f
  custom:scripting/monoscript/fileName/MoveBackground.cs: c70bc306579e6f313656e637714969d3 -> 
  custom:scripting/monoscript/fileName/DUN_Banner.cs: ff53472d0db2c1c5141c47caf1b1a3d6 -> 9f4c31927c0e62e6145f29deecdc43bb
  custom:scripting/monoscript/fileName/CameraController.cs: f6a55d659ef90a4f0db390fd9a9a41d7 -> a4ae3001ac3dbd407e40cab3bd17a35f
  custom:scripting/monoscript/fileName/Bandit.cs: ca1d73c4f52e2ca39eaf8f2ec521b8f3 -> 
  custom:video-encoder-webm-vp8: eb34c28f22e8b96e1ab97ce403110664 -> 
  custom:audio-decoder-ogg-vorbis: bf7c407c2cedff20999df2af8eb42d56 -> 
  custom:scripting/monoscript/fileName/FP_Tree.cs: 032430ed2d4bb4a9c4c56ac6584d00e8 -> 2f1795a2f98701089a38df6a807f84f0
  custom:scripting/monoscript/fileName/DUN_Statue.cs: 48ce2f8ca04d3cc610469c08178ca390 -> 1e423eec584aaeacca18e84eeb95c339
  custom:scripting/monoscript/fileName/Sensor_Bandit.cs: b82e7b91239162915bd4535dd2e23f94 -> 
  custom:audio-encoder-webm-vorbis: bf7c407c2cedff20999df2af8eb42d56 -> 
  custom:scripting/monoscript/fileName/DUN_StaggerAnimation.cs: 771c7d5fdcf84d6e6889f58b22151017 -> 56da8bf76e32f9ae792df33056abc1b4
