Unity Editor version:    2022.3.10f1 (ff3792e53c62)
Branch:                  2022.3/staging
Build type:              Release
Batch mode:              YES
System name:             Linux
Distro version:          #38~22.04.1-Ubuntu SMP PREEMPT_DYNAMIC Thu Nov  2 18:01:13 UTC 2
Kernel version:          6.2.0-37-generic
Architecture:            x86_64
Available memory:        31811 MB
Using pre-set license
Pro License: YES
Desktop is 3840 x 2400 @ 60 Hz
Initialize udev device monitor.

COMMAND LINE ARGUMENTS:
Unity
-adb2
-batchMode
-noUpm
-name
AssetImportWorker0
-projectPath
/home/khajzner/Documents/GitHub/gaming-coursework/Gaming Coursework
-logFile
Logs/AssetImportWorker0.log
-srvPort
46785
Successfully changed project path to: /home/khajzner/Documents/GitHub/gaming-coursework/Gaming Coursework
/home/khajzner/Documents/GitHub/gaming-coursework/Gaming Coursework
[UnityMemory] Configuration Parameters - Can be set up in boot.config
    "memorysetup-bucket-allocator-granularity=16"
    "memorysetup-bucket-allocator-bucket-count=8"
    "memorysetup-bucket-allocator-block-size=33554432"
    "memorysetup-bucket-allocator-block-count=8"
    "memorysetup-main-allocator-block-size=16777216"
    "memorysetup-thread-allocator-block-size=16777216"
    "memorysetup-gfx-main-allocator-block-size=16777216"
    "memorysetup-gfx-thread-allocator-block-size=16777216"
    "memorysetup-cache-allocator-block-size=4194304"
    "memorysetup-typetree-allocator-block-size=2097152"
    "memorysetup-profiler-bucket-allocator-granularity=16"
    "memorysetup-profiler-bucket-allocator-bucket-count=8"
    "memorysetup-profiler-bucket-allocator-block-size=33554432"
    "memorysetup-profiler-bucket-allocator-block-count=8"
    "memorysetup-profiler-allocator-block-size=16777216"
    "memorysetup-profiler-editor-allocator-block-size=1048576"
    "memorysetup-temp-allocator-size-main=16777216"
    "memorysetup-job-temp-allocator-block-size=2097152"
    "memorysetup-job-temp-allocator-block-size-background=1048576"
    "memorysetup-job-temp-allocator-reduction-small-platforms=262144"
    "memorysetup-allocator-temp-initial-block-size-main=262144"
    "memorysetup-allocator-temp-initial-block-size-worker=262144"
    "memorysetup-temp-allocator-size-background-worker=32768"
    "memorysetup-temp-allocator-size-job-worker=262144"
    "memorysetup-temp-allocator-size-preload-manager=33554432"
    "memorysetup-temp-allocator-size-nav-mesh-worker=65536"
    "memorysetup-temp-allocator-size-audio-worker=65536"
    "memorysetup-temp-allocator-size-cloud-worker=32768"
    "memorysetup-temp-allocator-size-gi-baking-worker=262144"
    "memorysetup-temp-allocator-size-gfx=262144"
Player connection [140705731113920] Host "[IP] 192.168.0.18 [Port] 0 [Flags] 2 [Guid] 544265384 [EditorId] 544265384 [Version] 1048832 [Id] LinuxEditor(16,192.168.0.18) [Debug] 1 [PackageName] LinuxEditor [ProjectName] Editor" joined multi-casting on [225.0.0.222:54997]...

Player connection [140705731113920] Host "[IP] 192.168.0.18 [Port] 0 [Flags] 2 [Guid] 544265384 [EditorId] 544265384 [Version] 1048832 [Id] LinuxEditor(16,192.168.0.18) [Debug] 1 [PackageName] LinuxEditor [ProjectName] Editor" joined alternative multi-casting on [225.0.0.222:34997]...

[Physics::Module] Initialized MultithreadedJobDispatcher with 15 workers.
Refreshing native plugins compatible for Editor in 2,92 ms, found 1 plugins.
Preloading 0 native plugins for Editor in 0,00 ms.
Initialize engine version: 2022.3.10f1 (ff3792e53c62)
[Subsystems] Discovering subsystems at path /home/khajzner/Unity/Hub/Editor/2022.3.10f1/Editor/Data/Resources/UnitySubsystems
[Subsystems] Discovering subsystems at path /home/khajzner/Documents/GitHub/gaming-coursework/Gaming Coursework/Assets
GLX Extensions: GLX_ARB_context_flush_control GLX_ARB_create_context GLX_ARB_create_context_no_error GLX_ARB_create_context_profile GLX_ARB_create_context_robustness GLX_ARB_fbconfig_float GLX_ARB_framebuffer_sRGB GLX_ARB_get_proc_address GLX_ARB_multisample GLX_EXT_buffer_age GLX_EXT_create_context_es2_profile GLX_EXT_create_context_es_profile GLX_EXT_fbconfig_packed_float GLX_EXT_framebuffer_sRGB GLX_EXT_no_config_context GLX_EXT_swap_control GLX_EXT_swap_control_tear GLX_EXT_texture_from_pixmap GLX_EXT_visual_info GLX_EXT_visual_rating GLX_MESA_copy_sub_buffer GLX_MESA_query_renderer GLX_MESA_swap_control GLX_OML_swap_method GLX_OML_sync_control GLX_SGIS_multisample GLX_SGIX_fbconfig GLX_SGIX_pbuffer GLX_SGIX_visual_select_group GLX_SGI_make_current_read GLX_SGI_video_sync 
Renderer: Mesa Intel(R) UHD Graphics (TGL GT1)
Vendor:   Intel
Version:  4.6 (Core Profile) Mesa 23.0.4-0ubuntu1~22.04.1
GLES:     0
 GL_3DFX_texture_compression_FXT1 GL_AMD_conservative_depth GL_AMD_depth_clamp_separate GL_AMD_draw_buffers_blend GL_AMD_gpu_shader_int64 GL_AMD_multi_draw_indirect GL_AMD_performance_monitor GL_AMD_pinned_memory GL_AMD_query_buffer_object GL_AMD_seamless_cubemap_per_texture GL_AMD_shader_stencil_export GL_AMD_shader_trinary_minmax GL_AMD_texture_texture4 GL_AMD_vertex_shader_layer GL_AMD_vertex_shader_viewport_index GL_ANGLE_texture_compression_dxt3 GL_ANGLE_texture_compression_dxt5 GL_ARB_ES2_compatibility GL_ARB_ES3_1_compatibility GL_ARB_ES3_2_compatibility GL_ARB_ES3_compatibility GL_ARB_arrays_of_arrays GL_ARB_base_instance GL_ARB_blend_func_extended GL_ARB_buffer_storage GL_ARB_clear_buffer_object GL_ARB_clear_texture GL_ARB_clip_control GL_ARB_compressed_texture_pixel_storage GL_ARB_compute_shader GL_ARB_compute_variable_group_size GL_ARB_conditional_render_inverted GL_ARB_conservative_depth GL_ARB_copy_buffer GL_ARB_copy_image GL_ARB_cull_distance GL_ARB_debug_output GL_ARB_depth_buffer_float GL_ARB
_depth_clamp GL_ARB_derivative_control GL_ARB_direct_state_access GL_ARB_draw_buffers GL_ARB_draw_buffers_blend GL_ARB_draw_elements_base_vertex GL_ARB_draw_indirect GL_ARB_draw_instanced GL_ARB_enhanced_layouts GL_ARB_explicit_attrib_location GL_ARB_explicit_uniform_location GL_ARB_fragment_coord_conventions GL_ARB_fragment_layer_viewport GL_ARB_fragment_shader GL_ARB_fragment_shader_interlock GL_ARB_framebuffer_no_attachments GL_ARB_framebuffer_object GL_ARB_framebuffer_sRGB GL_ARB_get_program_binary GL_ARB_get_texture_sub_image GL_ARB_gl_spirv GL_ARB_gpu_shader5 GL_ARB_gpu_shader_fp64 GL_ARB_gpu_shader_int64 GL_ARB_half_float_pixel GL_ARB_half_float_vertex GL_ARB_indirect_parameters GL_ARB_instanced_arrays GL_ARB_internalformat_query GL_ARB_internalformat_query2 GL_ARB_invalidate_subdata GL_ARB_map_buffer_alignment GL_ARB_map_buffer_range GL_ARB_multi_bind GL_ARB_multi_draw_indirect GL_ARB_occlusion_query2 GL_ARB_parallel_shader_compile GL_ARB_pipeline_statistics_query GL_ARB_pixel_buffer_object GL_ARB_po
int_sprite GL_ARB_polygon_offset_clamp GL_ARB_post_depth_coverage GL_ARB_program_interface_query GL_ARB_provoking_vertex GL_ARB_query_buffer_object GL_ARB_robust_buffer_access_behavior GL_ARB_robustness GL_ARB_sample_shading GL_ARB_sampler_objects GL_ARB_seamless_cube_map GL_ARB_seamless_cubemap_per_texture GL_ARB_separate_shader_objects GL_ARB_shader_atomic_counter_ops GL_ARB_shader_atomic_counters GL_ARB_shader_ballot GL_ARB_shader_bit_encoding GL_ARB_shader_clock GL_ARB_shader_draw_parameters GL_ARB_shader_group_vote GL_ARB_shader_image_load_store GL_ARB_shader_image_size GL_ARB_shader_objects GL_ARB_shader_precision GL_ARB_shader_stencil_export GL_ARB_shader_storage_buffer_object GL_ARB_shader_subroutine GL_ARB_shader_texture_image_samples GL_ARB_shader_texture_lod GL_ARB_shader_viewport_layer_array GL_ARB_shading_language_420pack GL_ARB_shading_language_include GL_ARB_shading_language_packing GL_ARB_spirv_extensions GL_ARB_stencil_texturing GL_ARB_sync GL_ARB_tessellation_shader GL_ARB_texture_barrier G
L_ARB_texture_buffer_object GL_ARB_texture_buffer_object_rgb32 GL_ARB_texture_buffer_range GL_ARB_texture_compression_bptc GL_ARB_texture_compression_rgtc GL_ARB_texture_cube_map_array GL_ARB_texture_filter_anisotropic GL_ARB_texture_float GL_ARB_texture_gather GL_ARB_texture_mirror_clamp_to_edge GL_ARB_texture_multisample GL_ARB_texture_non_power_of_two GL_ARB_texture_query_levels GL_ARB_texture_query_lod GL_ARB_texture_rectangle GL_ARB_texture_rg GL_ARB_texture_rgb10_a2ui GL_ARB_texture_stencil8 GL_ARB_texture_storage GL_ARB_texture_storage_multisample GL_ARB_texture_swizzle GL_ARB_texture_view GL_ARB_timer_query GL_ARB_transform_feedback2 GL_ARB_transform_feedback3 GL_ARB_transform_feedback_instanced GL_ARB_transform_feedback_overflow_query GL_ARB_uniform_buffer_object GL_ARB_vertex_array_bgra GL_ARB_vertex_array_object GL_ARB_vertex_attrib_64bit GL_ARB_vertex_attrib_binding GL_ARB_vertex_buffer_object GL_ARB_vertex_shader GL_ARB_vertex_type_10f_11f_11f_rev GL_ARB_vertex_type_2_10_10_10_rev GL_ARB_viewpor
t_array GL_ATI_blend_equation_separate GL_ATI_texture_float GL_EXT_EGL_image_storage GL_EXT_EGL_sync GL_EXT_abgr GL_EXT_blend_equation_separate GL_EXT_debug_label GL_EXT_demote_to_helper_invocation GL_EXT_depth_bounds_test GL_EXT_draw_buffers2 GL_EXT_draw_instanced GL_EXT_framebuffer_blit GL_EXT_framebuffer_multisample GL_EXT_framebuffer_multisample_blit_scaled GL_EXT_framebuffer_object GL_EXT_framebuffer_sRGB GL_EXT_memory_object GL_EXT_memory_object_fd GL_EXT_packed_depth_stencil GL_EXT_packed_float GL_EXT_pixel_buffer_object GL_EXT_polygon_offset_clamp GL_EXT_provoking_vertex GL_EXT_semaphore GL_EXT_semaphore_fd GL_EXT_shader_framebuffer_fetch GL_EXT_shader_framebuffer_fetch_non_coherent GL_EXT_shader_integer_mix GL_EXT_shader_samples_identical GL_EXT_texture_array GL_EXT_texture_compression_dxt1 GL_EXT_texture_compression_rgtc GL_EXT_texture_compression_s3tc GL_EXT_texture_filter_anisotropic GL_EXT_texture_integer GL_EXT_texture_sRGB GL_EXT_texture_sRGB_R8 GL_EXT_texture_sRGB_decode GL_EXT_texture_shadow
_lod GL_EXT_texture_shared_exponent GL_EXT_texture_snorm GL_EXT_texture_swizzle GL_EXT_timer_query GL_EXT_transform_feedback GL_EXT_vertex_array_bgra GL_EXT_vertex_attrib_64bit GL_IBM_multimode_draw_arrays GL_INTEL_blackhole_render GL_INTEL_conservative_rasterization GL_INTEL_performance_query GL_INTEL_shader_atomic_float_minmax GL_INTEL_shader_integer_functions2 GL_KHR_blend_equation_advanced GL_KHR_blend_equation_advanced_coherent GL_KHR_context_flush_control GL_KHR_debug GL_KHR_no_error GL_KHR_parallel_shader_compile GL_KHR_robust_buffer_access_behavior GL_KHR_robustness GL_KHR_texture_compression_astc_ldr GL_KHR_texture_compression_astc_sliced_3d GL_MESA_framebuffer_flip_y GL_MESA_pack_invert GL_MESA_shader_integer_functions GL_MESA_texture_signed_rgba GL_NV_alpha_to_coverage_dither_control GL_NV_compute_shader_derivatives GL_NV_conditional_render GL_NV_copy_image GL_NV_depth_clamp GL_NV_fragment_shader_interlock GL_NV_packed_depth_stencil GL_NV_texture_barrier GL_OES_EGL_image GL_S3_s3tc
OPENGL LOG: Creating OpenGL 4.6 graphics device ; Context level  <OpenGL 4.5> ; Context handle 283968368
Initialize mono
Mono path[0] = '/home/khajzner/Unity/Hub/Editor/2022.3.10f1/Editor/Data/Managed'
Mono path[1] = '/home/khajzner/Unity/Hub/Editor/2022.3.10f1/Editor/Data/MonoBleedingEdge/lib/mono/unityjit-linux'
Mono config path = '/home/khajzner/Unity/Hub/Editor/2022.3.10f1/Editor/Data/MonoBleedingEdge/etc'
Using monoOptions --debugger-agent=transport=dt_socket,embedding=1,server=y,suspend=n,address=127.0.0.1:56642
Begin MonoManager ReloadAssembly
Registering precompiled unity dll's ...
Register platform support module: /home/khajzner/Unity/Hub/Editor/2022.3.10f1/Editor/Data/PlaybackEngines/WebGLSupport/UnityEditor.WebGL.Extensions.dll
Register platform support module: /home/khajzner/Unity/Hub/Editor/2022.3.10f1/Editor/Data/PlaybackEngines/LinuxStandaloneSupport/UnityEditor.LinuxStandalone.Extensions.dll
Registered in 0,005603 seconds.
- Loaded All Assemblies, in  0,321 seconds
Native extension for LinuxStandalone target not found
Native extension for WebGL target not found
Mono: successfully reloaded assembly
- Finished resetting the current domain, in  0,334 seconds
Domain Reload Profiling: 655ms
	BeginReloadAssembly (75ms)
		ExecutionOrderSort (0ms)
		DisableScriptedObjects (0ms)
		BackupInstance (0ms)
		ReleaseScriptingObjects (0ms)
		CreateAndSetChildDomain (1ms)
	RebuildCommonClasses (36ms)
	RebuildNativeTypeToScriptingClass (7ms)
	initialDomainReloadingComplete (61ms)
	LoadAllAssembliesAndSetupDomain (141ms)
		LoadAssemblies (74ms)
		RebuildTransferFunctionScriptingTraits (0ms)
		AnalyzeDomain (140ms)
			TypeCache.Refresh (139ms)
				TypeCache.ScanAssembly (125ms)
			ScanForSourceGeneratedMonoScriptInfo (0ms)
			ResolveRequiredComponents (0ms)
	FinalizeReload (334ms)
		ReleaseScriptCaches (0ms)
		RebuildScriptCaches (0ms)
		SetupLoadedEditorAssemblies (255ms)
			LogAssemblyErrors (0ms)
			InitializePlatformSupportModulesInManaged (13ms)
			SetLoadedEditorAssemblies (7ms)
			RefreshPlugins (0ms)
			BeforeProcessingInitializeOnLoad (3ms)
			ProcessInitializeOnLoadAttributes (180ms)
			ProcessInitializeOnLoadMethodAttributes (53ms)
			AfterProcessingInitializeOnLoad (0ms)
			EditorAssembliesLoaded (0ms)
		ExecutionOrderSort2 (0ms)
		AwakeInstancesAfterBackupRestoration (0ms)
========================================================================
Worker process is ready to serve import requests
Begin MonoManager ReloadAssembly
- Loaded All Assemblies, in  0,468 seconds
Refreshing native plugins compatible for Editor in 1,29 ms, found 1 plugins.
Native extension for LinuxStandalone target not found
Native extension for WebGL target not found
Package Manager log level set to [2]
[Package Manager] Server::EnsureServerProcessIsRunning -- launch failed, reason: Unity was launched with the -noUpm command-line argument
[Package Manager] UpmClient::Send -- Unable to send message (not connected to UPM process).
[Package Manager] Cannot connect to Unity Package Manager local server
Mono: successfully reloaded assembly
- Finished resetting the current domain, in  0,502 seconds
Domain Reload Profiling: 970ms
	BeginReloadAssembly (127ms)
		ExecutionOrderSort (0ms)
		DisableScriptedObjects (7ms)
		BackupInstance (0ms)
		ReleaseScriptingObjects (0ms)
		CreateAndSetChildDomain (25ms)
	RebuildCommonClasses (26ms)
	RebuildNativeTypeToScriptingClass (6ms)
	initialDomainReloadingComplete (35ms)
	LoadAllAssembliesAndSetupDomain (273ms)
		LoadAssemblies (183ms)
		RebuildTransferFunctionScriptingTraits (0ms)
		AnalyzeDomain (141ms)
			TypeCache.Refresh (119ms)
				TypeCache.ScanAssembly (106ms)
			ScanForSourceGeneratedMonoScriptInfo (17ms)
			ResolveRequiredComponents (4ms)
	FinalizeReload (503ms)
		ReleaseScriptCaches (0ms)
		RebuildScriptCaches (0ms)
		SetupLoadedEditorAssemblies (353ms)
			LogAssemblyErrors (0ms)
			InitializePlatformSupportModulesInManaged (7ms)
			SetLoadedEditorAssemblies (5ms)
			RefreshPlugins (0ms)
			BeforeProcessingInitializeOnLoad (56ms)
			ProcessInitializeOnLoadAttributes (251ms)
			ProcessInitializeOnLoadMethodAttributes (32ms)
			AfterProcessingInitializeOnLoad (3ms)
			EditorAssembliesLoaded (0ms)
		ExecutionOrderSort2 (0ms)
		AwakeInstancesAfterBackupRestoration (3ms)
Launched and connected shader compiler UnityShaderCompiler after 0.01 seconds
Refreshing native plugins compatible for Editor in 1,32 ms, found 1 plugins.
Preloading 0 native plugins for Editor in 0,00 ms.
Unloading 4069 Unused Serialized files (Serialized files now loaded: 0)
Unloading 70 unused Assets / (174,0 KB). Loaded Objects now: 4526.
Memory consumption went from 137,7 MB to 137,5 MB.
Total: 4,962404 ms (FindLiveObjects: 0,356025 ms CreateObjectMapping: 0,197728 ms MarkObjects: 3,944332 ms  DeleteObjects: 0,462282 ms)

AssetImportParameters requested are different than current active one (requested -> active):
  custom:container-demuxer-ogg: 62fdf1f143b41e24485cea50d1cbac27 -> 
  custom:video-decoder-ogg-theora: a1e56fd34408186e4bbccfd4996cb3dc -> 
  custom:CustomObjectIndexerAttribute: 306bfa6df2d96854e1ebb52f3ddacab7 -> 
  custom:container-demuxer-webm: 4f35f7cbe854078d1ac9338744f61a02 -> 
  custom:container-muxer-webm: aa71ff27fc2769a1b78a27578f13a17b -> 
  custom:video-decoder-webm-vp8: 9c59270c3fd7afecdb556c50c9e8de78 -> 
  custom:SearchIndexIgnoredProperties: e643bd26f0fe6173181afceb89e7c659 -> 
  custom:AudioImporter_EditorPlatform: 2f0ff77a95e0ac474e3e8eeba4e2f7cb -> 
  custom:video-encoder-webm-vp8: eb34c28f22e8b96e1ab97ce403110664 -> 
  custom:audio-decoder-ogg-vorbis: bf7c407c2cedff20999df2af8eb42d56 -> 
  custom:audio-encoder-webm-vorbis: bf7c407c2cedff20999df2af8eb42d56 -> 
  custom:scripting/precompiled-assembly-types:Assembly-CSharp: 72e62480057ef3578841c8b4b67bca8a -> 737ed29170babda316b90a92c51922cf
  custom:scripting/monoscript/fileName/MazeGeneration.cs:  -> b328f3d8ff356bb0491bb42351e22ac9
========================================================================
Received Prepare
Begin MonoManager ReloadAssembly
- Loaded All Assemblies, in  0,342 seconds
Refreshing native plugins compatible for Editor in 1,45 ms, found 1 plugins.
Native extension for LinuxStandalone target not found
Native extension for WebGL target not found
[Package Manager] Server::EnsureServerProcessIsRunning -- launch failed, reason: Unity was launched with the -noUpm command-line argument
[Package Manager] UpmClient::Send -- Unable to send message (not connected to UPM process).
[Package Manager] Cannot connect to Unity Package Manager local server
Mono: successfully reloaded assembly
- Finished resetting the current domain, in  0,684 seconds
Domain Reload Profiling: 1026ms
	BeginReloadAssembly (122ms)
		ExecutionOrderSort (0ms)
		DisableScriptedObjects (10ms)
		BackupInstance (0ms)
		ReleaseScriptingObjects (0ms)
		CreateAndSetChildDomain (39ms)
	RebuildCommonClasses (31ms)
	RebuildNativeTypeToScriptingClass (6ms)
	initialDomainReloadingComplete (25ms)
	LoadAllAssembliesAndSetupDomain (157ms)
		LoadAssemblies (191ms)
		RebuildTransferFunctionScriptingTraits (0ms)
		AnalyzeDomain (12ms)
			TypeCache.Refresh (7ms)
				TypeCache.ScanAssembly (0ms)
			ScanForSourceGeneratedMonoScriptInfo (0ms)
			ResolveRequiredComponents (4ms)
	FinalizeReload (685ms)
		ReleaseScriptCaches (0ms)
		RebuildScriptCaches (0ms)
		SetupLoadedEditorAssemblies (345ms)
			LogAssemblyErrors (0ms)
			InitializePlatformSupportModulesInManaged (7ms)
			SetLoadedEditorAssemblies (5ms)
			RefreshPlugins (0ms)
			BeforeProcessingInitializeOnLoad (64ms)
			ProcessInitializeOnLoadAttributes (236ms)
			ProcessInitializeOnLoadMethodAttributes (31ms)
			AfterProcessingInitializeOnLoad (3ms)
			EditorAssembliesLoaded (0ms)
		ExecutionOrderSort2 (0ms)
		AwakeInstancesAfterBackupRestoration (10ms)
Refreshing native plugins compatible for Editor in 1,49 ms, found 1 plugins.
Preloading 0 native plugins for Editor in 0,00 ms.
Unloading 4051 Unused Serialized files (Serialized files now loaded: 0)
Unloading 42 unused Assets / (155,0 KB). Loaded Objects now: 4531.
Memory consumption went from 133,3 MB to 133,1 MB.
Total: 3,695705 ms (FindLiveObjects: 0,342864 ms CreateObjectMapping: 0,224071 ms MarkObjects: 2,956190 ms  DeleteObjects: 0,170984 ms)

Prepare: number of updated asset objects reloaded= 0
AssetImportParameters requested are different than current active one (requested -> active):
  custom:container-demuxer-ogg: 62fdf1f143b41e24485cea50d1cbac27 -> 
  custom:video-decoder-ogg-theora: a1e56fd34408186e4bbccfd4996cb3dc -> 
  custom:CustomObjectIndexerAttribute: 306bfa6df2d96854e1ebb52f3ddacab7 -> 
  custom:container-demuxer-webm: 4f35f7cbe854078d1ac9338744f61a02 -> 
  custom:container-muxer-webm: aa71ff27fc2769a1b78a27578f13a17b -> 
  custom:video-decoder-webm-vp8: 9c59270c3fd7afecdb556c50c9e8de78 -> 
  custom:SearchIndexIgnoredProperties: e643bd26f0fe6173181afceb89e7c659 -> 
  custom:AudioImporter_EditorPlatform: 2f0ff77a95e0ac474e3e8eeba4e2f7cb -> 
  custom:video-encoder-webm-vp8: eb34c28f22e8b96e1ab97ce403110664 -> 
  custom:audio-decoder-ogg-vorbis: bf7c407c2cedff20999df2af8eb42d56 -> 
  custom:audio-encoder-webm-vorbis: bf7c407c2cedff20999df2af8eb42d56 -> 
========================================================================
Received Import Request.
  Time since last request: 17124,954045 seconds.
  path: Assets/Scenes/MainMenu.unity
  artifactKey: Guid(a92b515f03352e11d89028348daa6897) Importer(815301076,1909f56bfc062723c751e8b465ee728b)
Start importing Assets/Scenes/MainMenu.unity using Guid(a92b515f03352e11d89028348daa6897) Importer(815301076,1909f56bfc062723c751e8b465ee728b)  -> (artifact id: '6c57224dfb392b7822a673ed3d662e3f') in 0,003377 seconds
Number of updated asset objects reloaded before import = 0
Number of asset objects unloaded after import = 0
========================================================================
Received Import Request.
  Time since last request: 205,972883 seconds.
  path: Assets/Scenes/MazeHard.unity
  artifactKey: Guid(f84a7ba895576a56da20bfdedfa238b4) Importer(815301076,1909f56bfc062723c751e8b465ee728b)
Start importing Assets/Scenes/MazeHard.unity using Guid(f84a7ba895576a56da20bfdedfa238b4) Importer(815301076,1909f56bfc062723c751e8b465ee728b)  -> (artifact id: '63bd5ba26b238deef02f5caa3d3fd4f7') in 0,001236 seconds
Number of updated asset objects reloaded before import = 0
Number of asset objects unloaded after import = 0
========================================================================
Received Import Request.
  Time since last request: 8,101664 seconds.
  path: Assets/Scenes/MazeEasy.unity
  artifactKey: Guid(4bd709f4e582b9c4c92d69bb6bc6cb70) Importer(815301076,1909f56bfc062723c751e8b465ee728b)
Start importing Assets/Scenes/MazeEasy.unity using Guid(4bd709f4e582b9c4c92d69bb6bc6cb70) Importer(815301076,1909f56bfc062723c751e8b465ee728b)  -> (artifact id: '42f2f99d4e6da4a398509788723061a6') in 0,000792 seconds
Number of updated asset objects reloaded before import = 0
Number of asset objects unloaded after import = 0
========================================================================
Received Prepare
Begin MonoManager ReloadAssembly
- Loaded All Assemblies, in  0,312 seconds
Refreshing native plugins compatible for Editor in 1,45 ms, found 1 plugins.
Native extension for LinuxStandalone target not found
Native extension for WebGL target not found
[Package Manager] Server::EnsureServerProcessIsRunning -- launch failed, reason: Unity was launched with the -noUpm command-line argument
[Package Manager] UpmClient::Send -- Unable to send message (not connected to UPM process).
[Package Manager] Cannot connect to Unity Package Manager local server
Mono: successfully reloaded assembly
- Finished resetting the current domain, in  0,569 seconds
Domain Reload Profiling: 880ms
	BeginReloadAssembly (99ms)
		ExecutionOrderSort (0ms)
		DisableScriptedObjects (10ms)
		BackupInstance (0ms)
		ReleaseScriptingObjects (0ms)
		CreateAndSetChildDomain (30ms)
	RebuildCommonClasses (27ms)
	RebuildNativeTypeToScriptingClass (7ms)
	initialDomainReloadingComplete (21ms)
	LoadAllAssembliesAndSetupDomain (157ms)
		LoadAssemblies (168ms)
		RebuildTransferFunctionScriptingTraits (0ms)
		AnalyzeDomain (23ms)
			TypeCache.Refresh (9ms)
				TypeCache.ScanAssembly (1ms)
			ScanForSourceGeneratedMonoScriptInfo (10ms)
			ResolveRequiredComponents (4ms)
	FinalizeReload (569ms)
		ReleaseScriptCaches (0ms)
		RebuildScriptCaches (0ms)
		SetupLoadedEditorAssemblies (288ms)
			LogAssemblyErrors (0ms)
			InitializePlatformSupportModulesInManaged (5ms)
			SetLoadedEditorAssemblies (5ms)
			RefreshPlugins (0ms)
			BeforeProcessingInitializeOnLoad (49ms)
			ProcessInitializeOnLoadAttributes (202ms)
			ProcessInitializeOnLoadMethodAttributes (25ms)
			AfterProcessingInitializeOnLoad (3ms)
			EditorAssembliesLoaded (0ms)
		ExecutionOrderSort2 (0ms)
		AwakeInstancesAfterBackupRestoration (8ms)
Refreshing native plugins compatible for Editor in 1,41 ms, found 1 plugins.
Preloading 0 native plugins for Editor in 0,00 ms.
Unloading 4050 Unused Serialized files (Serialized files now loaded: 0)
Unloading 42 unused Assets / (155,1 KB). Loaded Objects now: 4535.
Memory consumption went from 133,0 MB to 132,9 MB.
Total: 3,911780 ms (FindLiveObjects: 0,414128 ms CreateObjectMapping: 0,151947 ms MarkObjects: 3,185584 ms  DeleteObjects: 0,158787 ms)

Prepare: number of updated asset objects reloaded= 0
AssetImportParameters requested are different than current active one (requested -> active):
  custom:container-demuxer-ogg: 62fdf1f143b41e24485cea50d1cbac27 -> 
  custom:video-decoder-ogg-theora: a1e56fd34408186e4bbccfd4996cb3dc -> 
  custom:CustomObjectIndexerAttribute: 306bfa6df2d96854e1ebb52f3ddacab7 -> 
  custom:container-demuxer-webm: 4f35f7cbe854078d1ac9338744f61a02 -> 
  custom:container-muxer-webm: aa71ff27fc2769a1b78a27578f13a17b -> 
  custom:video-decoder-webm-vp8: 9c59270c3fd7afecdb556c50c9e8de78 -> 
  custom:SearchIndexIgnoredProperties: e643bd26f0fe6173181afceb89e7c659 -> 
  custom:AudioImporter_EditorPlatform: 2f0ff77a95e0ac474e3e8eeba4e2f7cb -> 
  custom:video-encoder-webm-vp8: eb34c28f22e8b96e1ab97ce403110664 -> 
  custom:audio-decoder-ogg-vorbis: bf7c407c2cedff20999df2af8eb42d56 -> 
  custom:audio-encoder-webm-vorbis: bf7c407c2cedff20999df2af8eb42d56 -> 
========================================================================
Received Import Request.
  Time since last request: 231,784856 seconds.
  path: Assets/UnityAssets/KrishnaPalacio/MINIFANTASY - Dungeon/Tile Palettes/Walls/RedWall_WallTiles_30.asset
  artifactKey: Guid(9c4a23647e7b44e46ad6df501927b362) Importer(815301076,1909f56bfc062723c751e8b465ee728b)
Start importing Assets/UnityAssets/KrishnaPalacio/MINIFANTASY - Dungeon/Tile Palettes/Walls/RedWall_WallTiles_30.asset using Guid(9c4a23647e7b44e46ad6df501927b362) Importer(815301076,1909f56bfc062723c751e8b465ee728b)  -> (artifact id: '4b005170602facc93b2274294dbe7dc8') in 0,154725 seconds
Number of updated asset objects reloaded before import = 0
Number of asset objects unloaded after import = 3
========================================================================
Received Import Request.
  Time since last request: 0,031895 seconds.
  path: Assets/UnityAssets/KrishnaPalacio/MINIFANTASY - Forgotten Plains/Tile Palettes/Standard Tiles/Wall/Wall2_Minifantasy_ForgottenPlainsProps_31.asset
  artifactKey: Guid(06d83d2bc3dde83458d8ba2cb7db9bef) Importer(815301076,1909f56bfc062723c751e8b465ee728b)
Start importing Assets/UnityAssets/KrishnaPalacio/MINIFANTASY - Forgotten Plains/Tile Palettes/Standard Tiles/Wall/Wall2_Minifantasy_ForgottenPlainsProps_31.asset using Guid(06d83d2bc3dde83458d8ba2cb7db9bef) Importer(815301076,1909f56bfc062723c751e8b465ee728b)  -> (artifact id: '3eae1eb332bc2a104697d0bd69a7018b') in 0,004346 seconds
Number of updated asset objects reloaded before import = 0
Number of asset objects unloaded after import = 3
========================================================================
Received Import Request.
  Time since last request: 0,000010 seconds.
  path: Assets/UnityAssets/KrishnaPalacio/MINIFANTASY - Forgotten Plains/Tile Palettes/Standard Tiles/Wall/Wall3_Minifantasy_ForgottenPlainsProps_32.asset
  artifactKey: Guid(5c9a3c24d6737d1439dd710ec9205ca9) Importer(815301076,1909f56bfc062723c751e8b465ee728b)
Start importing Assets/UnityAssets/KrishnaPalacio/MINIFANTASY - Forgotten Plains/Tile Palettes/Standard Tiles/Wall/Wall3_Minifantasy_ForgottenPlainsProps_32.asset using Guid(5c9a3c24d6737d1439dd710ec9205ca9) Importer(815301076,1909f56bfc062723c751e8b465ee728b)  -> (artifact id: '45d7da9b1fac3ccc6f91f450b7d98803') in 0,005413 seconds
Number of updated asset objects reloaded before import = 0
Number of asset objects unloaded after import = 3
========================================================================
Received Import Request.
  Time since last request: 0,000011 seconds.
  path: Assets/UnityAssets/KrishnaPalacio/MINIFANTASY - Forgotten Plains/Tile Palettes/Standard Tiles/Cliffs/Wall5_Minifantasy_ForgottenPlainsProps_33.asset
  artifactKey: Guid(86b7e00305a3e0744a396b125ddf28c3) Importer(815301076,1909f56bfc062723c751e8b465ee728b)
Start importing Assets/UnityAssets/KrishnaPalacio/MINIFANTASY - Forgotten Plains/Tile Palettes/Standard Tiles/Cliffs/Wall5_Minifantasy_ForgottenPlainsProps_33.asset using Guid(86b7e00305a3e0744a396b125ddf28c3) Importer(815301076,1909f56bfc062723c751e8b465ee728b)  -> (artifact id: 'fde6dbe4deb343af1d392faf02d31bf2') in 0,003210 seconds
Number of updated asset objects reloaded before import = 0
Number of asset objects unloaded after import = 3
========================================================================
Received Import Request.
  Time since last request: 0,000013 seconds.
  path: Assets/UnityAssets/KrishnaPalacio/MINIFANTASY - Forgotten Plains/Tile Palettes/Standard Tiles/Cliffs/Wall4_Minifantasy_ForgottenPlainsProps_35.asset
  artifactKey: Guid(d6cdd15259522594d9c60a6b8ff6ef65) Importer(815301076,1909f56bfc062723c751e8b465ee728b)
Start importing Assets/UnityAssets/KrishnaPalacio/MINIFANTASY - Forgotten Plains/Tile Palettes/Standard Tiles/Cliffs/Wall4_Minifantasy_ForgottenPlainsProps_35.asset using Guid(d6cdd15259522594d9c60a6b8ff6ef65) Importer(815301076,1909f56bfc062723c751e8b465ee728b)  -> (artifact id: '36fb04ca1066b7791a9aef1aa1b1c80e') in 0,002872 seconds
Number of updated asset objects reloaded before import = 0
Number of asset objects unloaded after import = 3
========================================================================
Received Import Request.
  Time since last request: 0,000010 seconds.
  path: Assets/UnityAssets/KrishnaPalacio/MINIFANTASY - Forgotten Plains/Tile Palettes/Standard Tiles/Wall/Wall5_Minifantasy_ForgottenPlainsProps_33.asset
  artifactKey: Guid(8620761d74c2d344a9c80a332c2c9215) Importer(815301076,1909f56bfc062723c751e8b465ee728b)
Start importing Assets/UnityAssets/KrishnaPalacio/MINIFANTASY - Forgotten Plains/Tile Palettes/Standard Tiles/Wall/Wall5_Minifantasy_ForgottenPlainsProps_33.asset using Guid(8620761d74c2d344a9c80a332c2c9215) Importer(815301076,1909f56bfc062723c751e8b465ee728b)  -> (artifact id: 'a5737247fbf893107fea2970f844b737') in 0,007736 seconds
Number of updated asset objects reloaded before import = 0
Number of asset objects unloaded after import = 3
========================================================================
Received Import Request.
  Time since last request: 0,000043 seconds.
  path: Assets/UnityAssets/KrishnaPalacio/MINIFANTASY - Forgotten Plains/Tile Palettes/Standard Tiles/Wall/Wall1_Minifantasy_ForgottenPlainsProps_11.asset
  artifactKey: Guid(2a3f3c7379e5ab745ad6a8606ed32a9a) Importer(815301076,1909f56bfc062723c751e8b465ee728b)
Start importing Assets/UnityAssets/KrishnaPalacio/MINIFANTASY - Forgotten Plains/Tile Palettes/Standard Tiles/Wall/Wall1_Minifantasy_ForgottenPlainsProps_11.asset using Guid(2a3f3c7379e5ab745ad6a8606ed32a9a) Importer(815301076,1909f56bfc062723c751e8b465ee728b)  -> (artifact id: '3bd9d88fd8ef041528cfbb8b3bdad04f') in 0,016105 seconds
Number of updated asset objects reloaded before import = 0
Number of asset objects unloaded after import = 3
========================================================================
Received Import Request.
  Time since last request: 1,829012 seconds.
  path: Assets/UnityAssets/KrishnaPalacio/MINIFANTASY - Forgotten Plains/Tile Palettes/Standard Tiles/Wall/Wall6_Minifantasy_ForgottenPlainsProps_36.asset
  artifactKey: Guid(0f89052df23ed29488d78041bc235376) Importer(815301076,1909f56bfc062723c751e8b465ee728b)
Start importing Assets/UnityAssets/KrishnaPalacio/MINIFANTASY - Forgotten Plains/Tile Palettes/Standard Tiles/Wall/Wall6_Minifantasy_ForgottenPlainsProps_36.asset using Guid(0f89052df23ed29488d78041bc235376) Importer(815301076,1909f56bfc062723c751e8b465ee728b)  -> (artifact id: 'c1e6dc4324568c6aa6e6db0ea46fb0d7') in 0,003837 seconds
Number of updated asset objects reloaded before import = 0
Number of asset objects unloaded after import = 3
========================================================================
Received Import Request.
  Time since last request: 0,002838 seconds.
  path: Assets/UnityAssets/KrishnaPalacio/MINIFANTASY - Forgotten Plains/Tile Palettes/Standard Tiles/Wall/Wall7_Minifantasy_ForgottenPlainsProps_10.asset
  artifactKey: Guid(f801c908775ea9c4cbc6e972ec59a0d8) Importer(815301076,1909f56bfc062723c751e8b465ee728b)
Start importing Assets/UnityAssets/KrishnaPalacio/MINIFANTASY - Forgotten Plains/Tile Palettes/Standard Tiles/Wall/Wall7_Minifantasy_ForgottenPlainsProps_10.asset using Guid(f801c908775ea9c4cbc6e972ec59a0d8) Importer(815301076,1909f56bfc062723c751e8b465ee728b)  -> (artifact id: 'e2aa59ee9bbbcdce0f889a91e08b5e01') in 0,006434 seconds
Number of updated asset objects reloaded before import = 0
Number of asset objects unloaded after import = 3
========================================================================
Received Import Request.
  Time since last request: 0,350633 seconds.
  path: Assets/UnityAssets/KrishnaPalacio/MINIFANTASY - Forgotten Plains/Tile Palettes/Standard Tiles/Wall/Wall9_Minifantasy_ForgottenPlainsProps_29.asset
  artifactKey: Guid(3159ac26b842ecb43ae7d043d8dba180) Importer(815301076,1909f56bfc062723c751e8b465ee728b)
Start importing Assets/UnityAssets/KrishnaPalacio/MINIFANTASY - Forgotten Plains/Tile Palettes/Standard Tiles/Wall/Wall9_Minifantasy_ForgottenPlainsProps_29.asset using Guid(3159ac26b842ecb43ae7d043d8dba180) Importer(815301076,1909f56bfc062723c751e8b465ee728b)  -> (artifact id: '6a448e4d0b157e98af64ac6a8133d84b') in 0,006050 seconds
Number of updated asset objects reloaded before import = 0
Number of asset objects unloaded after import = 3
========================================================================
Received Import Request.
  Time since last request: 0,000013 seconds.
  path: Assets/UnityAssets/KrishnaPalacio/MINIFANTASY - Forgotten Plains/Tile Palettes/Standard Tiles/Wall/Wall11_Minifantasy_ForgottenPlainsProps_52.asset
  artifactKey: Guid(fd4b541175871ed42998831914ab6e96) Importer(815301076,1909f56bfc062723c751e8b465ee728b)
Start importing Assets/UnityAssets/KrishnaPalacio/MINIFANTASY - Forgotten Plains/Tile Palettes/Standard Tiles/Wall/Wall11_Minifantasy_ForgottenPlainsProps_52.asset using Guid(fd4b541175871ed42998831914ab6e96) Importer(815301076,1909f56bfc062723c751e8b465ee728b)  -> (artifact id: '6a7ec8ffbd8ab9e3b5e454a4c31eb413') in 0,007162 seconds
Number of updated asset objects reloaded before import = 0
Number of asset objects unloaded after import = 3
========================================================================
Received Import Request.
  Time since last request: 0,062286 seconds.
  path: Assets/UnityAssets/KrishnaPalacio/MINIFANTASY - Forgotten Plains/Tile Palettes/Standard Tiles/Wall/Wall12_Minifantasy_ForgottenPlainsProps_49.asset
  artifactKey: Guid(e9d17aa6872b47d48ae801cd48c3b1fb) Importer(815301076,1909f56bfc062723c751e8b465ee728b)
Start importing Assets/UnityAssets/KrishnaPalacio/MINIFANTASY - Forgotten Plains/Tile Palettes/Standard Tiles/Wall/Wall12_Minifantasy_ForgottenPlainsProps_49.asset using Guid(e9d17aa6872b47d48ae801cd48c3b1fb) Importer(815301076,1909f56bfc062723c751e8b465ee728b)  -> (artifact id: 'aeeba4d47480d6cdb6e07b7e438b95d1') in 0,016482 seconds
Number of updated asset objects reloaded before import = 0
Number of asset objects unloaded after import = 3
========================================================================
Received Import Request.
  Time since last request: 0,299043 seconds.
  path: Assets/UnityAssets/KrishnaPalacio/MINIFANTASY - Forgotten Plains/Tile Palettes/Standard Tiles/Wall/Wall15_Minifantasy_ForgottenPlainsProps_54.asset
  artifactKey: Guid(2760601348b5ee440ad5c593d8faf7a5) Importer(815301076,1909f56bfc062723c751e8b465ee728b)
Start importing Assets/UnityAssets/KrishnaPalacio/MINIFANTASY - Forgotten Plains/Tile Palettes/Standard Tiles/Wall/Wall15_Minifantasy_ForgottenPlainsProps_54.asset using Guid(2760601348b5ee440ad5c593d8faf7a5) Importer(815301076,1909f56bfc062723c751e8b465ee728b)  -> (artifact id: 'ba8a11175c6c552b165dabaeed1385d5') in 0,003249 seconds
Number of updated asset objects reloaded before import = 0
Number of asset objects unloaded after import = 3
========================================================================
Received Import Request.
  Time since last request: 0,004200 seconds.
  path: Assets/UnityAssets/KrishnaPalacio/MINIFANTASY - Forgotten Plains/Tile Palettes/Standard Tiles/Wall/Wall17_Minifantasy_ForgottenPlainsProps_30.asset
  artifactKey: Guid(96c381834ac26d446a52ab4b5aad8e20) Importer(815301076,1909f56bfc062723c751e8b465ee728b)
Start importing Assets/UnityAssets/KrishnaPalacio/MINIFANTASY - Forgotten Plains/Tile Palettes/Standard Tiles/Wall/Wall17_Minifantasy_ForgottenPlainsProps_30.asset using Guid(96c381834ac26d446a52ab4b5aad8e20) Importer(815301076,1909f56bfc062723c751e8b465ee728b)  -> (artifact id: '60fcc896e9aba8e053e720a79c042bca') in 0,006152 seconds
Number of updated asset objects reloaded before import = 0
Number of asset objects unloaded after import = 3
========================================================================
Received Import Request.
  Time since last request: 0,065138 seconds.
  path: Assets/UnityAssets/KrishnaPalacio/MINIFANTASY - Forgotten Plains/Tile Palettes/Standard Tiles/Wall/Wall18_Minifantasy_ForgottenPlainsProps_34.asset
  artifactKey: Guid(b1765c35c2f85cd4094d704c68fd3032) Importer(815301076,1909f56bfc062723c751e8b465ee728b)
Start importing Assets/UnityAssets/KrishnaPalacio/MINIFANTASY - Forgotten Plains/Tile Palettes/Standard Tiles/Wall/Wall18_Minifantasy_ForgottenPlainsProps_34.asset using Guid(b1765c35c2f85cd4094d704c68fd3032) Importer(815301076,1909f56bfc062723c751e8b465ee728b)  -> (artifact id: 'd7e73f5a143601c914115ca14540bc6d') in 0,023114 seconds
Number of updated asset objects reloaded before import = 0
Number of asset objects unloaded after import = 3
========================================================================
Received Import Request.
  Time since last request: 0,000017 seconds.
  path: Assets/UnityAssets/KrishnaPalacio/MINIFANTASY - Forgotten Plains/Tile Palettes/Standard Tiles/Wall/Wall20_Minifantasy_ForgottenPlainsProps_40.asset
  artifactKey: Guid(0909d57f5d3f5934e814fce42a30bd17) Importer(815301076,1909f56bfc062723c751e8b465ee728b)
Start importing Assets/UnityAssets/KrishnaPalacio/MINIFANTASY - Forgotten Plains/Tile Palettes/Standard Tiles/Wall/Wall20_Minifantasy_ForgottenPlainsProps_40.asset using Guid(0909d57f5d3f5934e814fce42a30bd17) Importer(815301076,1909f56bfc062723c751e8b465ee728b)  -> (artifact id: '0945da2de3660181cc7ab6c530df530e') in 0,003639 seconds
Number of updated asset objects reloaded before import = 0
Number of asset objects unloaded after import = 3
========================================================================
Received Import Request.
  Time since last request: 1,101723 seconds.
  path: Assets/UnityAssets/KrishnaPalacio/MINIFANTASY - Forgotten Plains/Tile Palettes/Standard Tiles/Wall/Wall22_Minifantasy_ForgottenPlainsProps_45.asset
  artifactKey: Guid(01fdd81593556044193e2a2d2b7fa973) Importer(815301076,1909f56bfc062723c751e8b465ee728b)
Start importing Assets/UnityAssets/KrishnaPalacio/MINIFANTASY - Forgotten Plains/Tile Palettes/Standard Tiles/Wall/Wall22_Minifantasy_ForgottenPlainsProps_45.asset using Guid(01fdd81593556044193e2a2d2b7fa973) Importer(815301076,1909f56bfc062723c751e8b465ee728b)  -> (artifact id: 'd2c16166eafda037a82522078a8daf64') in 0,004901 seconds
Number of updated asset objects reloaded before import = 0
Number of asset objects unloaded after import = 3
========================================================================
Received Import Request.
  Time since last request: 0,100108 seconds.
  path: Assets/UnityAssets/KrishnaPalacio/MINIFANTASY - Dungeon/Tile Palettes/Walls/WallTiles_2.asset
  artifactKey: Guid(c5c9c4e90f80eb844b323ad6b211e9a8) Importer(815301076,1909f56bfc062723c751e8b465ee728b)
Start importing Assets/UnityAssets/KrishnaPalacio/MINIFANTASY - Dungeon/Tile Palettes/Walls/WallTiles_2.asset using Guid(c5c9c4e90f80eb844b323ad6b211e9a8) Importer(815301076,1909f56bfc062723c751e8b465ee728b)  -> (artifact id: '870c304bf68edf88f737bf4d3b59cef1') in 0,007861 seconds
Number of updated asset objects reloaded before import = 0
Number of asset objects unloaded after import = 3
========================================================================
Received Import Request.
  Time since last request: 0,085336 seconds.
  path: Assets/UnityAssets/KrishnaPalacio/MINIFANTASY - Dungeon/Tile Palettes/Walls/WallTiles_5.asset
  artifactKey: Guid(3a93b4b1da433a34b95e11ab34c92a50) Importer(815301076,1909f56bfc062723c751e8b465ee728b)
Start importing Assets/UnityAssets/KrishnaPalacio/MINIFANTASY - Dungeon/Tile Palettes/Walls/WallTiles_5.asset using Guid(3a93b4b1da433a34b95e11ab34c92a50) Importer(815301076,1909f56bfc062723c751e8b465ee728b)  -> (artifact id: '2590fae19b4a102d932a35768c7875a0') in 0,006175 seconds
Number of updated asset objects reloaded before import = 0
Number of asset objects unloaded after import = 3
========================================================================
Received Import Request.
  Time since last request: 0,059005 seconds.
  path: Assets/UnityAssets/KrishnaPalacio/MINIFANTASY - Dungeon/Tile Palettes/Walls/WallTiles_8.asset
  artifactKey: Guid(2d481ae8d55b6f54687963424046b17a) Importer(815301076,1909f56bfc062723c751e8b465ee728b)
Start importing Assets/UnityAssets/KrishnaPalacio/MINIFANTASY - Dungeon/Tile Palettes/Walls/WallTiles_8.asset using Guid(2d481ae8d55b6f54687963424046b17a) Importer(815301076,1909f56bfc062723c751e8b465ee728b)  -> (artifact id: '15a125704e5d2b944f3fbcb85b874dac') in 0,005841 seconds
Number of updated asset objects reloaded before import = 0
Number of asset objects unloaded after import = 3
========================================================================
Received Import Request.
  Time since last request: 0,063238 seconds.
  path: Assets/UnityAssets/KrishnaPalacio/MINIFANTASY - Dungeon/Tile Palettes/Walls/WallTiles_11.asset
  artifactKey: Guid(bcee8185945c8b641b9bc83a98c63acf) Importer(815301076,1909f56bfc062723c751e8b465ee728b)
Start importing Assets/UnityAssets/KrishnaPalacio/MINIFANTASY - Dungeon/Tile Palettes/Walls/WallTiles_11.asset using Guid(bcee8185945c8b641b9bc83a98c63acf) Importer(815301076,1909f56bfc062723c751e8b465ee728b)  -> (artifact id: '43827108d07c87da884da90665b77b52') in 0,006230 seconds
Number of updated asset objects reloaded before import = 0
Number of asset objects unloaded after import = 3
========================================================================
Received Import Request.
  Time since last request: 0,055537 seconds.
  path: Assets/UnityAssets/KrishnaPalacio/MINIFANTASY - Dungeon/Tile Palettes/Walls/WallTiles_14.asset
  artifactKey: Guid(50ec3fc3dee3c5a4589d8f16e6a6b02a) Importer(815301076,1909f56bfc062723c751e8b465ee728b)
Start importing Assets/UnityAssets/KrishnaPalacio/MINIFANTASY - Dungeon/Tile Palettes/Walls/WallTiles_14.asset using Guid(50ec3fc3dee3c5a4589d8f16e6a6b02a) Importer(815301076,1909f56bfc062723c751e8b465ee728b)  -> (artifact id: '9b183876ac9a5c27f7803a25da15830c') in 0,005927 seconds
Number of updated asset objects reloaded before import = 0
Number of asset objects unloaded after import = 3
========================================================================
Received Import Request.
  Time since last request: 0,039399 seconds.
  path: Assets/UnityAssets/KrishnaPalacio/MINIFANTASY - Dungeon/Tile Palettes/Walls/WallTiles_17.asset
  artifactKey: Guid(333ada69348f1d1478175f083758f7a8) Importer(815301076,1909f56bfc062723c751e8b465ee728b)
Start importing Assets/UnityAssets/KrishnaPalacio/MINIFANTASY - Dungeon/Tile Palettes/Walls/WallTiles_17.asset using Guid(333ada69348f1d1478175f083758f7a8) Importer(815301076,1909f56bfc062723c751e8b465ee728b)  -> (artifact id: '5145c05b83e2a4d11f01f10bb0342e71') in 0,025541 seconds
Number of updated asset objects reloaded before import = 0
Number of asset objects unloaded after import = 3
========================================================================
Received Import Request.
  Time since last request: 0,032523 seconds.
  path: Assets/UnityAssets/KrishnaPalacio/MINIFANTASY - Dungeon/Tile Palettes/Walls/WallTiles_20.asset
  artifactKey: Guid(0706f634a6879f0478aefeac3cdbbb21) Importer(815301076,1909f56bfc062723c751e8b465ee728b)
Start importing Assets/UnityAssets/KrishnaPalacio/MINIFANTASY - Dungeon/Tile Palettes/Walls/WallTiles_20.asset using Guid(0706f634a6879f0478aefeac3cdbbb21) Importer(815301076,1909f56bfc062723c751e8b465ee728b)  -> (artifact id: 'b49c808232614bbf5f1dac0f5f19d7cf') in 0,006381 seconds
Number of updated asset objects reloaded before import = 0
Number of asset objects unloaded after import = 3
========================================================================
Received Import Request.
  Time since last request: 0,005211 seconds.
  path: Assets/UnityAssets/KrishnaPalacio/MINIFANTASY - Dungeon/Tile Palettes/Walls/WallTiles_23.asset
  artifactKey: Guid(99c19ad395867cb4f9e547d0a7de13c9) Importer(815301076,1909f56bfc062723c751e8b465ee728b)
Start importing Assets/UnityAssets/KrishnaPalacio/MINIFANTASY - Dungeon/Tile Palettes/Walls/WallTiles_23.asset using Guid(99c19ad395867cb4f9e547d0a7de13c9) Importer(815301076,1909f56bfc062723c751e8b465ee728b)  -> (artifact id: '7c571477c50b81c18cbf144b715e392d') in 0,005654 seconds
Number of updated asset objects reloaded before import = 0
Number of asset objects unloaded after import = 3
========================================================================
Received Import Request.
  Time since last request: 0,327060 seconds.
  path: Assets/UnityAssets/KrishnaPalacio/MINIFANTASY - Dungeon/Tile Palettes/Walls/WallTiles_26.asset
  artifactKey: Guid(5f3de7e42ddc03943a39a34591cadf0a) Importer(815301076,1909f56bfc062723c751e8b465ee728b)
Start importing Assets/UnityAssets/KrishnaPalacio/MINIFANTASY - Dungeon/Tile Palettes/Walls/WallTiles_26.asset using Guid(5f3de7e42ddc03943a39a34591cadf0a) Importer(815301076,1909f56bfc062723c751e8b465ee728b)  -> (artifact id: 'b523de120987ee1ee76da386d3794467') in 0,006197 seconds
Number of updated asset objects reloaded before import = 0
Number of asset objects unloaded after import = 3
========================================================================
Received Import Request.
  Time since last request: 0,032721 seconds.
  path: Assets/UnityAssets/KrishnaPalacio/MINIFANTASY - Dungeon/Tile Palettes/Walls/WallTilesetShadows_0.asset
  artifactKey: Guid(30821be31d1c3424ab99d962c53c323b) Importer(815301076,1909f56bfc062723c751e8b465ee728b)
Start importing Assets/UnityAssets/KrishnaPalacio/MINIFANTASY - Dungeon/Tile Palettes/Walls/WallTilesetShadows_0.asset using Guid(30821be31d1c3424ab99d962c53c323b) Importer(815301076,1909f56bfc062723c751e8b465ee728b)  -> (artifact id: '54c54c402b5b093b3dc9078ac8adb4d5') in 0,017157 seconds
Number of updated asset objects reloaded before import = 0
Number of asset objects unloaded after import = 3
========================================================================
Received Import Request.
  Time since last request: 0,089040 seconds.
  path: Assets/UnityAssets/KrishnaPalacio/MINIFANTASY - Dungeon/Tile Palettes/Walls/WallTilesetShadows_3.asset
  artifactKey: Guid(28a0654bc3a1a8940a0d5d04debe8ae0) Importer(815301076,1909f56bfc062723c751e8b465ee728b)
Start importing Assets/UnityAssets/KrishnaPalacio/MINIFANTASY - Dungeon/Tile Palettes/Walls/WallTilesetShadows_3.asset using Guid(28a0654bc3a1a8940a0d5d04debe8ae0) Importer(815301076,1909f56bfc062723c751e8b465ee728b)  -> (artifact id: 'd16ff28d989b106da05f37b0d457a4a0') in 0,004277 seconds
Number of updated asset objects reloaded before import = 0
Number of asset objects unloaded after import = 3
========================================================================
Received Import Request.
  Time since last request: 0,057478 seconds.
  path: Assets/UnityAssets/KrishnaPalacio/MINIFANTASY - Dungeon/Tile Palettes/Walls/WallTilesetShadows_6.asset
  artifactKey: Guid(e26b169c041d72a4ab6ede852862e294) Importer(815301076,1909f56bfc062723c751e8b465ee728b)
Start importing Assets/UnityAssets/KrishnaPalacio/MINIFANTASY - Dungeon/Tile Palettes/Walls/WallTilesetShadows_6.asset using Guid(e26b169c041d72a4ab6ede852862e294) Importer(815301076,1909f56bfc062723c751e8b465ee728b)  -> (artifact id: '15d91b6608097fc33426a9bbc7c0ab43') in 0,005800 seconds
Number of updated asset objects reloaded before import = 0
Number of asset objects unloaded after import = 3
========================================================================
Received Import Request.
  Time since last request: 0,033300 seconds.
  path: Assets/UnityAssets/KrishnaPalacio/MINIFANTASY - Dungeon/Tile Palettes/Walls/WallTilesetShadows_9.asset
  artifactKey: Guid(121d4998637a086438b66a1f9616f1c1) Importer(815301076,1909f56bfc062723c751e8b465ee728b)
Start importing Assets/UnityAssets/KrishnaPalacio/MINIFANTASY - Dungeon/Tile Palettes/Walls/WallTilesetShadows_9.asset using Guid(121d4998637a086438b66a1f9616f1c1) Importer(815301076,1909f56bfc062723c751e8b465ee728b)  -> (artifact id: 'f4619b35e68ecc39a5cac911412e6a55') in 0,007061 seconds
Number of updated asset objects reloaded before import = 0
Number of asset objects unloaded after import = 3
========================================================================
Received Prepare
Begin MonoManager ReloadAssembly
- Loaded All Assemblies, in  0,344 seconds
Refreshing native plugins compatible for Editor in 1,41 ms, found 1 plugins.
Native extension for LinuxStandalone target not found
Native extension for WebGL target not found
[Package Manager] Server::EnsureServerProcessIsRunning -- launch failed, reason: Unity was launched with the -noUpm command-line argument
[Package Manager] UpmClient::Send -- Unable to send message (not connected to UPM process).
[Package Manager] Cannot connect to Unity Package Manager local server
Mono: successfully reloaded assembly
- Finished resetting the current domain, in  0,708 seconds
Domain Reload Profiling: 1052ms
	BeginReloadAssembly (122ms)
		ExecutionOrderSort (0ms)
		DisableScriptedObjects (10ms)
		BackupInstance (0ms)
		ReleaseScriptingObjects (0ms)
		CreateAndSetChildDomain (43ms)
	RebuildCommonClasses (30ms)
	RebuildNativeTypeToScriptingClass (7ms)
	initialDomainReloadingComplete (25ms)
	LoadAllAssembliesAndSetupDomain (158ms)
		LoadAssemblies (188ms)
		RebuildTransferFunctionScriptingTraits (0ms)
		AnalyzeDomain (12ms)
			TypeCache.Refresh (7ms)
				TypeCache.ScanAssembly (0ms)
			ScanForSourceGeneratedMonoScriptInfo (0ms)
			ResolveRequiredComponents (5ms)
	FinalizeReload (709ms)
		ReleaseScriptCaches (0ms)
		RebuildScriptCaches (0ms)
		SetupLoadedEditorAssemblies (394ms)
			LogAssemblyErrors (0ms)
			InitializePlatformSupportModulesInManaged (10ms)
			SetLoadedEditorAssemblies (7ms)
			RefreshPlugins (0ms)
			BeforeProcessingInitializeOnLoad (83ms)
			ProcessInitializeOnLoadAttributes (253ms)
			ProcessInitializeOnLoadMethodAttributes (37ms)
			AfterProcessingInitializeOnLoad (3ms)
			EditorAssembliesLoaded (0ms)
		ExecutionOrderSort2 (0ms)
		AwakeInstancesAfterBackupRestoration (11ms)
Refreshing native plugins compatible for Editor in 1,55 ms, found 1 plugins.
Preloading 0 native plugins for Editor in 0,00 ms.
Unloading 4050 Unused Serialized files (Serialized files now loaded: 0)
Unloading 42 unused Assets / (155,3 KB). Loaded Objects now: 4545.
Memory consumption went from 135,2 MB to 135,0 MB.
Total: 5,002646 ms (FindLiveObjects: 0,423174 ms CreateObjectMapping: 0,428543 ms MarkObjects: 3,902744 ms  DeleteObjects: 0,246158 ms)

Prepare: number of updated asset objects reloaded= 0
AssetImportParameters requested are different than current active one (requested -> active):
  custom:container-demuxer-ogg: 62fdf1f143b41e24485cea50d1cbac27 -> 
  custom:video-decoder-ogg-theora: a1e56fd34408186e4bbccfd4996cb3dc -> 
  custom:CustomObjectIndexerAttribute: 306bfa6df2d96854e1ebb52f3ddacab7 -> 
  custom:container-demuxer-webm: 4f35f7cbe854078d1ac9338744f61a02 -> 
  custom:container-muxer-webm: aa71ff27fc2769a1b78a27578f13a17b -> 
  custom:video-decoder-webm-vp8: 9c59270c3fd7afecdb556c50c9e8de78 -> 
  custom:SearchIndexIgnoredProperties: e643bd26f0fe6173181afceb89e7c659 -> 
  custom:AudioImporter_EditorPlatform: 2f0ff77a95e0ac474e3e8eeba4e2f7cb -> 
  custom:video-encoder-webm-vp8: eb34c28f22e8b96e1ab97ce403110664 -> 
  custom:audio-decoder-ogg-vorbis: bf7c407c2cedff20999df2af8eb42d56 -> 
  custom:audio-encoder-webm-vorbis: bf7c407c2cedff20999df2af8eb42d56 -> 
========================================================================
Received Prepare
Begin MonoManager ReloadAssembly
- Loaded All Assemblies, in  0,331 seconds
Refreshing native plugins compatible for Editor in 1,48 ms, found 1 plugins.
Native extension for LinuxStandalone target not found
Native extension for WebGL target not found
[Package Manager] Server::EnsureServerProcessIsRunning -- launch failed, reason: Unity was launched with the -noUpm command-line argument
[Package Manager] UpmClient::Send -- Unable to send message (not connected to UPM process).
[Package Manager] Cannot connect to Unity Package Manager local server
Mono: successfully reloaded assembly
- Finished resetting the current domain, in  0,710 seconds
Domain Reload Profiling: 1041ms
	BeginReloadAssembly (110ms)
		ExecutionOrderSort (0ms)
		DisableScriptedObjects (10ms)
		BackupInstance (0ms)
		ReleaseScriptingObjects (0ms)
		CreateAndSetChildDomain (33ms)
	RebuildCommonClasses (30ms)
	RebuildNativeTypeToScriptingClass (7ms)
	initialDomainReloadingComplete (23ms)
	LoadAllAssembliesAndSetupDomain (162ms)
		LoadAssemblies (190ms)
		RebuildTransferFunctionScriptingTraits (0ms)
		AnalyzeDomain (12ms)
			TypeCache.Refresh (7ms)
				TypeCache.ScanAssembly (0ms)
			ScanForSourceGeneratedMonoScriptInfo (0ms)
			ResolveRequiredComponents (5ms)
	FinalizeReload (710ms)
		ReleaseScriptCaches (0ms)
		RebuildScriptCaches (0ms)
		SetupLoadedEditorAssemblies (382ms)
			LogAssemblyErrors (0ms)
			InitializePlatformSupportModulesInManaged (6ms)
			SetLoadedEditorAssemblies (6ms)
			RefreshPlugins (0ms)
			BeforeProcessingInitializeOnLoad (64ms)
			ProcessInitializeOnLoadAttributes (273ms)
			ProcessInitializeOnLoadMethodAttributes (30ms)
			AfterProcessingInitializeOnLoad (3ms)
			EditorAssembliesLoaded (0ms)
		ExecutionOrderSort2 (0ms)
		AwakeInstancesAfterBackupRestoration (9ms)
Refreshing native plugins compatible for Editor in 1,49 ms, found 1 plugins.
Preloading 0 native plugins for Editor in 0,00 ms.
Unloading 4051 Unused Serialized files (Serialized files now loaded: 0)
Unloading 42 unused Assets / (155,4 KB). Loaded Objects now: 4549.
Memory consumption went from 135,4 MB to 135,3 MB.
Total: 4,628499 ms (FindLiveObjects: 0,523170 ms CreateObjectMapping: 0,200066 ms MarkObjects: 3,671629 ms  DeleteObjects: 0,229986 ms)

Prepare: number of updated asset objects reloaded= 0
AssetImportParameters requested are different than current active one (requested -> active):
  custom:container-demuxer-ogg: 62fdf1f143b41e24485cea50d1cbac27 -> 
  custom:video-decoder-ogg-theora: a1e56fd34408186e4bbccfd4996cb3dc -> 
  custom:CustomObjectIndexerAttribute: 306bfa6df2d96854e1ebb52f3ddacab7 -> 
  custom:container-demuxer-webm: 4f35f7cbe854078d1ac9338744f61a02 -> 
  custom:container-muxer-webm: aa71ff27fc2769a1b78a27578f13a17b -> 
  custom:video-decoder-webm-vp8: 9c59270c3fd7afecdb556c50c9e8de78 -> 
  custom:SearchIndexIgnoredProperties: e643bd26f0fe6173181afceb89e7c659 -> 
  custom:AudioImporter_EditorPlatform: 2f0ff77a95e0ac474e3e8eeba4e2f7cb -> 
  custom:video-encoder-webm-vp8: eb34c28f22e8b96e1ab97ce403110664 -> 
  custom:audio-decoder-ogg-vorbis: bf7c407c2cedff20999df2af8eb42d56 -> 
  custom:audio-encoder-webm-vorbis: bf7c407c2cedff20999df2af8eb42d56 -> 
========================================================================
Received Prepare
Begin MonoManager ReloadAssembly
- Loaded All Assemblies, in  0,316 seconds
Refreshing native plugins compatible for Editor in 1,27 ms, found 1 plugins.
Native extension for LinuxStandalone target not found
Native extension for WebGL target not found
[Package Manager] Server::EnsureServerProcessIsRunning -- launch failed, reason: Unity was launched with the -noUpm command-line argument
[Package Manager] UpmClient::Send -- Unable to send message (not connected to UPM process).
[Package Manager] Cannot connect to Unity Package Manager local server
Mono: successfully reloaded assembly
- Finished resetting the current domain, in  0,587 seconds
Domain Reload Profiling: 903ms
	BeginReloadAssembly (98ms)
		ExecutionOrderSort (0ms)
		DisableScriptedObjects (9ms)
		BackupInstance (0ms)
		ReleaseScriptingObjects (0ms)
		CreateAndSetChildDomain (29ms)
	RebuildCommonClasses (27ms)
	RebuildNativeTypeToScriptingClass (6ms)
	initialDomainReloadingComplete (22ms)
	LoadAllAssembliesAndSetupDomain (162ms)
		LoadAssemblies (174ms)
		RebuildTransferFunctionScriptingTraits (0ms)
		AnalyzeDomain (24ms)
			TypeCache.Refresh (10ms)
				TypeCache.ScanAssembly (1ms)
			ScanForSourceGeneratedMonoScriptInfo (9ms)
			ResolveRequiredComponents (4ms)
	FinalizeReload (588ms)
		ReleaseScriptCaches (0ms)
		RebuildScriptCaches (0ms)
		SetupLoadedEditorAssemblies (317ms)
			LogAssemblyErrors (0ms)
			InitializePlatformSupportModulesInManaged (7ms)
			SetLoadedEditorAssemblies (6ms)
			RefreshPlugins (0ms)
			BeforeProcessingInitializeOnLoad (58ms)
			ProcessInitializeOnLoadAttributes (218ms)
			ProcessInitializeOnLoadMethodAttributes (25ms)
			AfterProcessingInitializeOnLoad (3ms)
			EditorAssembliesLoaded (0ms)
		ExecutionOrderSort2 (0ms)
		AwakeInstancesAfterBackupRestoration (8ms)
Refreshing native plugins compatible for Editor in 1,42 ms, found 1 plugins.
Preloading 0 native plugins for Editor in 0,00 ms.
Unloading 4051 Unused Serialized files (Serialized files now loaded: 0)
Unloading 42 unused Assets / (155,3 KB). Loaded Objects now: 4553.
Memory consumption went from 135,4 MB to 135,3 MB.
Total: 5,181517 ms (FindLiveObjects: 0,458510 ms CreateObjectMapping: 0,342709 ms MarkObjects: 4,100406 ms  DeleteObjects: 0,278647 ms)

Prepare: number of updated asset objects reloaded= 0
AssetImportParameters requested are different than current active one (requested -> active):
  custom:container-demuxer-ogg: 62fdf1f143b41e24485cea50d1cbac27 -> 
  custom:video-decoder-ogg-theora: a1e56fd34408186e4bbccfd4996cb3dc -> 
  custom:CustomObjectIndexerAttribute: 306bfa6df2d96854e1ebb52f3ddacab7 -> 
  custom:container-demuxer-webm: 4f35f7cbe854078d1ac9338744f61a02 -> 
  custom:container-muxer-webm: aa71ff27fc2769a1b78a27578f13a17b -> 
  custom:video-decoder-webm-vp8: 9c59270c3fd7afecdb556c50c9e8de78 -> 
  custom:SearchIndexIgnoredProperties: e643bd26f0fe6173181afceb89e7c659 -> 
  custom:AudioImporter_EditorPlatform: 2f0ff77a95e0ac474e3e8eeba4e2f7cb -> 
  custom:video-encoder-webm-vp8: eb34c28f22e8b96e1ab97ce403110664 -> 
  custom:audio-decoder-ogg-vorbis: bf7c407c2cedff20999df2af8eb42d56 -> 
  custom:audio-encoder-webm-vorbis: bf7c407c2cedff20999df2af8eb42d56 -> 
========================================================================
Received Prepare
Begin MonoManager ReloadAssembly
- Loaded All Assemblies, in  0,306 seconds
Refreshing native plugins compatible for Editor in 1,33 ms, found 1 plugins.
Native extension for LinuxStandalone target not found
Native extension for WebGL target not found
[Package Manager] Server::EnsureServerProcessIsRunning -- launch failed, reason: Unity was launched with the -noUpm command-line argument
[Package Manager] UpmClient::Send -- Unable to send message (not connected to UPM process).
[Package Manager] Cannot connect to Unity Package Manager local server
Mono: successfully reloaded assembly
- Finished resetting the current domain, in  0,618 seconds
Domain Reload Profiling: 923ms
	BeginReloadAssembly (102ms)
		ExecutionOrderSort (0ms)
		DisableScriptedObjects (9ms)
		BackupInstance (0ms)
		ReleaseScriptingObjects (0ms)
		CreateAndSetChildDomain (31ms)
	RebuildCommonClasses (28ms)
	RebuildNativeTypeToScriptingClass (6ms)
	initialDomainReloadingComplete (21ms)
	LoadAllAssembliesAndSetupDomain (148ms)
		LoadAssemblies (171ms)
		RebuildTransferFunctionScriptingTraits (0ms)
		AnalyzeDomain (13ms)
			TypeCache.Refresh (8ms)
				TypeCache.ScanAssembly (0ms)
			ScanForSourceGeneratedMonoScriptInfo (0ms)
			ResolveRequiredComponents (4ms)
	FinalizeReload (618ms)
		ReleaseScriptCaches (0ms)
		RebuildScriptCaches (0ms)
		SetupLoadedEditorAssemblies (326ms)
			LogAssemblyErrors (0ms)
			InitializePlatformSupportModulesInManaged (9ms)
			SetLoadedEditorAssemblies (6ms)
			RefreshPlugins (0ms)
			BeforeProcessingInitializeOnLoad (61ms)
			ProcessInitializeOnLoadAttributes (218ms)
			ProcessInitializeOnLoadMethodAttributes (29ms)
			AfterProcessingInitializeOnLoad (3ms)
			EditorAssembliesLoaded (0ms)
		ExecutionOrderSort2 (0ms)
		AwakeInstancesAfterBackupRestoration (9ms)
Refreshing native plugins compatible for Editor in 1,28 ms, found 1 plugins.
Preloading 0 native plugins for Editor in 0,00 ms.
Unloading 4051 Unused Serialized files (Serialized files now loaded: 0)
Unloading 42 unused Assets / (155,4 KB). Loaded Objects now: 4557.
Memory consumption went from 135,4 MB to 135,3 MB.
Total: 3,687523 ms (FindLiveObjects: 0,315473 ms CreateObjectMapping: 0,131029 ms MarkObjects: 3,056514 ms  DeleteObjects: 0,183342 ms)

Prepare: number of updated asset objects reloaded= 0
AssetImportParameters requested are different than current active one (requested -> active):
  custom:container-demuxer-ogg: 62fdf1f143b41e24485cea50d1cbac27 -> 
  custom:video-decoder-ogg-theora: a1e56fd34408186e4bbccfd4996cb3dc -> 
  custom:CustomObjectIndexerAttribute: 306bfa6df2d96854e1ebb52f3ddacab7 -> 
  custom:container-demuxer-webm: 4f35f7cbe854078d1ac9338744f61a02 -> 
  custom:container-muxer-webm: aa71ff27fc2769a1b78a27578f13a17b -> 
  custom:video-decoder-webm-vp8: 9c59270c3fd7afecdb556c50c9e8de78 -> 
  custom:SearchIndexIgnoredProperties: e643bd26f0fe6173181afceb89e7c659 -> 
  custom:AudioImporter_EditorPlatform: 2f0ff77a95e0ac474e3e8eeba4e2f7cb -> 
  custom:video-encoder-webm-vp8: eb34c28f22e8b96e1ab97ce403110664 -> 
  custom:audio-decoder-ogg-vorbis: bf7c407c2cedff20999df2af8eb42d56 -> 
  custom:audio-encoder-webm-vorbis: bf7c407c2cedff20999df2af8eb42d56 -> 
========================================================================
Received Prepare
Begin MonoManager ReloadAssembly
- Loaded All Assemblies, in  0,316 seconds
Refreshing native plugins compatible for Editor in 1,48 ms, found 1 plugins.
Native extension for LinuxStandalone target not found
Native extension for WebGL target not found
[Package Manager] Server::EnsureServerProcessIsRunning -- launch failed, reason: Unity was launched with the -noUpm command-line argument
[Package Manager] UpmClient::Send -- Unable to send message (not connected to UPM process).
[Package Manager] Cannot connect to Unity Package Manager local server
Mono: successfully reloaded assembly
- Finished resetting the current domain, in  0,643 seconds
Domain Reload Profiling: 959ms
	BeginReloadAssembly (102ms)
		ExecutionOrderSort (0ms)
		DisableScriptedObjects (9ms)
		BackupInstance (0ms)
		ReleaseScriptingObjects (0ms)
		CreateAndSetChildDomain (31ms)
	RebuildCommonClasses (28ms)
	RebuildNativeTypeToScriptingClass (6ms)
	initialDomainReloadingComplete (21ms)
	LoadAllAssembliesAndSetupDomain (158ms)
		LoadAssemblies (171ms)
		RebuildTransferFunctionScriptingTraits (0ms)
		AnalyzeDomain (23ms)
			TypeCache.Refresh (9ms)
				TypeCache.ScanAssembly (1ms)
			ScanForSourceGeneratedMonoScriptInfo (9ms)
			ResolveRequiredComponents (4ms)
	FinalizeReload (643ms)
		ReleaseScriptCaches (0ms)
		RebuildScriptCaches (0ms)
		SetupLoadedEditorAssemblies (362ms)
			LogAssemblyErrors (0ms)
			InitializePlatformSupportModulesInManaged (5ms)
			SetLoadedEditorAssemblies (5ms)
			RefreshPlugins (0ms)
			BeforeProcessingInitializeOnLoad (59ms)
			ProcessInitializeOnLoadAttributes (261ms)
			ProcessInitializeOnLoadMethodAttributes (29ms)
			AfterProcessingInitializeOnLoad (3ms)
			EditorAssembliesLoaded (0ms)
		ExecutionOrderSort2 (0ms)
		AwakeInstancesAfterBackupRestoration (10ms)
Refreshing native plugins compatible for Editor in 1,29 ms, found 1 plugins.
Preloading 0 native plugins for Editor in 0,00 ms.
Unloading 4050 Unused Serialized files (Serialized files now loaded: 0)
Unloading 43 unused Assets / (155,9 KB). Loaded Objects now: 4560.
Memory consumption went from 135,4 MB to 135,3 MB.
Total: 5,417866 ms (FindLiveObjects: 0,451384 ms CreateObjectMapping: 0,287082 ms MarkObjects: 4,439663 ms  DeleteObjects: 0,237318 ms)

Prepare: number of updated asset objects reloaded= 0
AssetImportParameters requested are different than current active one (requested -> active):
  custom:container-demuxer-ogg: 62fdf1f143b41e24485cea50d1cbac27 -> 
  custom:video-decoder-ogg-theora: a1e56fd34408186e4bbccfd4996cb3dc -> 
  custom:CustomObjectIndexerAttribute: 306bfa6df2d96854e1ebb52f3ddacab7 -> 
  custom:container-demuxer-webm: 4f35f7cbe854078d1ac9338744f61a02 -> 
  custom:container-muxer-webm: aa71ff27fc2769a1b78a27578f13a17b -> 
  custom:video-decoder-webm-vp8: 9c59270c3fd7afecdb556c50c9e8de78 -> 
  custom:SearchIndexIgnoredProperties: e643bd26f0fe6173181afceb89e7c659 -> 
  custom:AudioImporter_EditorPlatform: 2f0ff77a95e0ac474e3e8eeba4e2f7cb -> 
  custom:video-encoder-webm-vp8: eb34c28f22e8b96e1ab97ce403110664 -> 
  custom:audio-decoder-ogg-vorbis: bf7c407c2cedff20999df2af8eb42d56 -> 
  custom:audio-encoder-webm-vorbis: bf7c407c2cedff20999df2af8eb42d56 -> 
